abort_travel_plan
accept_activity_invite
accept_activity_invite_without_travel
accept_invitation_for_character
activate_accolade
activate_holy_site
activate_struggle_catalyst
add_activity_log_entry
add_amenity_level
add_artifact_history
add_artifact_modifier
add_artifact_title_history
add_attacker
add_building
add_character_flag
add_character_modifier
add_companion
add_county_modifier
add_courtier
add_culture_tradition
add_defender
add_destination_progress
add_diplomacy_lifestyle_perk_points
add_diplomacy_lifestyle_xp
add_diplomacy_skill
add_doctrine
add_dread
add_durability
add_dynasty_modifier
add_dynasty_perk
add_dynasty_prestige
add_dynasty_prestige_level
add_faction_discontent
add_focus_progress
add_from_contribution_attackers
add_from_contribution_defenders
add_glory
add_gold
add_hook
add_hook_no_toast
add_house_artifact_claim
add_house_modifier
add_house_unity_modifier
add_innovation
add_internal_flag
add_intrigue_lifestyle_perk_points
add_intrigue_lifestyle_xp
add_intrigue_skill
add_joined_faction_discontent
add_knows_of_killer
add_learning_lifestyle_perk_points
add_learning_lifestyle_xp
add_learning_skill
add_long_term_gold
add_loot
add_martial_lifestyle_perk_points
add_martial_lifestyle_xp
add_martial_skill
add_name_list
add_opinion
add_perk
add_personal_artifact_claim
add_piety
add_piety_experience
add_piety_level
add_piety_no_experience
add_pressed_claim
add_prestige
add_prestige_experience
add_prestige_level
add_prestige_no_experience
add_province_modifier
add_prowess_skill
add_random_innovation
add_random_valid_tradition
add_random_valid_tradition_replace_if_necessary
add_realm_law
add_realm_law_skip_effects
add_relation_flag
add_reserved_gold
add_scheme_cooldown
add_scheme_modifier
add_scheme_progress
add_secret
add_secret_participant
add_short_term_gold
add_special_building
add_special_building_slot
add_stewardship_lifestyle_perk_points
add_stewardship_lifestyle_xp
add_stewardship_skill
add_stress
add_targeting_factions_discontent
add_title_law
add_title_law_effects
add_to_activity
add_to_activity_without_travel
add_to_current_phase_guest_subset
add_to_global_variable_list
add_to_guest_subset
add_to_list
add_to_local_variable_list
add_to_scheme
add_to_variable_list
add_trait
add_trait_force_tooltip
add_trait_xp
add_travel_option
add_travel_plan_modifier
add_travel_point_of_interest
add_travel_waypoint
add_truce_both_ways
add_truce_one_way
add_tyranny
add_unity_value
add_unpressed_claim
add_visiting_courtier
add_war_chest_gold
adopt
allow_alliance
allow_in_scheme
apply_ai_vassal_obligation_liege_most_desired
apply_ai_vassal_obligation_vassal_most_desired
appoint_court_position
assign_commander
assign_council_task
assign_councillor_type
banish
battle_event
becomes_independent
begin_create_holding
break_alliance
break_betrothal
cancel_travel_plan
cancel_truce_both_ways
cancel_truce_one_way
change_age
change_county_control
change_cultural_acceptance
change_current_court_grandeur
change_current_weight
change_de_jure_drift_progress
change_development_level
change_development_progress
change_development_progress_with_overflow
change_diarchy_swing
change_fervor
change_first_name
change_global_variable
change_government
change_inspiration_progress
change_liege
change_local_variable
change_prison_type
change_strife_opinion
change_struggle_phase
change_struggle_phase_duration
change_target_weight
change_title_holder
change_title_holder_include_vassals
change_trait_rank
change_variable
change_war_chest_gold
change_war_chest_piety
change_war_chest_prestige
clamp_global_variable
clamp_local_variable
clamp_variable
clear_artifact_modifiers
clear_claimant
clear_culture_traditions
clear_forced_vote
clear_global_variable_list
clear_local_variable_list
clear_saved_scope
clear_title_laws
clear_title_laws_effects
clear_traits
clear_variable_list
close_all_views
close_view
complete_activity_intent
complete_travel_plan
consume_banish_reasons
consume_divorce_reasons
consume_execute_reasons
consume_imprisonment_reasons
consume_revoke_title_reason
copy_all_traditions_from
copy_artifact_modifiers
copy_inheritable_appearance_from
copy_localized_text
copy_title_history
copy_traits
create_accolade
create_alliance
create_artifact
create_betrothal
create_betrothal_matrilineal
create_cadet_branch
create_character
create_character_memory
create_divergent_culture
create_divergent_culture_with_side_effects
create_divergent_culture_with_side_effects_excluding_cost
create_dynamic_title
create_faction
create_holy_order
create_hybrid_culture
create_hybrid_culture_with_side_effects
create_inspiration
create_story
create_title_and_vassal_change
custom_description_no_bullet
custom_label
deactivate_accolade
deactivate_holy_site
death
debug_log_date
debug_log_scopes
debug_trigger_event
decline_activity_invite
delay_travel_plan
depose
depose_diarch
designate_diarch
destroy_artifact
destroy_character_memory
destroy_faction
destroy_inspiration
destroy_owned_artifact
destroy_title
disable_exposure_by
divide_war_chest
divorce
do_ghw_title_handout
duel
end_diarchy
end_inspiration_sponsorship
end_pregnancy
end_scheme
end_story
end_struggle
end_war
equip_artifact_to_owner
equip_artifact_to_owner_replace
error_log
every_acclaimed_knight
every_accolade
every_accolade_type
every_active_accolade
every_activity
every_activity_phase_location
every_activity_phase_location_future
every_activity_phase_location_past
every_activity_type
every_alert_creatable_title
every_alert_usurpable_title
every_ally
every_ancestor
every_army
every_army_in_location
every_artifact
every_artifact_claimant
every_artifact_house_claimant
every_attending_character
every_barony
every_character_artifact
every_character_in_location
every_character_struggle
every_character_to_title_neighboring_and_across_water_county
every_character_to_title_neighboring_and_across_water_duchy
every_character_to_title_neighboring_and_across_water_empire
every_character_to_title_neighboring_and_across_water_kingdom
every_character_to_title_neighboring_county
every_character_to_title_neighboring_duchy
every_character_to_title_neighboring_empire
every_character_to_title_neighboring_kingdom
every_character_trait
every_character_war
every_character_with_royal_court
every_child
every_claim
every_claimant
every_claimed_artifact
every_close_family_member
every_close_or_extended_family_member
every_combat_side
every_concubine
every_connected_county
every_consort
every_controlled_faith
every_councillor
every_county
every_county_in_region
every_county_province
every_county_struggle
every_court_position_employer
every_court_position_holder
every_courtier
every_courtier_away
every_courtier_or_guest
every_culture_county
every_culture_duchy
every_culture_empire
every_culture_global
every_culture_kingdom
every_culture_pillar
every_culture_tradition
every_de_jure_claim
every_de_jure_county
every_de_jure_county_holder
every_de_jure_top_liege
every_decision
every_defensive_great_holy_wars
every_dejure_vassal_title_holder
every_diarchy_succession_character
every_diplomacy_councillor
every_direct_de_facto_vassal_title
every_direct_de_jure_vassal_title
every_directly_owned_province
every_doctrine
every_duchy
every_dynasty_member
every_election_candidate
every_election_title
every_elector
every_empire
every_entourage_character
every_equipped_character_artifact
every_extended_family_member
every_faction_county_member
every_faction_member
every_faith
every_faith_character
every_faith_holy_order
every_faith_playable_ruler
every_faith_ruler
every_foreign_court_guest
every_former_concubine
every_former_concubinist
every_former_spouse
every_future_path_location
every_general_councillor
every_government_type
every_guest_subset
every_guest_subset_current_phase
every_heir
every_heir_title
every_heir_to_title
every_held_title
every_hired_mercenary
every_holding_type
every_holy_site
every_home_court_hostage
every_hooked_character
every_hostile_raider
every_house_claimed_artifact
every_house_member
every_house_unity_member
every_in_de_facto_hierarchy
every_in_de_jure_hierarchy
every_in_global_list
every_in_list
every_in_local_list
every_independent_ruler
every_inspiration
every_inspired_character
every_interloper_ruler
every_intrigue_councillor
every_invited_activity
every_invited_character
every_involved_county
every_involved_ruler
every_killed_character
every_kingdom
every_knight
every_known_secret
every_learning_councillor
every_leased_title
every_liege_or_above
every_living_character
every_martial_councillor
every_memory
every_memory_participant
every_mercenary_company
every_neighboring_and_across_water_realm_same_rank_owner
every_neighboring_and_across_water_top_liege_realm
every_neighboring_and_across_water_top_liege_realm_owner
every_neighboring_county
every_neighboring_province
every_neighboring_realm_same_rank_owner
every_neighboring_top_liege_realm
every_neighboring_top_liege_realm_owner
every_open_invite_activity
every_opposite_sex_spouse_candidate
every_opposite_trait
every_owned_story
every_parent
every_parent_culture
every_parent_culture_or_above
every_participant
every_past_holder
every_past_holder_reversed
every_patroned_holy_order
every_personal_claimed_artifact
every_pinned_character
every_pinning_character
every_played_character
every_player
every_player_heir
every_pledged_attacker
every_pledged_defender
every_pool_character
every_pool_guest
every_potential_marriage_option
every_powerful_vassal
every_pretender_title
every_primary_war_enemy
every_prisoner
every_province
every_prowess_councillor
every_raid_target
every_realm_county
every_realm_de_jure_duchy
every_realm_de_jure_empire
every_realm_de_jure_kingdom
every_realm_province
every_relation
every_religion_global
every_ruler
every_same_sex_spouse_candidate
every_scheme
every_scheme_agent
every_secret
every_secret_knower
every_secret_participant
every_sibling
every_side_commander
every_side_knight
every_special_building_province
every_special_guest
every_sponsored_inspiration
every_spouse
every_spouse_candidate
every_stewardship_councillor
every_sub_realm_barony
every_sub_realm_county
every_sub_realm_duchy
every_sub_realm_empire
every_sub_realm_kingdom
every_sub_realm_title
every_target_title
every_targeting_faction
every_targeting_scheme
every_targeting_secret
every_tax_collector
every_tax_collector_vassal
every_tax_slot
every_tax_slot_vassal
every_this_title_or_de_jure_above
every_title_heir
every_title_joined_faction
every_title_to_title_neighboring_and_across_water_county
every_title_to_title_neighboring_and_across_water_duchy
every_title_to_title_neighboring_and_across_water_empire
every_title_to_title_neighboring_and_across_water_kingdom
every_title_to_title_neighboring_county
every_title_to_title_neighboring_duchy
every_title_to_title_neighboring_empire
every_title_to_title_neighboring_kingdom
every_tradition
every_trait
every_trait_in_category
every_traveling_family_member
every_truce_holder
every_truce_target
every_unassigned_taxpayers
every_unspent_known_secret
every_vassal
every_vassal_contract
every_vassal_or_below
every_visited_location
every_war_ally
every_war_attacker
every_war_defender
every_war_enemy
every_war_participant
every_warden_hostage
execute_decision
expose_scheme
expose_scheme_agent
expose_secret
faction_remove_war
faction_start_war
finish_council_task
fire_councillor
fire_tax_collector
forbid_from_scheme
force_add_to_scheme
force_character_skill_recalculation
force_vote_as
generate_building
generate_coa
get_all_innovations_from
get_random_innovation_from
get_title
give_nickname
hidden_effect
hidden_effect_new_object
imprison
invalidate_activity
invalidate_diarch_if_needed
invest_gold
invite_character_to_activity
invite_to_activity
join_era
join_faction
join_faction_forced
join_faction_skip_check
learn_court_language_of
learn_language
learn_language_of_culture
lease_out_to
leave_era
leave_faction
make_claim_strong
make_claim_weak
make_concubine
make_pregnant
make_pregnant_no_checks
make_story_owner
make_trait_active
make_trait_active_force_tooltip
make_trait_inactive
make_trait_inactive_force_tooltip
make_unprunable
marry
marry_matrilineal
move_budget_gold
move_to_pool
move_to_pool_at
multiply_focus_progress
open_appoint_court_position_window
open_interaction_window
open_view
open_view_data
ordered_acclaimed_knight
ordered_accolade
ordered_accolade_type
ordered_active_accolade
ordered_activity
ordered_activity_phase_location
ordered_activity_phase_location_future
ordered_activity_phase_location_past
ordered_activity_type
ordered_alert_creatable_title
ordered_alert_usurpable_title
ordered_ally
ordered_ancestor
ordered_army
ordered_army_in_location
ordered_artifact
ordered_artifact_claimant
ordered_artifact_house_claimant
ordered_attending_character
ordered_barony
ordered_character_artifact
ordered_character_in_location
ordered_character_struggle
ordered_character_to_title_neighboring_and_across_water_county
ordered_character_to_title_neighboring_and_across_water_duchy
ordered_character_to_title_neighboring_and_across_water_empire
ordered_character_to_title_neighboring_and_across_water_kingdom
ordered_character_to_title_neighboring_county
ordered_character_to_title_neighboring_duchy
ordered_character_to_title_neighboring_empire
ordered_character_to_title_neighboring_kingdom
ordered_character_trait
ordered_character_war
ordered_character_with_royal_court
ordered_child
ordered_claim
ordered_claimant
ordered_claimed_artifact
ordered_close_family_member
ordered_close_or_extended_family_member
ordered_combat_side
ordered_concubine
ordered_connected_county
ordered_consort
ordered_controlled_faith
ordered_councillor
ordered_county
ordered_county_in_region
ordered_county_province
ordered_county_struggle
ordered_court_position_employer
ordered_court_position_holder
ordered_courtier
ordered_courtier_away
ordered_courtier_or_guest
ordered_culture_county
ordered_culture_duchy
ordered_culture_empire
ordered_culture_global
ordered_culture_kingdom
ordered_culture_pillar
ordered_culture_tradition
ordered_de_jure_claim
ordered_de_jure_county
ordered_de_jure_county_holder
ordered_de_jure_top_liege
ordered_decision
ordered_defensive_great_holy_wars
ordered_dejure_vassal_title_holder
ordered_diarchy_succession_character
ordered_diplomacy_councillor
ordered_direct_de_facto_vassal_title
ordered_direct_de_jure_vassal_title
ordered_directly_owned_province
ordered_doctrine
ordered_duchy
ordered_dynasty_member
ordered_election_candidate
ordered_election_title
ordered_elector
ordered_empire
ordered_entourage_character
ordered_equipped_character_artifact
ordered_extended_family_member
ordered_faction_county_member
ordered_faction_member
ordered_faith
ordered_faith_character
ordered_faith_holy_order
ordered_faith_playable_ruler
ordered_faith_ruler
ordered_foreign_court_guest
ordered_former_concubine
ordered_former_concubinist
ordered_former_spouse
ordered_future_path_location
ordered_general_councillor
ordered_government_type
ordered_guest_subset
ordered_guest_subset_current_phase
ordered_heir
ordered_heir_title
ordered_heir_to_title
ordered_held_title
ordered_hired_mercenary
ordered_holding_type
ordered_holy_site
ordered_home_court_hostage
ordered_hooked_character
ordered_hostile_raider
ordered_house_claimed_artifact
ordered_house_member
ordered_house_unity_member
ordered_in_de_facto_hierarchy
ordered_in_de_jure_hierarchy
ordered_in_global_list
ordered_in_list
ordered_in_local_list
ordered_independent_ruler
ordered_inspiration
ordered_inspired_character
ordered_interloper_ruler
ordered_intrigue_councillor
ordered_invited_activity
ordered_invited_character
ordered_involved_county
ordered_involved_ruler
ordered_killed_character
ordered_kingdom
ordered_knight
ordered_known_secret
ordered_learning_councillor
ordered_leased_title
ordered_liege_or_above
ordered_living_character
ordered_martial_councillor
ordered_memory
ordered_memory_participant
ordered_mercenary_company
ordered_neighboring_and_across_water_realm_same_rank_owner
ordered_neighboring_and_across_water_top_liege_realm
ordered_neighboring_and_across_water_top_liege_realm_owner
ordered_neighboring_county
ordered_neighboring_province
ordered_neighboring_realm_same_rank_owner
ordered_neighboring_top_liege_realm
ordered_neighboring_top_liege_realm_owner
ordered_open_invite_activity
ordered_opposite_sex_spouse_candidate
ordered_opposite_trait
ordered_owned_story
ordered_parent
ordered_parent_culture
ordered_parent_culture_or_above
ordered_past_holder
ordered_past_holder_reversed
ordered_patroned_holy_order
ordered_personal_claimed_artifact
ordered_pinned_character
ordered_pinning_character
ordered_played_character
ordered_player
ordered_player_heir
ordered_pledged_attacker
ordered_pledged_defender
ordered_pool_character
ordered_pool_guest
ordered_potential_marriage_option
ordered_powerful_vassal
ordered_pretender_title
ordered_primary_war_enemy
ordered_prisoner
ordered_province
ordered_prowess_councillor
ordered_raid_target
ordered_realm_county
ordered_realm_de_jure_duchy
ordered_realm_de_jure_empire
ordered_realm_de_jure_kingdom
ordered_realm_province
ordered_relation
ordered_religion_global
ordered_ruler
ordered_same_sex_spouse_candidate
ordered_scheme
ordered_scheme_agent
ordered_secret
ordered_secret_knower
ordered_secret_participant
ordered_sibling
ordered_side_commander
ordered_side_knight
ordered_special_building_province
ordered_special_guest
ordered_sponsored_inspiration
ordered_spouse
ordered_spouse_candidate
ordered_stewardship_councillor
ordered_sub_realm_barony
ordered_sub_realm_county
ordered_sub_realm_duchy
ordered_sub_realm_empire
ordered_sub_realm_kingdom
ordered_sub_realm_title
ordered_target_title
ordered_targeting_faction
ordered_targeting_scheme
ordered_targeting_secret
ordered_tax_collector
ordered_tax_collector_vassal
ordered_tax_slot
ordered_tax_slot_vassal
ordered_this_title_or_de_jure_above
ordered_title_heir
ordered_title_joined_faction
ordered_title_to_title_neighboring_and_across_water_county
ordered_title_to_title_neighboring_and_across_water_duchy
ordered_title_to_title_neighboring_and_across_water_empire
ordered_title_to_title_neighboring_and_across_water_kingdom
ordered_title_to_title_neighboring_county
ordered_title_to_title_neighboring_duchy
ordered_title_to_title_neighboring_empire
ordered_title_to_title_neighboring_kingdom
ordered_tradition
ordered_trait
ordered_trait_in_category
ordered_traveling_family_member
ordered_truce_holder
ordered_truce_target
ordered_unassigned_taxpayers
ordered_unspent_known_secret
ordered_vassal
ordered_vassal_contract
ordered_vassal_or_below
ordered_visited_location
ordered_war_ally
ordered_war_attacker
ordered_war_defender
ordered_war_enemy
ordered_war_participant
ordered_warden_hostage
pan_camera_to_province
pan_camera_to_title
pause_travel_plan
pause_travel_plan_mp
pay_long_term_gold
pay_long_term_income
pay_reserved_gold
pay_reserved_income
pay_short_term_gold
pay_short_term_income
pay_war_chest_gold
pay_war_chest_income
play_music_cue
play_sound_effect
pledge_attacker
pledge_defender
progress_activity_phase_after
random
random_acclaimed_knight
random_accolade
random_accolade_type
random_active_accolade
random_activity
random_activity_phase_location
random_activity_phase_location_future
random_activity_phase_location_past
random_activity_type
random_alert_creatable_title
random_alert_usurpable_title
random_ally
random_ancestor
random_army
random_army_in_location
random_artifact
random_artifact_claimant
random_artifact_house_claimant
random_attending_character
random_barony
random_character_artifact
random_character_in_location
random_character_struggle
random_character_to_title_neighboring_and_across_water_county
random_character_to_title_neighboring_and_across_water_duchy
random_character_to_title_neighboring_and_across_water_empire
random_character_to_title_neighboring_and_across_water_kingdom
random_character_to_title_neighboring_county
random_character_to_title_neighboring_duchy
random_character_to_title_neighboring_empire
random_character_to_title_neighboring_kingdom
random_character_trait
random_character_war
random_character_with_royal_court
random_child
random_claim
random_claimant
random_claimed_artifact
random_close_family_member
random_close_or_extended_family_member
random_combat_side
random_concubine
random_connected_county
random_consort
random_controlled_faith
random_councillor
random_county
random_county_in_region
random_county_province
random_county_struggle
random_court_position_employer
random_court_position_holder
random_courtier
random_courtier_away
random_courtier_or_guest
random_culture_county
random_culture_duchy
random_culture_empire
random_culture_global
random_culture_kingdom
random_culture_pillar
random_culture_tradition
random_de_jure_claim
random_de_jure_county
random_de_jure_county_holder
random_de_jure_top_liege
random_decision
random_defensive_great_holy_wars
random_dejure_vassal_title_holder
random_diarchy_succession_character
random_diplomacy_councillor
random_direct_de_facto_vassal_title
random_direct_de_jure_vassal_title
random_directly_owned_province
random_doctrine
random_duchy
random_dynasty_member
random_election_candidate
random_election_title
random_elector
random_empire
random_entourage_character
random_equipped_character_artifact
random_extended_family_member
random_faction_county_member
random_faction_member
random_faith
random_faith_character
random_faith_holy_order
random_faith_playable_ruler
random_faith_ruler
random_foreign_court_guest
random_former_concubine
random_former_concubinist
random_former_spouse
random_future_path_location
random_general_councillor
random_government_type
random_guest_subset
random_guest_subset_current_phase
random_heir
random_heir_title
random_heir_to_title
random_held_title
random_hired_mercenary
random_holding_type
random_holy_site
random_home_court_hostage
random_hooked_character
random_hostile_raider
random_house_claimed_artifact
random_house_member
random_house_unity_member
random_in_de_facto_hierarchy
random_in_de_jure_hierarchy
random_in_global_list
random_in_list
random_in_local_list
random_independent_ruler
random_inspiration
random_inspired_character
random_interloper_ruler
random_intrigue_councillor
random_invited_activity
random_invited_character
random_involved_county
random_involved_ruler
random_killed_character
random_kingdom
random_knight
random_known_secret
random_learning_councillor
random_leased_title
random_liege_or_above
random_list
random_living_character
random_log_scopes
random_martial_councillor
random_memory
random_memory_participant
random_mercenary_company
random_neighboring_and_across_water_realm_same_rank_owner
random_neighboring_and_across_water_top_liege_realm
random_neighboring_and_across_water_top_liege_realm_owner
random_neighboring_county
random_neighboring_province
random_neighboring_realm_same_rank_owner
random_neighboring_top_liege_realm
random_neighboring_top_liege_realm_owner
random_open_invite_activity
random_opposite_sex_spouse_candidate
random_opposite_trait
random_owned_story
random_parent
random_parent_culture
random_parent_culture_or_above
random_past_holder
random_past_holder_reversed
random_patroned_holy_order
random_personal_claimed_artifact
random_pinned_character
random_pinning_character
random_played_character
random_player
random_player_heir
random_pledged_attacker
random_pledged_defender
random_pool_character
random_pool_guest
random_potential_marriage_option
random_powerful_vassal
random_pretender_title
random_primary_war_enemy
random_prisoner
random_province
random_prowess_councillor
random_raid_target
random_realm_county
random_realm_de_jure_duchy
random_realm_de_jure_empire
random_realm_de_jure_kingdom
random_realm_province
random_relation
random_religion_global
random_ruler
random_same_sex_spouse_candidate
random_scheme
random_scheme_agent
random_secret
random_secret_knower
random_secret_participant
random_sibling
random_side_commander
random_side_knight
random_special_building_province
random_special_guest
random_sponsored_inspiration
random_spouse
random_spouse_candidate
random_stewardship_councillor
random_sub_realm_barony
random_sub_realm_county
random_sub_realm_duchy
random_sub_realm_empire
random_sub_realm_kingdom
random_sub_realm_title
random_target_title
random_targeting_faction
random_targeting_scheme
random_targeting_secret
random_tax_collector
random_tax_collector_vassal
random_tax_slot
random_tax_slot_vassal
random_this_title_or_de_jure_above
random_title_heir
random_title_joined_faction
random_title_to_title_neighboring_and_across_water_county
random_title_to_title_neighboring_and_across_water_duchy
random_title_to_title_neighboring_and_across_water_empire
random_title_to_title_neighboring_and_across_water_kingdom
random_title_to_title_neighboring_county
random_title_to_title_neighboring_duchy
random_title_to_title_neighboring_empire
random_title_to_title_neighboring_kingdom
random_tradition
random_trait
random_trait_in_category
random_traveling_family_member
random_truce_holder
random_truce_target
random_unassigned_taxpayers
random_unspent_known_secret
random_vassal
random_vassal_contract
random_vassal_or_below
random_visited_location
random_war_ally
random_war_attacker
random_war_defender
random_war_enemy
random_war_participant
random_warden_hostage
refill_garrison
refill_levy
reforge_artifact
refund_all_perks
refund_perks
release_from_prison
remove_acclaimed_knight
remove_all_character_modifier_instances
remove_all_county_modifier_instances
remove_all_dynasty_modifier_instances
remove_all_house_modifier_instances
remove_all_house_unity_modifier_instances
remove_all_province_modifier_instances
remove_all_travel_plan_modifier_instances
remove_artifact_feature_group
remove_artifact_modifier
remove_building
remove_character
remove_character_flag
remove_character_modifier
remove_character_secret_faith
remove_claim
remove_commander
remove_concubine
remove_county_modifier
remove_courtier_or_guest
remove_culture_tradition
remove_decision_cooldown
remove_doctrine
remove_dynasty_modifier
remove_dynasty_perk
remove_from_activity
remove_from_current_phase_guest_subset
remove_from_guest_subset
remove_from_list
remove_global_variable
remove_holding
remove_hook
remove_house_artifact_claim
remove_house_modifier
remove_house_unity_modifier
remove_innovation
remove_interaction_cooldown
remove_interaction_cooldown_against
remove_list_global_variable
remove_list_local_variable
remove_list_variable
remove_local_variable
remove_localized_text
remove_long_term_gold
remove_nickname
remove_opinion
remove_participant
remove_perk
remove_personal_artifact_claim
remove_province_modifier
remove_random_culture_tradition
remove_realm_law
remove_relation_activity_recurrer
remove_relation_antiquarian
remove_relation_best_friend
remove_relation_bully
remove_relation_court_physician
remove_relation_crush
remove_relation_flag
remove_relation_friend
remove_relation_guardian
remove_relation_intrigue_mentor
remove_relation_intrigue_student
remove_relation_lover
remove_relation_mentor
remove_relation_nemesis
remove_relation_nursed_child
remove_relation_oaf
remove_relation_potential_friend
remove_relation_potential_hook
remove_relation_potential_lover
remove_relation_potential_rival
remove_relation_rival
remove_relation_soldier_friend
remove_relation_soulmate
remove_relation_student
remove_relation_victim
remove_relation_ward
remove_relation_wedding_bad_fertility
remove_relation_wedding_good_fertility
remove_relation_wedding_very_bad_fertility
remove_relation_wedding_very_good_fertility
remove_relation_wet_nurse
remove_religious_head_title
remove_reserved_gold
remove_scheme_cooldown_against
remove_scheme_modifier
remove_secret
remove_short_term_gold
remove_special_character
remove_special_title
remove_title_law
remove_title_law_effects
remove_trait
remove_trait_force_tooltip
remove_travel_option
remove_travel_plan_modifier
remove_travel_point_of_interest
remove_variable
remove_war_chest_gold
replace_court_position
reroute_to_home
reset_beneficiary
reset_coa
reset_culture_creation_date
reset_designated_winner
reset_title_name
reset_title_prefix
resolve_title_and_vassal_change
resume_travel_plan
resume_travel_plan_mp
return_hostage
return_to_court
reveal_to
reverse_add_opinion
revoke_court_position
revoke_lease
round_global_variable
round_local_variable
round_variable
run_interaction
save_opinion_value_as
save_scope_as
save_scope_value_as
scheme_freeze
scheme_unfreeze
scriptedtests_recalculate_character_modifier
scriptedtests_recalculate_succession
send_interface_message
send_interface_toast
set_absolute_country_control
set_activity_host
set_age
set_always_follows_primary_heir
set_amenity_level
set_army_location
set_artifact_description
set_artifact_feature
set_artifact_feature_group
set_artifact_name
set_artifact_rarity
set_beneficiary
set_called_to
set_can_be_named_after_dynasty
set_capital_barony
set_capital_county
set_casus_belli
set_character_faith
set_character_faith_history
set_character_faith_with_conversion
set_character_secret_faith
set_child_of_concubine_on_pregnancy
set_coa
set_color_from_title
set_council_task
set_county_culture
set_county_faith
set_court_language
set_court_type
set_cultural_acceptance
set_culture
set_culture_as_involved
set_culture_as_uninvolved
set_culture_name
set_culture_pillar
set_culture_same_as
set_current_court_grandeur
set_de_jure_liege_title
set_death_reason
set_default_education
set_definitive_form
set_delete_on_destroy
set_designated_heir
set_designated_winner
set_destroy_if_invalid_heir
set_destroy_on_gain_same_tier
set_destroy_on_succession
set_diarch
set_diarchy_mandate
set_diarchy_swing
set_diarchy_type
set_dynasty_name
set_employer
set_ethos_from
set_faith_as_involved
set_faith_as_uninvolved
set_father
set_focus
set_focus_progress
set_generated_asexuality_chance
set_generated_bisexuality_chance
set_generated_homosexuality_chance
set_global_variable
set_great_holy_war_target
set_heritage_from
set_holding_type
set_house
set_house_head
set_house_name
set_house_name_from_dynasty
set_house_name_from_house
set_immortal_age
set_killer_public
set_knight_status
set_known_bastard_on_pregnancy
set_landless_title
set_language_from
set_local_variable
set_location
set_location_to_default
set_martial_custom_from
set_max_durability
set_mother
set_name_list
set_no_automatic_claims
set_num_pregnancy_children
set_override_designated_winner
set_owner
set_player_character
set_pregnancy_assumed_father
set_pregnancy_gender
set_primary_spouse
set_primary_title_to
set_real_father
set_real_mother
set_realm_capital
set_relation_activity_recurrer
set_relation_antiquarian
set_relation_best_friend
set_relation_bully
set_relation_court_physician
set_relation_crush
set_relation_friend
set_relation_guardian
set_relation_intrigue_mentor
set_relation_intrigue_student
set_relation_lover
set_relation_mentor
set_relation_nemesis
set_relation_nursed_child
set_relation_oaf
set_relation_potential_friend
set_relation_potential_hook
set_relation_potential_lover
set_relation_potential_rival
set_relation_rival
set_relation_soldier_friend
set_relation_soulmate
set_relation_student
set_relation_victim
set_relation_ward
set_relation_wedding_bad_fertility
set_relation_wedding_good_fertility
set_relation_wedding_very_bad_fertility
set_relation_wedding_very_good_fertility
set_relation_wet_nurse
set_religious_head_title
set_reserved_gold_maximum
set_secret_owner
set_sexuality
set_should_decay
set_special_character
set_special_title
set_title_name
set_title_prefix
set_to_lowborn
set_trait_rank
set_travel_leader
set_travel_plan_owner
set_variable
set_vassal_contract_modification_blocked
set_war_declarer
setup_claim_cb
setup_de_jure_cb
setup_invasion_cb
show_as_tooltip
skip_activity_phase
spawn_army
spend_by
sponsor_inspiration
start_default_task
start_diarchy
start_ghw_war
start_great_holy_war
start_scheme
start_struggle
start_travel_plan
start_tutorial_lesson
start_war
store_localized_text_in_death
stress_impact
take_hostage
title_create_faction
title_join_faction
title_leave_faction
trigger_event
try_create_important_action
try_create_suggestion
unequip_artifact_from_owner
unlearn_court_language_of
unlearn_language
unlearn_language_of_culture
unpledge_attacker
unpledge_defender
update_dynamic_coa
use_hook
vassal_contract_decrease_obligation_level
vassal_contract_increase_obligation_level
vassal_contract_set_obligation_level
visit_court_of
