@accolade_type
@activity_type
@aptitude
@array_define
@character
@council_task
@court_position
@cp
@culture
@culture_pillar
@culture_tradition
@decision
@define
@doctrine
@dynasty
@epidemic_type
@faith
@flag
@geographical_region
@global_var
@government_type
@holding_type
@house
@legend_property
@legend_type
@local_var
@memory_participant
@province
@religion
@scope
@special_guest
@struggle
@title
@trait
@var
@vassal_contract
acclaimed_knight
accolade
accolade_owner
accolade_successor
activity_host
activity_location
activity_type
army_commander
army_owner
artifact_age
artifact_owner
assigned_tax_slot
barony
barony_controller
betrothed
calc_culture_dominant_faith
calc_culture_dominant_religion
capital_barony
capital_county
capital_province
capital_vassal
casus_belli
claimant
combat
combat_attacker
combat_defender
combat_war
commanding_army
concubinist
council_task
councillor
councillor_task_target
county
county_controller
court_owner
creator
culture
culture_head
current_heir
current_location
current_or_last_legend_owner
current_travel_plan
de_facto_liege
de_jure_liege
default_location
departure_location
designated_diarch
designated_heir
diarch
diarchy_successor
duchy
dummy_female
dummy_male
dynast
dynasty
dynasty_founder
empire
employer
enemy_side
epidemic_trait
epidemic_type
event_id
faction_leader
faction_target
faction_war
faith
father
final_destination_province
founder
founder_culture
founder_dynasty
founder_faith
founder_house
ghw_beneficiary
ghw_designated_winner
ghw_target_character
ghw_target_title
ghw_title_recipient
ghw_war
ghw_war_declarer
great_holy_war
holder
holy_order_patron
home_court
host
house
house_founder
house_head
imprisoner
inspiration
inspiration_owner
inspiration_sponsor
intent_target
involved_activity
joined_faction
killer
kingdom
knight_army
last_house_head
last_played_character
leader
legend_owner
legend_protagonist
legend_type
lessee
lessee_title
liege
liege_or_court_owner
location
matchmaker
memory_owner
mercenary_company_leader
mother
next_destination_province
next_location
outbreak_province
player_heir
pregnancy_assumed_father
pregnancy_real_father
previous_holder
previous_owner
previous_owner_level_2
previous_owner_level_3
primary_attacker
primary_defender
primary_heir
primary_partner
primary_spouse
primary_title
primary_type
promoted_legend
province_owner
real_father
real_mother
realm_priest
religion
religious_head
religious_head_title
scheme_artifact
scheme_defender
scheme_owner
scheme_target
secondary_type
secret_faith
secret_owner
secret_target
side_commander
side_primary_participant
special_character
special_title
story_owner
tax_collector
tax_slot
tax_slot_liege
title
title_capital_county
title_province
top_liege
travel_leader
travel_plan_activity
travel_plan_owner
vassal_contract_type
vassal_tax_collector
war
warden
