abduct_enemy_scheme_phase_duration_add
abduct_scheme_phase_duration_add
accolade_glory_gain_mult
active_accolades
adamites_opinion
additional_fort_level
administrative_government_levy_contribution_add
administrative_government_levy_contribution_mult
administrative_government_opinion
administrative_government_opinion_same_faith
administrative_government_tax_contribution_add
administrative_government_tax_contribution_mult
administrative_government_vassal_opinion
adoptionist_opinion
adult_health
advaitism_opinion
advantage
advantage_against_coreligionists
afar_opinion
afghan_opinion
afridunism_opinion
ai_amenity_spending
ai_amenity_target_baseline
ai_boldness
ai_compassion
ai_energy
ai_greed
ai_honor
ai_rationality
ai_sociability
ai_vengefulness
ai_war_chance
ai_war_cooldown
ai_zeal
akan_opinion
akom_pagan_opinion
akom_religion_opinion
alan_opinion
alawite_opinion
albanian_opinion
alevi_opinion
ancient_egyptian_opinion
andalusian_opinion
anglo_saxon_opinion
aragonese_opinion
archer_cavalry_damage_add
archer_cavalry_damage_mult
archer_cavalry_maintenance_mult
archer_cavalry_max_size_add
archer_cavalry_max_size_mult
archer_cavalry_pursuit_add
archer_cavalry_pursuit_mult
archer_cavalry_recruitment_cost_mult
archer_cavalry_screen_add
archer_cavalry_screen_mult
archer_cavalry_siege_value_add
archer_cavalry_siege_value_mult
archer_cavalry_toughness_add
archer_cavalry_toughness_mult
archers_damage_add
archers_damage_mult
archers_maintenance_mult
archers_max_size_add
archers_max_size_mult
archers_pursuit_add
archers_pursuit_mult
archers_recruitment_cost_mult
archers_screen_add
archers_screen_mult
archers_siege_value_add
archers_siege_value_mult
archers_toughness_add
archers_toughness_mult
ari_opinion
armenian_apostolic_opinion
armenian_opinion
army_damage_mult
army_maintenance_mult
army_pursuit_mult
army_screen_mult
army_siege_value_mult
army_toughness_mult
artifact_decay_reduction_mult
ashari_opinion
ashkenazi_opinion
assamese_opinion
assyrian_opinion
asturleonese_opinion
attacker_advantage
attraction_opinion
avar_opinion
azariqa_opinion
baloch_opinion
baltic_pagan_opinion
baltic_religion_opinion
baranis_opinion
barons_and_minor_landholders_ai_boldness
barons_and_minor_landholders_ai_compassion
barons_and_minor_landholders_ai_energy
barons_and_minor_landholders_ai_greed
barons_and_minor_landholders_ai_honor
barons_and_minor_landholders_ai_rationality
barons_and_minor_landholders_ai_sociability
barons_and_minor_landholders_ai_vengefulness
barons_and_minor_landholders_ai_zeal
barons_and_minor_landholders_different_culture_opinion
barons_and_minor_landholders_different_faith_opinion
barons_and_minor_landholders_levy_contribution_add
barons_and_minor_landholders_levy_contribution_mult
barons_and_minor_landholders_opinion
barons_and_minor_landholders_same_culture_opinion
barons_and_minor_landholders_same_faith_opinion
barons_and_minor_landholders_tax_contribution_add
barons_and_minor_landholders_tax_contribution_mult
bashkir_opinion
basque_opinion
basque_pagan_opinion
basque_religion_opinion
bavarian_opinion
bavlim_opinion
bedouin_opinion
befriend_enemy_scheme_phase_duration_add
befriend_scheme_phase_duration_add
beja_opinion
bengali_opinion
black_sea_coast_region_development_growth
black_sea_coast_region_development_growth_factor
bobo_opinion
bodpa_opinion
bogomilist_opinion
bolghar_opinion
bon_opinion
bon_religion_opinion
bosnian_church_opinion
bosnian_opinion
bozo_opinion
brahui_opinion
breton_opinion
buddhism_religion_opinion
build_gold_cost
build_piety_cost
build_prestige_cost
build_speed
building_slot_add
bulgarian_opinion
burmese_opinion
buryat_opinion
butr_opinion
cainitism_opinion
camel_cavalry_damage_add
camel_cavalry_damage_mult
camel_cavalry_maintenance_mult
camel_cavalry_max_size_add
camel_cavalry_max_size_mult
camel_cavalry_pursuit_add
camel_cavalry_pursuit_mult
camel_cavalry_recruitment_cost_mult
camel_cavalry_screen_add
camel_cavalry_screen_mult
camel_cavalry_siege_value_add
camel_cavalry_siege_value_mult
camel_cavalry_toughness_add
camel_cavalry_toughness_mult
carantanian_opinion
castilian_opinion
castle_holding_build_gold_cost
castle_holding_build_piety_cost
castle_holding_build_prestige_cost
castle_holding_build_speed
castle_holding_holding_build_gold_cost
castle_holding_holding_build_piety_cost
castle_holding_holding_build_prestige_cost
castle_holding_holding_build_speed
catalan_opinion
cathar_opinion
catholic_opinion
challenge_status_enemy_scheme_phase_duration_add
challenge_status_scheme_phase_duration_add
character_capital_county_monthly_development_growth_add
character_travel_safety
character_travel_safety_mult
character_travel_speed
character_travel_speed_mult
charioteer_blue_xp_degradation_mult
charioteer_blue_xp_gain_mult
charioteer_blue_xp_loss_mult
charioteer_green_xp_degradation_mult
charioteer_green_xp_gain_mult
charioteer_green_xp_loss_mult
charioteer_red_xp_degradation_mult
charioteer_red_xp_gain_mult
charioteer_red_xp_loss_mult
charioteer_white_xp_degradation_mult
charioteer_white_xp_gain_mult
charioteer_white_xp_loss_mult
child_except_player_heir_opinion
child_health
child_opinion
christianity_religion_opinion
church_holding_build_gold_cost
church_holding_build_piety_cost
church_holding_build_prestige_cost
church_holding_build_speed
church_holding_holding_build_gold_cost
church_holding_holding_build_piety_cost
church_holding_holding_build_prestige_cost
church_holding_holding_build_speed
chuvash_opinion
cisalpine_opinion
city_holding_build_gold_cost
city_holding_build_piety_cost
city_holding_build_prestige_cost
city_holding_build_speed
city_holding_holding_build_gold_cost
city_holding_holding_build_piety_cost
city_holding_holding_build_prestige_cost
city_holding_holding_build_speed
claim_throne_enemy_scheme_phase_duration_add
claim_throne_scheme_phase_duration_add
clan_government_levy_contribution_add
clan_government_levy_contribution_mult
clan_government_opinion
clan_government_opinion_same_faith
clan_government_tax_contribution_add
clan_government_tax_contribution_mult
clan_government_vassal_opinion
clan_tax_slot_add
clergy_opinion
close_relative_opinion
coastal_advantage
coastal_sea_advantage
coastal_sea_attrition_mult
coastal_sea_cancel_negative_supply
coastal_sea_construction_gold_cost
coastal_sea_construction_piety_cost
coastal_sea_construction_prestige_cost
coastal_sea_development_growth
coastal_sea_development_growth_factor
coastal_sea_holding_construction_gold_cost
coastal_sea_holding_construction_piety_cost
coastal_sea_holding_construction_prestige_cost
coastal_sea_levy_size
coastal_sea_max_combat_roll
coastal_sea_min_combat_roll
coastal_sea_provisions_use_mult
coastal_sea_supply_limit
coastal_sea_supply_limit_mult
coastal_sea_tax_mult
coastal_sea_travel_danger
contract_scheme_phase_duration_add
controlled_province_advantage
conversos_opinion
convert_to_witchcraft_enemy_scheme_phase_duration_add
convert_to_witchcraft_scheme_phase_duration_add
coptic_opinion
cornish_opinion
councillor_opinion
counter_efficiency
counter_resistance
county_opinion_add
county_opinion_add_even_if_baron
court_grandeur_baseline_add
courtier_and_guest_opinion
courtier_opinion
courting_enemy_scheme_phase_duration_add
courting_scheme_phase_duration_add
courtly_ai_boldness
courtly_ai_compassion
courtly_ai_energy
courtly_ai_greed
courtly_ai_honor
courtly_ai_rationality
courtly_ai_sociability
courtly_ai_vengefulness
courtly_ai_zeal
courtly_different_culture_opinion
courtly_different_faith_opinion
courtly_levy_contribution_add
courtly_levy_contribution_mult
courtly_opinion
courtly_same_culture_opinion
courtly_same_faith_opinion
courtly_tax_contribution_add
courtly_tax_contribution_mult
cowed_vassal_levy_contribution_add
cowed_vassal_levy_contribution_mult
cowed_vassal_tax_contribution_add
cowed_vassal_tax_contribution_mult
croatian_opinion
cultural_acceptance_gain_mult
cultural_head_acceptance_gain_mult
cultural_head_fascination_add
cultural_head_fascination_mult
culture_tradition_max_add
cuman_opinion
cumbrian_opinion
czech_opinion
daju_opinion
damage_legitimacy_scheme_enemy_scheme_phase_duration_add
damage_legitimacy_scheme_scheme_phase_duration_add
danish_opinion
daylamite_opinion
defender_advantage
defender_holding_advantage
defender_winter_advantage
depose_enemy_scheme_phase_duration_add
depose_scheme_phase_duration_add
desert_advantage
desert_attrition_mult
desert_cancel_negative_supply
desert_construction_gold_cost
desert_construction_piety_cost
desert_construction_prestige_cost
desert_development_growth
desert_development_growth_factor
desert_holding_construction_gold_cost
desert_holding_construction_piety_cost
desert_holding_construction_prestige_cost
desert_levy_size
desert_max_combat_roll
desert_min_combat_roll
desert_mountains_advantage
desert_mountains_attrition_mult
desert_mountains_cancel_negative_supply
desert_mountains_construction_gold_cost
desert_mountains_construction_piety_cost
desert_mountains_construction_prestige_cost
desert_mountains_development_growth
desert_mountains_development_growth_factor
desert_mountains_holding_construction_gold_cost
desert_mountains_holding_construction_piety_cost
desert_mountains_holding_construction_prestige_cost
desert_mountains_levy_size
desert_mountains_max_combat_roll
desert_mountains_min_combat_roll
desert_mountains_provisions_use_mult
desert_mountains_supply_limit
desert_mountains_supply_limit_mult
desert_mountains_tax_mult
desert_mountains_travel_danger
desert_provisions_use_mult
desert_supply_limit
desert_supply_limit_mult
desert_tax_mult
desert_travel_danger
development_decline
development_decline_factor
development_growth
development_growth_factor
different_culture_opinion
different_faith_county_opinion_mult
different_faith_county_opinion_mult_even_if_baron
different_faith_liege_opinion
different_faith_opinion
digambara_opinion
diplomacy
diplomacy_lifestyle_xp_gain_add
diplomacy_lifestyle_xp_gain_mult
diplomacy_per_influence_level
diplomacy_per_piety_level
diplomacy_per_prestige_level
diplomacy_per_stress_level
diplomacy_scheme_phase_duration
diplomacy_scheme_resistance
diplomatic_range_mult
direct_vassal_opinion
dispute_border_enemy_scheme_phase_duration_add
dispute_border_scheme_phase_duration_add
domain_limit
domain_tax_different_faith_mult
domain_tax_different_faith_mult_even_if_baron
domain_tax_mult
domain_tax_mult_even_if_baron
domain_tax_same_faith_mult
domain_tax_same_faith_mult_even_if_baron
domicile_build_gold_cost
domicile_build_speed
domicile_external_slots_capacity_add
domicile_monthly_gold_add
domicile_monthly_gold_mult
domicile_monthly_influence_add
domicile_monthly_influence_mult
domicile_monthly_piety_add
domicile_monthly_piety_mult
domicile_monthly_prestige_add
domicile_monthly_prestige_mult
domicile_travel_speed
donyipoloism_opinion
dread_baseline_add
dread_decay_add
dread_decay_mult
dread_gain_mult
dread_loss_mult
dread_per_tyranny_add
dread_per_tyranny_mult
druze_opinion
drylands_advantage
drylands_attrition_mult
drylands_cancel_negative_supply
drylands_construction_gold_cost
drylands_construction_piety_cost
drylands_construction_prestige_cost
drylands_development_growth
drylands_development_growth_factor
drylands_holding_construction_gold_cost
drylands_holding_construction_piety_cost
drylands_holding_construction_prestige_cost
drylands_levy_size
drylands_max_combat_roll
drylands_min_combat_roll
drylands_provisions_use_mult
drylands_supply_limit
drylands_supply_limit_mult
drylands_tax_mult
drylands_travel_danger
dualism_religion_opinion
dutch_opinion
dynasty_house_opinion
dynasty_opinion
east_bantu_opinion
edo_opinion
egyptian_opinion
elderly_health
elephant_cavalry_damage_add
elephant_cavalry_damage_mult
elephant_cavalry_maintenance_mult
elephant_cavalry_max_size_add
elephant_cavalry_max_size_mult
elephant_cavalry_pursuit_add
elephant_cavalry_pursuit_mult
elephant_cavalry_recruitment_cost_mult
elephant_cavalry_screen_add
elephant_cavalry_screen_mult
elephant_cavalry_siege_value_add
elephant_cavalry_siege_value_mult
elephant_cavalry_toughness_add
elephant_cavalry_toughness_mult
eligible_child_except_player_heir_opinion
eligible_child_opinion
elope_enemy_scheme_phase_duration_add
elope_scheme_phase_duration_add
embarkation_cost_mult
enemy_contract_scheme_phase_duration_add
enemy_contract_scheme_success_chance_add
enemy_contract_scheme_success_chance_growth_add
enemy_contract_scheme_success_chance_max_add
enemy_hard_casualty_modifier
enemy_hostile_scheme_phase_duration_add
enemy_hostile_scheme_success_chance_add
enemy_hostile_scheme_success_chance_growth_add
enemy_hostile_scheme_success_chance_max_add
enemy_personal_scheme_phase_duration_add
enemy_personal_scheme_success_chance_add
enemy_personal_scheme_success_chance_growth_add
enemy_personal_scheme_success_chance_max_add
enemy_political_scheme_phase_duration_add
enemy_political_scheme_success_chance_add
enemy_political_scheme_success_chance_growth_add
enemy_political_scheme_success_chance_max_add
enemy_scheme_secrecy_add
enemy_terrain_advantage
english_opinion
epidemic_resistance
epidemic_travel_danger
estonian_opinion
ethiopian_opinion
ewe_opinion
expand_power_base_enemy_scheme_phase_duration_add
expand_power_base_scheme_phase_duration_add
fabricate_hook_enemy_scheme_phase_duration_add
fabricate_hook_scheme_phase_duration_add
faith_conversion_piety_cost_add
faith_conversion_piety_cost_mult
faith_creation_piety_cost_add
faith_creation_piety_cost_mult
farmlands_advantage
farmlands_attrition_mult
farmlands_cancel_negative_supply
farmlands_construction_gold_cost
farmlands_construction_piety_cost
farmlands_construction_prestige_cost
farmlands_development_growth
farmlands_development_growth_factor
farmlands_holding_construction_gold_cost
farmlands_holding_construction_piety_cost
farmlands_holding_construction_prestige_cost
farmlands_levy_size
farmlands_max_combat_roll
farmlands_min_combat_roll
farmlands_provisions_use_mult
farmlands_supply_limit
farmlands_supply_limit_mult
farmlands_tax_mult
farmlands_travel_danger
fellow_vassal_opinion
fertility
feudal_government_levy_contribution_add
feudal_government_levy_contribution_mult
feudal_government_opinion
feudal_government_opinion_same_faith
feudal_government_tax_contribution_add
feudal_government_tax_contribution_mult
feudal_government_vassal_opinion
finnish_opinion
finnish_pagan_opinion
finno_ugric_religion_opinion
floodplains_advantage
floodplains_attrition_mult
floodplains_cancel_negative_supply
floodplains_construction_gold_cost
floodplains_construction_piety_cost
floodplains_construction_prestige_cost
floodplains_development_growth
floodplains_development_growth_factor
floodplains_holding_construction_gold_cost
floodplains_holding_construction_piety_cost
floodplains_holding_construction_prestige_cost
floodplains_levy_size
floodplains_max_combat_roll
floodplains_min_combat_roll
floodplains_provisions_use_mult
floodplains_supply_limit
floodplains_supply_limit_mult
floodplains_tax_mult
floodplains_travel_danger
forest_advantage
forest_attrition_mult
forest_cancel_negative_supply
forest_construction_gold_cost
forest_construction_piety_cost
forest_construction_prestige_cost
forest_development_growth
forest_development_growth_factor
forest_holding_construction_gold_cost
forest_holding_construction_piety_cost
forest_holding_construction_prestige_cost
forest_levy_size
forest_max_combat_roll
forest_min_combat_roll
forest_provisions_use_mult
forest_supply_limit
forest_supply_limit_mult
forest_tax_mult
forest_travel_danger
fort_level
foster_legitimacy_scheme_enemy_scheme_phase_duration_add
foster_legitimacy_scheme_scheme_phase_duration_add
found_despotate_enemy_scheme_phase_duration_add
found_despotate_scheme_phase_duration_add
franconian_opinion
frankish_opinion
french_opinion
frisian_opinion
gaelic_opinion
galician_opinion
gallowsbait_xp_degradation_mult
gallowsbait_xp_gain_mult
gallowsbait_xp_loss_mult
garrison_size
gaw_opinion
gayomarthianism_opinion
general_opinion
generate_claim_enemy_scheme_phase_duration_add
generate_claim_scheme_phase_duration_add
genetic_trait_strengthen_chance
georgian_opinion
german_opinion
germanic_religion_opinion
ghulat_opinion
glory_hound_ai_boldness
glory_hound_ai_compassion
glory_hound_ai_energy
glory_hound_ai_greed
glory_hound_ai_honor
glory_hound_ai_rationality
glory_hound_ai_sociability
glory_hound_ai_vengefulness
glory_hound_ai_zeal
glory_hound_different_culture_opinion
glory_hound_different_faith_opinion
glory_hound_levy_contribution_add
glory_hound_levy_contribution_mult
glory_hound_opinion
glory_hound_same_culture_opinion
glory_hound_same_faith_opinion
glory_hound_tax_contribution_add
glory_hound_tax_contribution_mult
gond_opinion
gothic_opinion
governor_xp_degradation_mult
governor_xp_gain_mult
governor_xp_loss_mult
greek_opinion
guan_opinion
guanches_opinion
guest_opinion
gujarati_opinion
gur_opinion
hafizi_opinion
han_opinion
happy_powerful_vassal_levy_contribution_add
happy_powerful_vassal_levy_contribution_mult
happy_powerful_vassal_tax_contribution_add
happy_powerful_vassal_tax_contribution_mult
hard_casualty_modifier
hard_casualty_winter
hausa_opinion
haymanot_opinion
health
heavy_cavalry_damage_add
heavy_cavalry_damage_mult
heavy_cavalry_maintenance_mult
heavy_cavalry_max_size_add
heavy_cavalry_max_size_mult
heavy_cavalry_pursuit_add
heavy_cavalry_pursuit_mult
heavy_cavalry_recruitment_cost_mult
heavy_cavalry_screen_add
heavy_cavalry_screen_mult
heavy_cavalry_siege_value_add
heavy_cavalry_siege_value_mult
heavy_cavalry_toughness_add
heavy_cavalry_toughness_mult
heavy_infantry_damage_add
heavy_infantry_damage_mult
heavy_infantry_maintenance_mult
heavy_infantry_max_size_add
heavy_infantry_max_size_mult
heavy_infantry_pursuit_add
heavy_infantry_pursuit_mult
heavy_infantry_recruitment_cost_mult
heavy_infantry_screen_add
heavy_infantry_screen_mult
heavy_infantry_siege_value_add
heavy_infantry_siege_value_mult
heavy_infantry_toughness_add
heavy_infantry_toughness_mult
hebrew_opinion
hellenic_pagan_opinion
hellenism_religion_opinion
hills_advantage
hills_attrition_mult
hills_cancel_negative_supply
hills_construction_gold_cost
hills_construction_piety_cost
hills_construction_prestige_cost
hills_development_growth
hills_development_growth_factor
hills_holding_construction_gold_cost
hills_holding_construction_piety_cost
hills_holding_construction_prestige_cost
hills_levy_size
hills_max_combat_roll
hills_min_combat_roll
hills_provisions_use_mult
hills_supply_limit
hills_supply_limit_mult
hills_tax_mult
hills_travel_danger
hinduism_religion_opinion
hindustani_opinion
holding_build_gold_cost
holding_build_piety_cost
holding_build_prestige_cost
holding_build_speed
holy_order_government_levy_contribution_add
holy_order_government_levy_contribution_mult
holy_order_government_opinion
holy_order_government_opinion_same_faith
holy_order_government_tax_contribution_add
holy_order_government_tax_contribution_mult
holy_order_government_vassal_opinion
holy_order_hire_cost_add
holy_order_hire_cost_mult
hostage_income_mult
hostage_piety_mult
hostage_prestige_mult
hostage_renown_mult
hostile_county_attrition
hostile_county_attrition_raiding
hostile_raid_time
hostile_scheme_phase_duration_add
hungarian_opinion
hunnic_opinion
ibadi_opinion
iconoclast_opinion
igbo_opinion
ignore_different_faith_opinion
ignore_negative_culture_opinion
ignore_negative_opinion_of_culture
ignore_opinion_of_different_faith
ilmenian_opinion
imami_opinion
inbreeding_chance
independent_primary_attacker_advantage_add
independent_primary_defender_advantage_add
independent_ruler_opinion
influence_level_impact_mult
ingratiate_family_enemy_scheme_phase_duration_add
ingratiate_family_scheme_phase_duration_add
insular_celtic_opinion
intimidated_vassal_levy_contribution_add
intimidated_vassal_levy_contribution_mult
intimidated_vassal_tax_contribution_add
intimidated_vassal_tax_contribution_mult
intrigue
intrigue_lifestyle_xp_gain_add
intrigue_lifestyle_xp_gain_mult
intrigue_per_influence_level
intrigue_per_piety_level
intrigue_per_prestige_level
intrigue_per_stress_level
intrigue_scheme_phase_duration
intrigue_scheme_resistance
irish_opinion
islam_religion_opinion
ismaili_opinion
italian_opinion
jainism_religion_opinion
judaism_religion_opinion
jungle_advantage
jungle_attrition_mult
jungle_cancel_negative_supply
jungle_construction_gold_cost
jungle_construction_piety_cost
jungle_construction_prestige_cost
jungle_development_growth
jungle_development_growth_factor
jungle_holding_construction_gold_cost
jungle_holding_construction_piety_cost
jungle_holding_construction_prestige_cost
jungle_levy_size
jungle_max_combat_roll
jungle_min_combat_roll
jungle_provisions_use_mult
jungle_supply_limit
jungle_supply_limit_mult
jungle_tax_mult
jungle_travel_danger
jurchen_opinion
kabarism_opinion
kalikula_shaktism_opinion
kannada_opinion
kanuri_opinion
karaism_opinion
karelian_opinion
karluk_opinion
kashmiri_opinion
kerait_opinion
khanty_opinion
khazar_opinion
khitan_opinion
khurmazta_opinion
khurramism_opinion
khwarezmian_opinion
kimek_opinion
kipchak_opinion
kirati_opinion
kiratism_opinion
kirghiz_opinion
kitebacilweism_opinion
knight_effectiveness_mult
knight_effectiveness_per_diplomacy
knight_effectiveness_per_dread
knight_effectiveness_per_intrigue
knight_effectiveness_per_learning
knight_effectiveness_per_martial
knight_effectiveness_per_prowess
knight_effectiveness_per_stewardship
knight_effectiveness_per_tyranny
knight_errant_xp_degradation_mult
knight_errant_xp_gain_mult
knight_errant_xp_loss_mult
knight_limit
kochinim_opinion
komi_opinion
krishnaism_opinion
kru_opinion
kurdish_opinion
kushitism_pagan_opinion
kushitism_religion_opinion
laamp_base_0001_contract_scheme_enemy_scheme_phase_duration_add
laamp_base_0001_contract_scheme_scheme_phase_duration_add
laamp_base_0011_contract_scheme_enemy_scheme_phase_duration_add
laamp_base_0011_contract_scheme_scheme_phase_duration_add
laamp_base_0021_contract_scheme_enemy_scheme_phase_duration_add
laamp_base_0021_contract_scheme_scheme_phase_duration_add
laamp_base_0031_contract_scheme_enemy_scheme_phase_duration_add
laamp_base_0031_contract_scheme_scheme_phase_duration_add
laamp_base_0041_contract_scheme_enemy_scheme_phase_duration_add
laamp_base_0041_contract_scheme_scheme_phase_duration_add
laamp_base_1001_contract_scheme_enemy_scheme_phase_duration_add
laamp_base_1001_contract_scheme_scheme_phase_duration_add
laamp_base_1011_contract_scheme_enemy_scheme_phase_duration_add
laamp_base_1011_contract_scheme_scheme_phase_duration_add
laamp_base_1041_contract_scheme_enemy_scheme_phase_duration_add
laamp_base_1041_contract_scheme_scheme_phase_duration_add
laamp_base_2001_contract_scheme_enemy_scheme_phase_duration_add
laamp_base_2001_contract_scheme_scheme_phase_duration_add
laamp_base_2011_contract_scheme_enemy_scheme_phase_duration_add
laamp_base_2011_contract_scheme_scheme_phase_duration_add
laamp_base_2021_contract_scheme_enemy_scheme_phase_duration_add
laamp_base_2021_contract_scheme_scheme_phase_duration_add
laamp_base_2031_contract_scheme_enemy_scheme_phase_duration_add
laamp_base_2031_contract_scheme_scheme_phase_duration_add
laamp_base_2041_contract_scheme_enemy_scheme_phase_duration_add
laamp_base_2041_contract_scheme_scheme_phase_duration_add
laamp_base_3001_contract_scheme_enemy_scheme_phase_duration_add
laamp_base_3001_contract_scheme_scheme_phase_duration_add
laamp_base_3011_contract_scheme_enemy_scheme_phase_duration_add
laamp_base_3011_contract_scheme_scheme_phase_duration_add
laamp_base_3021_contract_scheme_enemy_scheme_phase_duration_add
laamp_base_3021_contract_scheme_scheme_phase_duration_add
laamp_base_3031_contract_scheme_enemy_scheme_phase_duration_add
laamp_base_3031_contract_scheme_scheme_phase_duration_add
laamp_base_3041_contract_scheme_enemy_scheme_phase_duration_add
laamp_base_3041_contract_scheme_scheme_phase_duration_add
laamp_base_4001_contract_scheme_enemy_scheme_phase_duration_add
laamp_base_4001_contract_scheme_scheme_phase_duration_add
laamp_base_4011_contract_scheme_enemy_scheme_phase_duration_add
laamp_base_4011_contract_scheme_scheme_phase_duration_add
laamp_base_4021_contract_scheme_enemy_scheme_phase_duration_add
laamp_base_4021_contract_scheme_scheme_phase_duration_add
laamp_base_4031_contract_scheme_enemy_scheme_phase_duration_add
laamp_base_4031_contract_scheme_scheme_phase_duration_add
laamp_base_4041_contract_scheme_enemy_scheme_phase_duration_add
laamp_base_4041_contract_scheme_scheme_phase_duration_add
laamp_base_5031_contract_scheme_enemy_scheme_phase_duration_add
laamp_base_5031_contract_scheme_scheme_phase_duration_add
laamp_base_5051_contract_scheme_enemy_scheme_phase_duration_add
laamp_base_5051_contract_scheme_scheme_phase_duration_add
laamp_base_6001_contract_scheme_enemy_scheme_phase_duration_add
laamp_base_6001_contract_scheme_scheme_phase_duration_add
laamp_base_6011_contract_scheme_enemy_scheme_phase_duration_add
laamp_base_6011_contract_scheme_scheme_phase_duration_add
laamp_base_6021_contract_scheme_enemy_scheme_phase_duration_add
laamp_base_6021_contract_scheme_scheme_phase_duration_add
laamp_base_6031_contract_scheme_enemy_scheme_phase_duration_add
laamp_base_6031_contract_scheme_scheme_phase_duration_add
laamp_help_find_secrets_scheme_enemy_scheme_phase_duration_add
laamp_help_find_secrets_scheme_scheme_phase_duration_add
laamp_prison_break_scheme_enemy_scheme_phase_duration_add
laamp_prison_break_scheme_scheme_phase_duration_add
laktan_opinion
lamaism_opinion
landless_adventurer_government_levy_contribution_add
landless_adventurer_government_levy_contribution_mult
landless_adventurer_government_opinion
landless_adventurer_government_opinion_same_faith
landless_adventurer_government_tax_contribution_add
landless_adventurer_government_tax_contribution_mult
landless_adventurer_government_vassal_opinion
langobard_opinion
latgalian_opinion
learn_language_enemy_scheme_phase_duration_add
learn_language_scheme_phase_duration_add
learning
learning_lifestyle_xp_gain_add
learning_lifestyle_xp_gain_mult
learning_per_influence_level
learning_per_piety_level
learning_per_prestige_level
learning_per_stress_level
learning_scheme_phase_duration
learning_scheme_resistance
led_by_owner_extra_advantage_add
legitimacy_gain_mult
legitimacy_loss_mult
levantine_opinion
levy_attack
levy_maintenance
levy_pursuit
levy_reinforcement_rate
levy_reinforcement_rate_different_faith
levy_reinforcement_rate_different_faith_even_if_baron
levy_reinforcement_rate_even_if_baron
levy_reinforcement_rate_friendly_territory
levy_reinforcement_rate_same_faith
levy_reinforcement_rate_same_faith_even_if_baron
levy_screen
levy_siege
levy_size
levy_toughness
lhomon_opinion
liege_opinion
life_expectancy
lifestyle_blademaster_xp_degradation_mult
lifestyle_blademaster_xp_gain_mult
lifestyle_blademaster_xp_loss_mult
lifestyle_hunter_xp_degradation_mult
lifestyle_hunter_xp_gain_mult
lifestyle_hunter_xp_loss_mult
lifestyle_mystic_xp_degradation_mult
lifestyle_mystic_xp_gain_mult
lifestyle_mystic_xp_loss_mult
lifestyle_physician_xp_degradation_mult
lifestyle_physician_xp_gain_mult
lifestyle_physician_xp_loss_mult
lifestyle_reveler_xp_degradation_mult
lifestyle_reveler_xp_gain_mult
lifestyle_reveler_xp_loss_mult
lifestyle_traveler_xp_degradation_mult
lifestyle_traveler_xp_gain_mult
lifestyle_traveler_xp_loss_mult
light_cavalry_damage_add
light_cavalry_damage_mult
light_cavalry_maintenance_mult
light_cavalry_max_size_add
light_cavalry_max_size_mult
light_cavalry_pursuit_add
light_cavalry_pursuit_mult
light_cavalry_recruitment_cost_mult
light_cavalry_screen_add
light_cavalry_screen_mult
light_cavalry_siege_value_add
light_cavalry_siege_value_mult
light_cavalry_toughness_add
light_cavalry_toughness_mult
lithuanian_opinion
lollard_opinion
lombard_opinion
long_reign_bonus_mult
maa_damage_add
maa_damage_mult
maa_pursuit_add
maa_pursuit_mult
maa_screen_add
maa_screen_mult
maa_siege_value_add
maa_siege_value_mult
maa_toughness_add
maa_toughness_mult
macedonian_opinion
maghrebi_opinion
magyar_pagan_opinion
magyar_religion_opinion
mahayana_opinion
malabarism_opinion
malinke_opinion
malvi_opinion
mandeaism_opinion
manichean_opinion
marathi_opinion
mari_opinion
marka_opinion
martial
martial_lifestyle_xp_gain_add
martial_lifestyle_xp_gain_mult
martial_per_influence_level
martial_per_piety_level
martial_per_prestige_level
martial_per_stress_level
martial_scheme_phase_duration
martial_scheme_resistance
masmudi_opinion
maturidi_opinion
max_abduct_schemes_add
max_befriend_schemes_add
max_challenge_status_schemes_add
max_claim_throne_schemes_add
max_combat_roll
max_contract_schemes_add
max_convert_to_witchcraft_schemes_add
max_courting_schemes_add
max_damage_legitimacy_scheme_schemes_add
max_depose_schemes_add
max_dispute_border_schemes_add
max_elope_schemes_add
max_expand_power_base_schemes_add
max_fabricate_hook_schemes_add
max_foster_legitimacy_scheme_schemes_add
max_found_despotate_schemes_add
max_generate_claim_schemes_add
max_hostile_schemes_add
max_ingratiate_family_schemes_add
max_laamp_base_0001_contract_scheme_schemes_add
max_laamp_base_0011_contract_scheme_schemes_add
max_laamp_base_0021_contract_scheme_schemes_add
max_laamp_base_0031_contract_scheme_schemes_add
max_laamp_base_0041_contract_scheme_schemes_add
max_laamp_base_1001_contract_scheme_schemes_add
max_laamp_base_1011_contract_scheme_schemes_add
max_laamp_base_1041_contract_scheme_schemes_add
max_laamp_base_2001_contract_scheme_schemes_add
max_laamp_base_2011_contract_scheme_schemes_add
max_laamp_base_2021_contract_scheme_schemes_add
max_laamp_base_2031_contract_scheme_schemes_add
max_laamp_base_2041_contract_scheme_schemes_add
max_laamp_base_3001_contract_scheme_schemes_add
max_laamp_base_3011_contract_scheme_schemes_add
max_laamp_base_3021_contract_scheme_schemes_add
max_laamp_base_3031_contract_scheme_schemes_add
max_laamp_base_3041_contract_scheme_schemes_add
max_laamp_base_4001_contract_scheme_schemes_add
max_laamp_base_4011_contract_scheme_schemes_add
max_laamp_base_4021_contract_scheme_schemes_add
max_laamp_base_4031_contract_scheme_schemes_add
max_laamp_base_4041_contract_scheme_schemes_add
max_laamp_base_5031_contract_scheme_schemes_add
max_laamp_base_5051_contract_scheme_schemes_add
max_laamp_base_6001_contract_scheme_schemes_add
max_laamp_base_6011_contract_scheme_schemes_add
max_laamp_base_6021_contract_scheme_schemes_add
max_laamp_base_6031_contract_scheme_schemes_add
max_laamp_help_find_secrets_scheme_schemes_add
max_laamp_prison_break_scheme_schemes_add
max_learn_language_schemes_add
max_loot_mult
max_murder_schemes_add
max_overthrow_regent_schemes_add
max_personal_schemes_add
max_political_schemes_add
max_prepare_fire_dromons_scheme_schemes_add
max_promote_schemes_add
max_protect_minority_vassal_contract_diplomacy_scheme_schemes_add
max_protect_minority_vassal_contract_intrigue_scheme_schemes_add
max_protect_minority_vassal_contract_learning_scheme_schemes_add
max_protect_minority_vassal_contract_martial_scheme_schemes_add
max_raid_estate_schemes_add
max_seduce_schemes_add
max_seize_realm_schemes_add
max_slander_schemes_add
max_steal_back_artifact_schemes_add
max_subsume_province_schemes_add
max_sway_schemes_add
max_teach_governor_schemes_add
mazdakism_opinion
mazdayasna_opinion
mel_opinion
melieism_opinion
men_at_arms_cap
men_at_arms_limit
men_at_arms_maintenance
men_at_arms_maintenance_per_dread_mult
men_at_arms_recruitment_cost
men_at_arms_title_cap
men_at_arms_title_limit
mercenary_count_mult
mercenary_government_levy_contribution_add
mercenary_government_levy_contribution_mult
mercenary_government_opinion
mercenary_government_opinion_same_faith
mercenary_government_tax_contribution_add
mercenary_government_tax_contribution_mult
mercenary_government_vassal_opinion
mercenary_hire_cost_add
mercenary_hire_cost_mult
merkabah_opinion
merya_opinion
meshchera_opinion
meshefaresism_opinion
messalian_opinion
min_combat_roll
minority_ai_boldness
minority_ai_compassion
minority_ai_energy
minority_ai_greed
minority_ai_honor
minority_ai_rationality
minority_ai_sociability
minority_ai_vengefulness
minority_ai_zeal
minority_different_culture_opinion
minority_different_faith_opinion
minority_levy_contribution_add
minority_levy_contribution_mult
minority_opinion
minority_same_culture_opinion
minority_same_faith_opinion
minority_tax_contribution_add
minority_tax_contribution_mult
mogyer_opinion
mon_opinion
mongol_opinion
monthly_county_control_decline_add
monthly_county_control_decline_add_even_if_baron
monthly_county_control_decline_at_war_add
monthly_county_control_decline_at_war_factor
monthly_county_control_decline_factor
monthly_county_control_decline_factor_even_if_baron
monthly_county_control_growth_add
monthly_county_control_growth_add_even_if_baron
monthly_county_control_growth_at_war_add
monthly_county_control_growth_at_war_factor
monthly_county_control_growth_factor
monthly_county_control_growth_factor_even_if_baron
monthly_court_grandeur_change_add
monthly_court_grandeur_change_mult
monthly_diplomacy_lifestyle_xp_gain_add
monthly_diplomacy_lifestyle_xp_gain_mult
monthly_dread
monthly_dynasty_prestige
monthly_dynasty_prestige_mult
monthly_income
monthly_income_mult
monthly_income_per_stress_level_add
monthly_income_per_stress_level_mult
monthly_influence
monthly_influence_mult
monthly_intrigue_lifestyle_xp_gain_add
monthly_intrigue_lifestyle_xp_gain_mult
monthly_learning_lifestyle_xp_gain_add
monthly_learning_lifestyle_xp_gain_mult
monthly_legitimacy_add
monthly_lifestyle_xp_gain_add
monthly_lifestyle_xp_gain_mult
monthly_martial_lifestyle_xp_gain_add
monthly_martial_lifestyle_xp_gain_mult
monthly_piety
monthly_piety_from_buildings_mult
monthly_piety_gain_mult
monthly_piety_gain_per_court_position_add
monthly_piety_gain_per_court_position_mult
monthly_piety_gain_per_dread_add
monthly_piety_gain_per_dread_mult
monthly_piety_gain_per_happy_powerful_vassal_add
monthly_piety_gain_per_happy_powerful_vassal_mult
monthly_piety_gain_per_knight_add
monthly_piety_gain_per_knight_mult
monthly_piety_gain_per_legitimacy_level_add
monthly_piety_gain_per_legitimacy_level_mult
monthly_prestige
monthly_prestige_from_buildings_mult
monthly_prestige_gain_mult
monthly_prestige_gain_per_court_position_add
monthly_prestige_gain_per_court_position_mult
monthly_prestige_gain_per_dread_add
monthly_prestige_gain_per_dread_mult
monthly_prestige_gain_per_happy_powerful_vassal_add
monthly_prestige_gain_per_happy_powerful_vassal_mult
monthly_prestige_gain_per_knight_add
monthly_prestige_gain_per_knight_mult
monthly_prestige_gain_per_legitimacy_level_add
monthly_prestige_gain_per_legitimacy_level_mult
monthly_stewardship_lifestyle_xp_gain_add
monthly_stewardship_lifestyle_xp_gain_mult
monthly_tyranny
monthly_wanderer_lifestyle_xp_gain_add
monthly_wanderer_lifestyle_xp_gain_mult
monthly_war_income_add
monthly_war_income_mult
mordvin_opinion
mossi_opinion
mountains_advantage
mountains_attrition_mult
mountains_cancel_negative_supply
mountains_construction_gold_cost
mountains_construction_piety_cost
mountains_construction_prestige_cost
mountains_development_growth
mountains_development_growth_factor
mountains_holding_construction_gold_cost
mountains_holding_construction_piety_cost
mountains_holding_construction_prestige_cost
mountains_levy_size
mountains_max_combat_roll
mountains_min_combat_roll
mountains_provisions_use_mult
mountains_supply_limit
mountains_supply_limit_mult
mountains_tax_mult
mountains_travel_danger
movement_speed
movement_speed_land_raiding
mozarabic_church_opinion
mundhum_religion_opinion
murder_enemy_scheme_phase_duration_add
murder_scheme_phase_duration_add
muroma_opinion
mutazila_opinion
muwalladi_opinion
naiman_opinion
najdat_opinion
naval_movement_speed_mult
negate_diplomacy_penalty_add
negate_fertility_penalty_add
negate_health_penalty_add
negate_intrigue_penalty_add
negate_learning_penalty_add
negate_martial_penalty_add
negate_prowess_penalty_add
negate_stewardship_penalty_add
negative_inactive_inheritance_chance
negative_random_genetic_chance
nepali_opinion
nestorian_opinion
nizari_opinion
no_disembark_penalty
no_prowess_loss_from_age
no_water_crossing_penalty
norman_opinion
norse_opinion
norse_pagan_opinion
north_african_acham_pagan_opinion
north_african_religion_opinion
norwegian_opinion
nubian_opinion
nupe_opinion
oasis_advantage
oasis_attrition_mult
oasis_cancel_negative_supply
oasis_construction_gold_cost
oasis_construction_piety_cost
oasis_construction_prestige_cost
oasis_development_growth
oasis_development_growth_factor
oasis_holding_construction_gold_cost
oasis_holding_construction_piety_cost
oasis_holding_construction_prestige_cost
oasis_levy_size
oasis_max_combat_roll
oasis_min_combat_roll
oasis_provisions_use_mult
oasis_supply_limit
oasis_supply_limit_mult
oasis_tax_mult
oasis_travel_danger
occitan_opinion
oirat_opinion
old_bon_opinion
old_saxon_opinion
ongud_opinion
opinion_of_different_culture
opinion_of_different_faith
opinion_of_different_faith_liege
opinion_of_female_rulers
opinion_of_liege
opinion_of_male_rulers
opinion_of_parents
opinion_of_same_culture
opinion_of_same_faith
opinion_of_vassal
oriya_opinion
orthodox_opinion
overthrow_regent_enemy_scheme_phase_duration_add
overthrow_regent_scheme_phase_duration_add
owned_contract_scheme_success_chance_add
owned_contract_scheme_success_chance_growth_add
owned_contract_scheme_success_chance_max_add
owned_hostile_scheme_success_chance_add
owned_hostile_scheme_success_chance_growth_add
owned_hostile_scheme_success_chance_max_add
owned_legend_spread_add
owned_legend_spread_mult
owned_personal_scheme_success_chance_add
owned_personal_scheme_success_chance_growth_add
owned_personal_scheme_success_chance_max_add
owned_political_scheme_success_chance_add
owned_political_scheme_success_chance_growth_add
owned_political_scheme_success_chance_max_add
owned_scheme_secrecy_add
pagan_opinion
paganism_religion_opinion
parochial_ai_boldness
parochial_ai_compassion
parochial_ai_energy
parochial_ai_greed
parochial_ai_honor
parochial_ai_rationality
parochial_ai_sociability
parochial_ai_vengefulness
parochial_ai_zeal
parochial_different_culture_opinion
parochial_different_faith_opinion
parochial_levy_contribution_add
parochial_levy_contribution_mult
parochial_opinion
parochial_same_culture_opinion
parochial_same_faith_opinion
parochial_tax_contribution_add
parochial_tax_contribution_mult
paulician_opinion
pecheneg_opinion
persian_opinion
personal_scheme_phase_duration_add
pictish_opinion
piety_level_impact_mult
pikemen_damage_add
pikemen_damage_mult
pikemen_maintenance_mult
pikemen_max_size_add
pikemen_max_size_mult
pikemen_pursuit_add
pikemen_pursuit_mult
pikemen_recruitment_cost_mult
pikemen_screen_add
pikemen_screen_mult
pikemen_siege_value_add
pikemen_siege_value_mult
pikemen_toughness_add
pikemen_toughness_mult
pilgrim_xp_degradation_mult
pilgrim_xp_gain_mult
pilgrim_xp_loss_mult
plains_advantage
plains_attrition_mult
plains_cancel_negative_supply
plains_construction_gold_cost
plains_construction_piety_cost
plains_construction_prestige_cost
plains_development_growth
plains_development_growth_factor
plains_holding_construction_gold_cost
plains_holding_construction_piety_cost
plains_holding_construction_prestige_cost
plains_levy_size
plains_max_combat_roll
plains_min_combat_roll
plains_provisions_use_mult
plains_supply_limit
plains_supply_limit_mult
plains_tax_mult
plains_travel_danger
player_heir_opinion
polabian_opinion
polish_opinion
political_scheme_phase_duration_add
pommeranian_opinion
portuguese_opinion
positive_inactive_inheritance_chance
positive_random_genetic_chance
powerful_vassal_opinion
prepare_fire_dromons_scheme_enemy_scheme_phase_duration_add
prepare_fire_dromons_scheme_scheme_phase_duration_add
prestige_level_impact_mult
priscillianism_opinion
prisoner_opinion
promote_enemy_scheme_phase_duration_add
promote_scheme_phase_duration_add
protect_minority_vassal_contract_diplomacy_scheme_enemy_scheme_phase_duration_add
protect_minority_vassal_contract_diplomacy_scheme_scheme_phase_duration_add
protect_minority_vassal_contract_intrigue_scheme_enemy_scheme_phase_duration_add
protect_minority_vassal_contract_intrigue_scheme_scheme_phase_duration_add
protect_minority_vassal_contract_learning_scheme_enemy_scheme_phase_duration_add
protect_minority_vassal_contract_learning_scheme_scheme_phase_duration_add
protect_minority_vassal_contract_martial_scheme_enemy_scheme_phase_duration_add
protect_minority_vassal_contract_martial_scheme_scheme_phase_duration_add
provisions_capacity_add
provisions_capacity_mult
provisions_gain_mult
provisions_loss_mult
provisions_use_mult
prowess
prowess_no_portrait
prowess_per_influence_level
prowess_per_piety_level
prowess_per_prestige_level
prowess_per_stress_level
prowess_scheme_phase_duration
prowess_scheme_resistance
prussian_opinion
pulaar_opinion
punjabi_opinion
pursue_efficiency
qarmatian_opinion
qiang_opinion
qiangic_religion_opinion
quanzhen_opinion
quranist_opinion
rabbinism_opinion
radhanite_opinion
raid_estate_enemy_scheme_phase_duration_add
raid_estate_scheme_phase_duration_add
raid_speed
rajput_opinion
realm_priest_opinion
religious_head_opinion
religious_vassal_opinion
republic_government_levy_contribution_add
republic_government_levy_contribution_mult
republic_government_opinion
republic_government_opinion_same_faith
republic_government_tax_contribution_add
republic_government_tax_contribution_mult
republic_government_vassal_opinion
retreat_losses
revolting_siege_morale_loss_add
revolting_siege_morale_loss_mult
rf_abrahamic_opinion
rf_eastern_opinion
rf_pagan_opinion
roman_opinion
rrmeaism_opinion
russian_opinion
sabianism_opinion
saka_opinion
samaritan_opinion
same_culture_holy_order_hire_cost_add
same_culture_holy_order_hire_cost_mult
same_culture_mercenary_hire_cost_add
same_culture_mercenary_hire_cost_mult
same_culture_opinion
same_faith_opinion
same_heritage_county_advantage_add
sami_opinion
samoyed_opinion
sao_opinion
sardinian_opinion
saura_opinion
saxon_opinion
scarred_xp_degradation_mult
scarred_xp_gain_mult
scarred_xp_loss_mult
scheme_discovery_chance_mult
scheme_phase_duration
scheme_phase_duration_against_activity_recurrer_add
scheme_phase_duration_against_antiquarian_add
scheme_phase_duration_against_best_friend_add
scheme_phase_duration_against_bully_add
scheme_phase_duration_against_court_physician_add
scheme_phase_duration_against_crush_add
scheme_phase_duration_against_event_recurrer_add
scheme_phase_duration_against_favorite_child_add
scheme_phase_duration_against_friend_add
scheme_phase_duration_against_grudge_add
scheme_phase_duration_against_guardian_add
scheme_phase_duration_against_intrigue_mentor_add
scheme_phase_duration_against_intrigue_student_add
scheme_phase_duration_against_lover_add
scheme_phase_duration_against_mentor_add
scheme_phase_duration_against_nemesis_add
scheme_phase_duration_against_nursed_child_add
scheme_phase_duration_against_oaf_add
scheme_phase_duration_against_old_flame_add
scheme_phase_duration_against_potential_friend_add
scheme_phase_duration_against_potential_hook_add
scheme_phase_duration_against_potential_lover_add
scheme_phase_duration_against_potential_rival_add
scheme_phase_duration_against_rival_add
scheme_phase_duration_against_soldier_friend_add
scheme_phase_duration_against_soulmate_add
scheme_phase_duration_against_student_add
scheme_phase_duration_against_victim_add
scheme_phase_duration_against_ward_add
scheme_phase_duration_against_wedding_bad_fertility_add
scheme_phase_duration_against_wedding_good_fertility_add
scheme_phase_duration_against_wedding_very_bad_fertility_add
scheme_phase_duration_against_wedding_very_good_fertility_add
scheme_phase_duration_against_wet_nurse_add
scheme_resistance
scheme_secrecy
scheme_success_chance
scheme_success_chance_growth
scheme_success_chance_max
scottish_opinion
sea_advantage
sea_attrition_mult
sea_cancel_negative_supply
sea_construction_gold_cost
sea_construction_piety_cost
sea_construction_prestige_cost
sea_development_growth
sea_development_growth_factor
sea_holding_construction_gold_cost
sea_holding_construction_piety_cost
sea_holding_construction_prestige_cost
sea_levy_size
sea_max_combat_roll
sea_min_combat_roll
sea_provisions_use_mult
sea_supply_limit
sea_supply_limit_mult
sea_tax_mult
sea_travel_danger
sedism_opinion
seduce_enemy_scheme_phase_duration_add
seduce_scheme_phase_duration_add
seize_realm_enemy_scheme_phase_duration_add
seize_realm_scheme_phase_duration_add
sephardi_opinion
serbian_opinion
serer_opinion
sethianism_opinion
severian_opinion
shaivism_opinion
shangqing_opinion
shatuo_opinion
short_reign_duration_mult
siberian_pagan_opinion
siberian_religion_opinion
sicilian_opinion
siege_morale_loss
siege_phase_time
siege_weapon_damage_add
siege_weapon_damage_mult
siege_weapon_maintenance_mult
siege_weapon_max_size_add
siege_weapon_max_size_mult
siege_weapon_pursuit_add
siege_weapon_pursuit_mult
siege_weapon_recruitment_cost_mult
siege_weapon_screen_add
siege_weapon_screen_mult
siege_weapon_siege_value_add
siege_weapon_siege_value_mult
siege_weapon_toughness_add
siege_weapon_toughness_mult
sindhi_opinion
sinhala_opinion
skirmishers_damage_add
skirmishers_damage_mult
skirmishers_maintenance_mult
skirmishers_max_size_add
skirmishers_max_size_mult
skirmishers_pursuit_add
skirmishers_pursuit_mult
skirmishers_recruitment_cost_mult
skirmishers_screen_add
skirmishers_screen_mult
skirmishers_siege_value_add
skirmishers_siege_value_mult
skirmishers_toughness_add
skirmishers_toughness_mult
slander_enemy_scheme_phase_duration_add
slander_scheme_phase_duration_add
slavic_pagan_opinion
slavic_religion_opinion
slovien_opinion
smartism_opinion
sogdian_opinion
somali_opinion
songhai_opinion
soninke_opinion
sorko_opinion
spouse_opinion
srikula_shaktism_opinion
stationed_archer_cavalry_damage_add
stationed_archer_cavalry_damage_mult
stationed_archer_cavalry_pursuit_add
stationed_archer_cavalry_pursuit_mult
stationed_archer_cavalry_screen_add
stationed_archer_cavalry_screen_mult
stationed_archer_cavalry_siege_value_add
stationed_archer_cavalry_siege_value_mult
stationed_archer_cavalry_toughness_add
stationed_archer_cavalry_toughness_mult
stationed_archers_damage_add
stationed_archers_damage_mult
stationed_archers_pursuit_add
stationed_archers_pursuit_mult
stationed_archers_screen_add
stationed_archers_screen_mult
stationed_archers_siege_value_add
stationed_archers_siege_value_mult
stationed_archers_toughness_add
stationed_archers_toughness_mult
stationed_camel_cavalry_damage_add
stationed_camel_cavalry_damage_mult
stationed_camel_cavalry_pursuit_add
stationed_camel_cavalry_pursuit_mult
stationed_camel_cavalry_screen_add
stationed_camel_cavalry_screen_mult
stationed_camel_cavalry_siege_value_add
stationed_camel_cavalry_siege_value_mult
stationed_camel_cavalry_toughness_add
stationed_camel_cavalry_toughness_mult
stationed_elephant_cavalry_damage_add
stationed_elephant_cavalry_damage_mult
stationed_elephant_cavalry_pursuit_add
stationed_elephant_cavalry_pursuit_mult
stationed_elephant_cavalry_screen_add
stationed_elephant_cavalry_screen_mult
stationed_elephant_cavalry_siege_value_add
stationed_elephant_cavalry_siege_value_mult
stationed_elephant_cavalry_toughness_add
stationed_elephant_cavalry_toughness_mult
stationed_heavy_cavalry_damage_add
stationed_heavy_cavalry_damage_mult
stationed_heavy_cavalry_pursuit_add
stationed_heavy_cavalry_pursuit_mult
stationed_heavy_cavalry_screen_add
stationed_heavy_cavalry_screen_mult
stationed_heavy_cavalry_siege_value_add
stationed_heavy_cavalry_siege_value_mult
stationed_heavy_cavalry_toughness_add
stationed_heavy_cavalry_toughness_mult
stationed_heavy_infantry_damage_add
stationed_heavy_infantry_damage_mult
stationed_heavy_infantry_pursuit_add
stationed_heavy_infantry_pursuit_mult
stationed_heavy_infantry_screen_add
stationed_heavy_infantry_screen_mult
stationed_heavy_infantry_siege_value_add
stationed_heavy_infantry_siege_value_mult
stationed_heavy_infantry_toughness_add
stationed_heavy_infantry_toughness_mult
stationed_light_cavalry_damage_add
stationed_light_cavalry_damage_mult
stationed_light_cavalry_pursuit_add
stationed_light_cavalry_pursuit_mult
stationed_light_cavalry_screen_add
stationed_light_cavalry_screen_mult
stationed_light_cavalry_siege_value_add
stationed_light_cavalry_siege_value_mult
stationed_light_cavalry_toughness_add
stationed_light_cavalry_toughness_mult
stationed_maa_damage_add
stationed_maa_damage_mult
stationed_maa_pursuit_add
stationed_maa_pursuit_mult
stationed_maa_screen_add
stationed_maa_screen_mult
stationed_maa_siege_value_add
stationed_maa_siege_value_mult
stationed_maa_toughness_add
stationed_maa_toughness_mult
stationed_pikemen_damage_add
stationed_pikemen_damage_mult
stationed_pikemen_pursuit_add
stationed_pikemen_pursuit_mult
stationed_pikemen_screen_add
stationed_pikemen_screen_mult
stationed_pikemen_siege_value_add
stationed_pikemen_siege_value_mult
stationed_pikemen_toughness_add
stationed_pikemen_toughness_mult
stationed_siege_weapon_damage_add
stationed_siege_weapon_damage_mult
stationed_siege_weapon_pursuit_add
stationed_siege_weapon_pursuit_mult
stationed_siege_weapon_screen_add
stationed_siege_weapon_screen_mult
stationed_siege_weapon_siege_value_add
stationed_siege_weapon_siege_value_mult
stationed_siege_weapon_toughness_add
stationed_siege_weapon_toughness_mult
stationed_skirmishers_damage_add
stationed_skirmishers_damage_mult
stationed_skirmishers_pursuit_add
stationed_skirmishers_pursuit_mult
stationed_skirmishers_screen_add
stationed_skirmishers_screen_mult
stationed_skirmishers_siege_value_add
stationed_skirmishers_siege_value_mult
stationed_skirmishers_toughness_add
stationed_skirmishers_toughness_mult
steal_back_artifact_enemy_scheme_phase_duration_add
steal_back_artifact_scheme_phase_duration_add
steppe_advantage
steppe_attrition_mult
steppe_cancel_negative_supply
steppe_construction_gold_cost
steppe_construction_piety_cost
steppe_construction_prestige_cost
steppe_development_growth
steppe_development_growth_factor
steppe_holding_construction_gold_cost
steppe_holding_construction_piety_cost
steppe_holding_construction_prestige_cost
steppe_levy_size
steppe_max_combat_roll
steppe_min_combat_roll
steppe_provisions_use_mult
steppe_supply_limit
steppe_supply_limit_mult
steppe_tax_mult
steppe_travel_danger
stewardship
stewardship_lifestyle_xp_gain_add
stewardship_lifestyle_xp_gain_mult
stewardship_per_influence_level
stewardship_per_piety_level
stewardship_per_prestige_level
stewardship_per_stress_level
stewardship_scheme_phase_duration
stewardship_scheme_resistance
stress_gain_mult
stress_loss_mult
stress_loss_per_piety_level
stress_loss_per_prestige_level
strife_opinion_gain_mult
strife_opinion_loss_mult
subsume_province_enemy_scheme_phase_duration_add
subsume_province_scheme_phase_duration_add
suebi_opinion
sufri_opinion
sumpa_opinion
supply_capacity_add
supply_capacity_mult
supply_duration
supply_limit
supply_limit_mult
supply_loss_winter
svetambara_opinion
swabian_opinion
sway_enemy_scheme_phase_duration_add
sway_scheme_phase_duration_add
swedish_opinion
taiga_advantage
taiga_attrition_mult
taiga_cancel_negative_supply
taiga_construction_gold_cost
taiga_construction_piety_cost
taiga_construction_prestige_cost
taiga_development_growth
taiga_development_growth_factor
taiga_holding_construction_gold_cost
taiga_holding_construction_piety_cost
taiga_holding_construction_prestige_cost
taiga_levy_size
taiga_max_combat_roll
taiga_min_combat_roll
taiga_provisions_use_mult
taiga_supply_limit
taiga_supply_limit_mult
taiga_tax_mult
taiga_travel_danger
tajik_opinion
tamil_opinion
tangut_opinion
tani_religion_opinion
taoism_religion_opinion
tax_mult
tax_slot_add
teach_governor_enemy_scheme_phase_duration_add
teach_governor_scheme_phase_duration_add
telugu_opinion
tengri_pagan_opinion
tengrism_religion_opinion
the_wake_xp_degradation_mult
the_wake_xp_gain_mult
the_wake_xp_loss_mult
theocracy_government_levy_contribution_add
theocracy_government_levy_contribution_mult
theocracy_government_opinion
theocracy_government_opinion_same_faith
theocracy_government_tax_contribution_add
theocracy_government_tax_contribution_mult
theocracy_government_vassal_opinion
theravada_opinion
title_creation_cost
title_creation_cost_mult
tocharian_opinion
tolerance_advantage_mod
tourney_participant_xp_degradation_mult
tourney_participant_xp_gain_mult
tourney_participant_xp_loss_mult
trait_track_bandit_xp_degradation_mult
trait_track_bandit_xp_gain_mult
trait_track_bandit_xp_loss_mult
trait_track_bow_xp_degradation_mult
trait_track_bow_xp_gain_mult
trait_track_bow_xp_loss_mult
trait_track_charioteer_blue_xp_degradation_mult
trait_track_charioteer_blue_xp_gain_mult
trait_track_charioteer_blue_xp_loss_mult
trait_track_charioteer_green_xp_degradation_mult
trait_track_charioteer_green_xp_gain_mult
trait_track_charioteer_green_xp_loss_mult
trait_track_charioteer_red_xp_degradation_mult
trait_track_charioteer_red_xp_gain_mult
trait_track_charioteer_red_xp_loss_mult
trait_track_charioteer_white_xp_degradation_mult
trait_track_charioteer_white_xp_gain_mult
trait_track_charioteer_white_xp_loss_mult
trait_track_danger_xp_degradation_mult
trait_track_danger_xp_gain_mult
trait_track_danger_xp_loss_mult
trait_track_falconer_xp_degradation_mult
trait_track_falconer_xp_gain_mult
trait_track_falconer_xp_loss_mult
trait_track_foot_xp_degradation_mult
trait_track_foot_xp_gain_mult
trait_track_foot_xp_loss_mult
trait_track_governor_xp_degradation_mult
trait_track_governor_xp_gain_mult
trait_track_governor_xp_loss_mult
trait_track_horse_xp_degradation_mult
trait_track_horse_xp_gain_mult
trait_track_horse_xp_loss_mult
trait_track_hunter_xp_degradation_mult
trait_track_hunter_xp_gain_mult
trait_track_hunter_xp_loss_mult
trait_track_knight_errant_xp_degradation_mult
trait_track_knight_errant_xp_gain_mult
trait_track_knight_errant_xp_loss_mult
trait_track_lifestyle_blademaster_xp_degradation_mult
trait_track_lifestyle_blademaster_xp_gain_mult
trait_track_lifestyle_blademaster_xp_loss_mult
trait_track_lifestyle_mystic_xp_degradation_mult
trait_track_lifestyle_mystic_xp_gain_mult
trait_track_lifestyle_mystic_xp_loss_mult
trait_track_lifestyle_physician_xp_degradation_mult
trait_track_lifestyle_physician_xp_gain_mult
trait_track_lifestyle_physician_xp_loss_mult
trait_track_lifestyle_reveler_xp_degradation_mult
trait_track_lifestyle_reveler_xp_gain_mult
trait_track_lifestyle_reveler_xp_loss_mult
trait_track_marauder_xp_degradation_mult
trait_track_marauder_xp_gain_mult
trait_track_marauder_xp_loss_mult
trait_track_pilgrim_xp_degradation_mult
trait_track_pilgrim_xp_gain_mult
trait_track_pilgrim_xp_loss_mult
trait_track_poacher_xp_degradation_mult
trait_track_poacher_xp_gain_mult
trait_track_poacher_xp_loss_mult
trait_track_scarred_xp_degradation_mult
trait_track_scarred_xp_gain_mult
trait_track_scarred_xp_loss_mult
trait_track_the_wake_xp_degradation_mult
trait_track_the_wake_xp_gain_mult
trait_track_the_wake_xp_loss_mult
trait_track_thief_xp_degradation_mult
trait_track_thief_xp_gain_mult
trait_track_thief_xp_loss_mult
trait_track_travel_xp_degradation_mult
trait_track_travel_xp_gain_mult
trait_track_travel_xp_loss_mult
trait_track_trickster_xp_degradation_mult
trait_track_trickster_xp_gain_mult
trait_track_trickster_xp_loss_mult
trait_track_violet_poet_xp_degradation_mult
trait_track_violet_poet_xp_gain_mult
trait_track_violet_poet_xp_loss_mult
trait_track_wit_xp_degradation_mult
trait_track_wit_xp_gain_mult
trait_track_wit_xp_loss_mult
travel_companion_opinion
travel_danger
travel_safety
travel_safety_mult
travel_speed
travel_speed_mult
tribal_government_levy_contribution_add
tribal_government_levy_contribution_mult
tribal_government_opinion
tribal_government_opinion_same_faith
tribal_government_tax_contribution_add
tribal_government_tax_contribution_mult
tribal_government_vassal_opinion
tribal_holding_build_gold_cost
tribal_holding_build_piety_cost
tribal_holding_build_prestige_cost
tribal_holding_build_speed
tribal_holding_holding_build_gold_cost
tribal_holding_holding_build_piety_cost
tribal_holding_holding_build_prestige_cost
tribal_holding_holding_build_speed
trojan_opinion
tsangpa_opinion
turkish_opinion
turkmen_opinion
tuyuhun_opinion
twin_opinion
tyranny_gain_mult
tyranny_loss_mult
uncontrolled_province_advantage
urartuism_opinion
uriankhai_opinion
uyghur_opinion
vaishnavism_opinion
vajrayana_opinion
valentinianism_opinion
vassal_levy_contribution_add
vassal_levy_contribution_mult
vassal_limit
vassal_opinion
vassal_tax_contribution_add
vassal_tax_contribution_mult
vassal_tax_mult
vepsian_opinion
violet_poet_xp_degradation_mult
violet_poet_xp_gain_mult
violet_poet_xp_loss_mult
visigothic_opinion
vlach_opinion
volhynian_opinion
waaqism_pagan_opinion
waaqism_religion_opinion
waldensian_opinion
wanderer_lifestyle_xp_gain_add
wanderer_lifestyle_xp_gain_mult
welayta_opinion
welsh_opinion
west_african_bidu_pagan_opinion
west_african_bori_pagan_opinion
west_african_bori_religion_opinion
west_african_orisha_pagan_opinion
west_african_orisha_religion_opinion
west_african_pagan_opinion
west_african_religion_opinion
west_african_roog_pagan_opinion
west_african_roog_religion_opinion
wetlands_advantage
wetlands_attrition_mult
wetlands_cancel_negative_supply
wetlands_construction_gold_cost
wetlands_construction_piety_cost
wetlands_construction_prestige_cost
wetlands_development_growth
wetlands_development_growth_factor
wetlands_holding_construction_gold_cost
wetlands_holding_construction_piety_cost
wetlands_holding_construction_prestige_cost
wetlands_levy_size
wetlands_max_combat_roll
wetlands_min_combat_roll
wetlands_provisions_use_mult
wetlands_supply_limit
wetlands_supply_limit_mult
wetlands_tax_mult
wetlands_travel_danger
winter_advantage
winter_movement_speed
wolof_opinion
world_innovation_camels_development_growth
world_innovation_camels_development_growth_factor
world_innovation_elephants_development_growth
world_innovation_elephants_development_growth_factor
world_persian_empire_development_growth
world_persian_empire_development_growth_factor
world_steppe_development_growth
world_steppe_development_growth_factor
yapaniya_opinion
yazidi_opinion
yazidi_religion_opinion
years_of_fertility
yemeni_opinion
yoruba_opinion
yughur_opinion
yumaism_opinion
zaghawa_opinion
zayidi_opinion
zealot_ai_boldness
zealot_ai_compassion
zealot_ai_energy
zealot_ai_greed
zealot_ai_honor
zealot_ai_rationality
zealot_ai_sociability
zealot_ai_vengefulness
zealot_ai_zeal
zealot_different_culture_opinion
zealot_different_faith_opinion
zealot_levy_contribution_add
zealot_levy_contribution_mult
zealot_opinion
zealot_same_culture_opinion
zealot_same_faith_opinion
zealot_tax_contribution_add
zealot_tax_contribution_mult
zhangzhung_opinion
zhengyi_opinion
zoroastrianism_religion_opinion
zun_pagan_opinion
zunism_religion_opinion
zurvanism_opinion
