$CULTURE$_opinion
$FAITH$_opinion
$GEOGRAPHICAL_REGION$_development_growth
$GEOGRAPHICAL_REGION$_development_growth_factor
$GOVERNMENT_TYPE$_levy_contribution_add
$GOVERNMENT_TYPE$_levy_contribution_mult
$GOVERNMENT_TYPE$_opinion
$GOVERNMENT_TYPE$_opinion_same_faith
$GOVERNMENT_TYPE$_tax_contribution_add
$GOVERNMENT_TYPE$_tax_contribution_mult
$GOVERNMENT_TYPE$_vassal_opinion
$HOLDING_TYPE$_build_gold_cost
$HOLDING_TYPE$_build_piety_cost
$HOLDING_TYPE$_build_prestige_cost
$HOLDING_TYPE$_build_speed
$HOLDING_TYPE$_holding_build_gold_cost
$HOLDING_TYPE$_holding_build_piety_cost
$HOLDING_TYPE$_holding_build_prestige_cost
$HOLDING_TYPE$_holding_build_speed
$LIFESTYLE$_xp_gain_mult
$MEN_AT_ARMS_TYPE$_damage_add
$MEN_AT_ARMS_TYPE$_damage_mult
$MEN_AT_ARMS_TYPE$_maintenance_mult
$MEN_AT_ARMS_TYPE$_max_size_add
$MEN_AT_ARMS_TYPE$_max_size_mult
$MEN_AT_ARMS_TYPE$_pursuit_add
$MEN_AT_ARMS_TYPE$_pursuit_mult
$MEN_AT_ARMS_TYPE$_recruitment_cost_mult
$MEN_AT_ARMS_TYPE$_screen_add
$MEN_AT_ARMS_TYPE$_screen_mult
$MEN_AT_ARMS_TYPE$_siege_value_add
$MEN_AT_ARMS_TYPE$_siege_value_mult
$MEN_AT_ARMS_TYPE$_toughness_add
$MEN_AT_ARMS_TYPE$_toughness_mult
$RELIGIOUS$_opinion
$RELIGIOUS_FAMILY$_opinion
$SCHEME_TYPE$_scheme_power_add
$SCHEME_TYPE$_scheme_power_mult
$SCHEME_TYPE$_scheme_resistance_add
$SCHEME_TYPE$_scheme_resistance_mult
$TAX_SLOT_TYPE$_add
$TERRAIN_TYPE$_advantage
$TERRAIN_TYPE$_attrition_mult
$TERRAIN_TYPE$_cancel_negative_supply
$TERRAIN_TYPE$_construction_gold_cost
$TERRAIN_TYPE$_construction_piety_cost
$TERRAIN_TYPE$_construction_prestige_cost
$TERRAIN_TYPE$_development_growth
$TERRAIN_TYPE$_development_growth_factor
$TERRAIN_TYPE$_holding_construction_gold_cost
$TERRAIN_TYPE$_holding_construction_piety_cost
$TERRAIN_TYPE$_holding_construction_prestige_cost
$TERRAIN_TYPE$_levy_size
$TERRAIN_TYPE$_max_combat_roll
$TERRAIN_TYPE$_min_combat_roll
$TERRAIN_TYPE$_supply_limit
$TERRAIN_TYPE$_supply_limit_mult
$TERRAIN_TYPE$_tax_mult
$TERRAIN_TYPE$_travel_danger
$TRAIT_TRACK$_xp_degradation_mult
$TRAIT_TRACK$_xp_gain_mult
$TRAIT_TRACK$_xp_loss_mult
$VASSAL_STANCE$_ai_boldness
$VASSAL_STANCE$_ai_compassion
$VASSAL_STANCE$_ai_energy
$VASSAL_STANCE$_ai_greed
$VASSAL_STANCE$_ai_honor
$VASSAL_STANCE$_ai_rationality
$VASSAL_STANCE$_ai_sociability
$VASSAL_STANCE$_ai_vengefulness
$VASSAL_STANCE$_ai_zeal
$VASSAL_STANCE$_different_culture_opinion
$VASSAL_STANCE$_different_faith_opinion
$VASSAL_STANCE$_levy_contribution_add
$VASSAL_STANCE$_levy_contribution_mult
$VASSAL_STANCE$_opinion
$VASSAL_STANCE$_same_culture_opinion
$VASSAL_STANCE$_same_faith_opinion
$VASSAL_STANCE$_tax_contribution_add
$VASSAL_STANCE$_tax_contribution_mult
accolade_glory_gain_mult
active_accolades
additional_fort_level
advantage
advantage_against_coreligionists
ai_amenity_spending
ai_amenity_target_baseline
ai_boldness
ai_compassion
ai_energy
ai_greed
ai_honor
ai_rationality
ai_sociability
ai_vengefulness
ai_war_chance
ai_war_cooldown
ai_zeal
army_damage_mult
army_maintenance_mult
army_pursuit_mult
army_screen_mult
army_siege_value_mult
army_toughness_mult
artifact_decay_reduction_mult
attacker_advantage
attraction_opinion
build_gold_cost
build_piety_cost
build_prestige_cost
build_speed
building_slot_add
character_capital_county_monthly_development_growth_add
character_travel_safety
character_travel_safety_mult
character_travel_speed
character_travel_speed_mult
child_except_player_heir_opinion
child_opinion
clergy_opinion
close_relative_opinion
coastal_advantage
controlled_province_advantage
councillor_opinion
counter_efficiency
counter_resistance
county_opinion_add
county_opinion_add_even_if_baron
court_grandeur_baseline_add
courtier_and_guest_opinion
courtier_opinion
cowed_vassal_levy_contribution_add
cowed_vassal_levy_contribution_mult
cowed_vassal_tax_contribution_add
cowed_vassal_tax_contribution_mult
cultural_acceptance_gain_mult
cultural_head_acceptance_gain_mult
cultural_head_fascination_add
cultural_head_fascination_mult
culture_tradition_max_add
defender_advantage
defender_holding_advantage
defender_winter_advantage
development_growth
development_growth_factor
different_culture_opinion
different_faith_county_opinion_mult
different_faith_county_opinion_mult_even_if_baron
different_faith_liege_opinion
different_faith_opinion
diplomacy
diplomacy_per_piety_level
diplomacy_per_prestige_level
diplomacy_per_stress_level
diplomacy_scheme_power
diplomacy_scheme_resistance
diplomatic_range_mult
direct_vassal_opinion
domain_limit
domain_tax_different_faith_mult
domain_tax_different_faith_mult_even_if_baron
domain_tax_mult
domain_tax_mult_even_if_baron
domain_tax_same_faith_mult
domain_tax_same_faith_mult_even_if_baron
dread_baseline_add
dread_decay_add
dread_decay_mult
dread_gain_mult
dread_loss_mult
dread_per_tyranny_add
dread_per_tyranny_mult
dynasty_house_opinion
dynasty_opinion
eligible_child_except_player_heir_opinion
eligible_child_opinion
embarkation_cost_mult
enemy_hard_casualty_modifier
enemy_hostile_scheme_success_chance_add
enemy_personal_scheme_success_chance_add
enemy_terrain_advantage
faith_conversion_piety_cost_add
faith_conversion_piety_cost_mult
faith_creation_piety_cost_add
faith_creation_piety_cost_mult
fellow_vassal_opinion
fertility
fort_level
garrison_size
general_opinion
genetic_trait_strengthen_chance
guest_opinion
happy_powerful_vassal_levy_contribution_add
happy_powerful_vassal_levy_contribution_mult
happy_powerful_vassal_tax_contribution_add
happy_powerful_vassal_tax_contribution_mult
hard_casualty_modifier
hard_casualty_winter
health
holding_build_gold_cost
holding_build_piety_cost
holding_build_prestige_cost
holding_build_speed
holy_order_hire_cost_add
holy_order_hire_cost_mult
hostage_income_mult
hostage_piety_mult
hostage_prestige_mult
hostage_renown_mult
hostile_county_attrition
hostile_county_attrition_raiding
hostile_raid_time
hostile_scheme_power_add
hostile_scheme_power_mult
hostile_scheme_resistance_add
hostile_scheme_resistance_mult
ignore_different_faith_opinion
ignore_negative_culture_opinion
ignore_negative_opinion_of_culture
ignore_opinion_of_different_faith
inbreeding_chance
independent_primary_defender_advantage_add
independent_ruler_opinion
intimidated_vassal_levy_contribution_add
intimidated_vassal_levy_contribution_mult
intimidated_vassal_tax_contribution_add
intimidated_vassal_tax_contribution_mult
intrigue
intrigue_per_piety_level
intrigue_per_prestige_level
intrigue_per_stress_level
intrigue_scheme_power
intrigue_scheme_resistance
knight_effectiveness_mult
knight_effectiveness_per_dread
knight_effectiveness_per_tyranny
knight_limit
learning
learning_per_piety_level
learning_per_prestige_level
learning_per_stress_level
learning_scheme_power
learning_scheme_resistance
led_by_owner_extra_advantage_add
levy_attack
levy_maintenance
levy_pursuit
levy_reinforcement_rate
levy_reinforcement_rate_different_faith
levy_reinforcement_rate_different_faith_even_if_baron
levy_reinforcement_rate_even_if_baron
levy_reinforcement_rate_friendly_territory
levy_reinforcement_rate_same_faith
levy_reinforcement_rate_same_faith_even_if_baron
levy_screen
levy_siege
levy_size
levy_toughness
liege_opinion
life_expectancy
long_reign_bonus_mult
maa_damage_add
maa_damage_mult
maa_pursuit_add
maa_pursuit_mult
maa_screen_add
maa_screen_mult
maa_siege_value_add
maa_siege_value_mult
maa_toughness_add
maa_toughness_mult
martial
martial_per_piety_level
martial_per_prestige_level
martial_per_stress_level
martial_scheme_power
martial_scheme_resistance
max_$SCHEME_TYPE$_schemes_add
max_combat_roll
max_hostile_schemes_add
max_loot_mult
max_personal_schemes_add
men_at_arms_cap
men_at_arms_limit
men_at_arms_maintenance
men_at_arms_maintenance_per_dread_mult
men_at_arms_recruitment_cost
mercenary_count_mult
mercenary_hire_cost_add
mercenary_hire_cost_mult
min_combat_roll
monthly_$LIFESTYLE$_xp_gain_mult
monthly_county_control_change_add
monthly_county_control_change_add_even_if_baron
monthly_county_control_change_at_war_add
monthly_county_control_change_at_war_mult
monthly_county_control_change_factor
monthly_county_control_change_factor_even_if_baron
monthly_court_grandeur_change_add
monthly_court_grandeur_change_mult
monthly_dread
monthly_dynasty_prestige
monthly_dynasty_prestige_mult
monthly_income
monthly_income_mult
monthly_income_per_stress_level_add
monthly_income_per_stress_level_mult
monthly_lifestyle_xp_gain_mult
monthly_piety
monthly_piety_from_buildings_mult
monthly_piety_gain_mult
monthly_piety_gain_per_dread_add
monthly_piety_gain_per_dread_mult
monthly_piety_gain_per_happy_powerful_vassal_add
monthly_piety_gain_per_happy_powerful_vassal_mult
monthly_piety_gain_per_knight_add
monthly_piety_gain_per_knight_mult
monthly_prestige
monthly_prestige_from_buildings_mult
monthly_prestige_gain_mult
monthly_prestige_gain_per_dread_add
monthly_prestige_gain_per_dread_mult
monthly_prestige_gain_per_happy_powerful_vassal_add
monthly_prestige_gain_per_happy_powerful_vassal_mult
monthly_prestige_gain_per_knight_add
monthly_prestige_gain_per_knight_mult
monthly_tyranny
monthly_war_income_add
monthly_war_income_mult
movement_speed
movement_speed_land_raiding
naval_movement_speed_mult
negate_diplomacy_penalty_add
negate_fertility_penalty_add
negate_health_penalty_add
negate_intrigue_penalty_add
negate_learning_penalty_add
negate_martial_penalty_add
negate_prowess_penalty_add
negate_stewardship_penalty_add
negative_inactive_inheritance_chance
negative_random_genetic_chance
no_disembark_penalty
no_prowess_loss_from_age
no_water_crossing_penalty
opinion_of_different_culture
opinion_of_different_faith
opinion_of_different_faith_liege
opinion_of_female_rulers
opinion_of_liege
opinion_of_male_rulers
opinion_of_parents
opinion_of_same_culture
opinion_of_same_faith
opinion_of_vassal
owned_hostile_scheme_success_chance_add
owned_personal_scheme_success_chance_add
owned_scheme_secrecy_add
personal_scheme_power_add
personal_scheme_power_mult
personal_scheme_resistance_add
personal_scheme_resistance_mult
piety_level_impact_mult
player_heir_opinion
positive_inactive_inheritance_chance
positive_random_genetic_chance
powerful_vassal_opinion
prestige_level_impact_mult
prisoner_opinion
prowess
prowess_no_portrait
prowess_per_piety_level
prowess_per_prestige_level
prowess_per_stress_level
prowess_scheme_power
prowess_scheme_resistance
pursue_efficiency
raid_speed
random_advantage
realm_priest_opinion
religious_head_opinion
religious_vassal_opinion
retreat_losses
revolting_siege_morale_loss_add
revolting_siege_morale_loss_mult
same_culture_holy_order_hire_cost_add
same_culture_holy_order_hire_cost_mult
same_culture_mercenary_hire_cost_add
same_culture_mercenary_hire_cost_mult
same_culture_opinion
same_faith_opinion
same_heritage_county_advantage_add
scheme_discovery_chance_mult
scheme_power
scheme_power_against_$SCRIPTED_RELATION$_add
scheme_power_against_$SCRIPTED_RELATION$_mult
scheme_resistance
scheme_secrecy
scheme_success_chance
short_reign_duration_mult
siege_morale_loss
siege_phase_time
spouse_opinion
stationed_$MEN_AT_ARMS_TYPE$_damage_add
stationed_$MEN_AT_ARMS_TYPE$_damage_mult
stationed_$MEN_AT_ARMS_TYPE$_pursuit_add
stationed_$MEN_AT_ARMS_TYPE$_pursuit_mult
stationed_$MEN_AT_ARMS_TYPE$_screen_add
stationed_$MEN_AT_ARMS_TYPE$_screen_mult
stationed_$MEN_AT_ARMS_TYPE$_siege_value_add
stationed_$MEN_AT_ARMS_TYPE$_siege_value_mult
stationed_$MEN_AT_ARMS_TYPE$_toughness_add
stationed_$MEN_AT_ARMS_TYPE$_toughness_mult
stationed_maa_damage_add
stationed_maa_damage_mult
stationed_maa_pursuit_add
stationed_maa_pursuit_mult
stationed_maa_screen_add
stationed_maa_screen_mult
stationed_maa_siege_value_add
stationed_maa_siege_value_mult
stationed_maa_toughness_add
stationed_maa_toughness_mult
stewardship
stewardship_per_piety_level
stewardship_per_prestige_level
stewardship_per_stress_level
stewardship_scheme_power
stewardship_scheme_resistance
stress_gain_mult
stress_loss_mult
stress_loss_per_piety_level
stress_loss_per_prestige_level
strife_opinion_gain_mult
strife_opinion_loss_mult
supply_capacity_add
supply_capacity_mult
supply_duration
supply_limit
supply_limit_mult
supply_loss_winter
tax_mult
tax_slot_add
title_creation_cost
title_creation_cost_mult
tolerance_advantage_mod
travel_companion_opinion
travel_danger
travel_safety
travel_safety_mult
travel_speed
travel_speed_mult
twin_opinion
tyranny_gain_mult
tyranny_loss_mult
uncontrolled_province_advantage
vassal_levy_contribution_add
vassal_levy_contribution_mult
vassal_limit
vassal_opinion
vassal_tax_contribution_add
vassal_tax_contribution_mult
vassal_tax_mult
winter_advantage
winter_movement_speed
years_of_fertility
