accolades
action
activity
activity_guests
activity_host
actor_de_jure_titles
actor_domain_titles
actor_domain_titles_including_leases
advanced_activities
alert
all
any
artifact
bad
character
children
combat
combat_side
commander
common
company
councillors
courtiers
de_jure_claim
display
diverge_culture
domain
duchy_capital
dynasty
dynasty_house
election
elegance_of_the_empire
equal
ethos
faith
famed
family
female
female_only
female_preference
friends_and_foes
good
guests
head
head_of_faith
heritage
holder
holder_close_family
holder_close_or_extended_family
holder_direct_vassals
holder_dynasty
holder_spouses
holy_sites
hooked_characters
hybridize_culture
illegitimate
illustrious
inherit
inherit_faction
inheritance
invalidate
knight
known_secrets
landed_title
language
legacy_of_persia
legitimate
liege
list
male
male_only
male_preference
martial_custom
masterwork
multiply
negative
neighbor_land
neighbor_land_or_water
neighbor_water
neighboring_rulers
neutral
none
oldest
partition
pdxmesh
peer_vassals
positive
primary_war_enemies
prisoners
province
radiobutton
realm
realm_characters
recipient_de_jure_titles
recipient_domain_titles
recipient_domain_titles_including_leases
regular
royal_court
ruler
same_faith
same_family
same_religion
scheme
scheme_targets
scripted_relations
secondary_actor_de_jure_titles
secondary_actor_domain_titles
secondary_actor_domain_titles_including_leases
secondary_recipient_de_jure_titles
secondary_recipient_domain_titles
secondary_recipient_domain_titles_including_leases
secret
self
single_heir
special
spouses
strong
sub_realm_characters
task_progress_infinite
task_progress_percentage
task_progress_value
the_fate_of_iberia
the_northern_lords
theocratic
title_and_vassal_change
title_claim
title_claimants
title_dejure_vassals
toast
torso
tours_and_tournaments
transfer
tree
tutorial
vassals
war_allies
war_enemies
wards_and_wardens
youngest
