accolade_rank
accolade_type_tier
active_de_jure_drift_progress
age
ai_boldness
ai_compassion
ai_diplomacy_stance
ai_energy
ai_greed
ai_honor
ai_rationality
ai_sociability
ai_values_divergence
ai_vengefulness
ai_zeal
all_court_artifact_slots
all_false
all_inventory_artifact_slots
allowed_concubines
allowed_more_concubines
allowed_more_spouses
always
amenity_level
any_acclaimed_knight
any_accolade
any_accolade_type
any_active_accolade
any_activity
any_activity_phase_location
any_activity_phase_location_future
any_activity_phase_location_past
any_activity_type
any_alert_creatable_title
any_alert_usurpable_title
any_ally
any_ancestor
any_army
any_army_in_location
any_artifact
any_artifact_claimant
any_artifact_house_claimant
any_attending_character
any_barony
any_character_artifact
any_character_epidemic
any_character_in_location
any_character_struggle
any_character_to_title_neighboring_and_across_water_county
any_character_to_title_neighboring_and_across_water_duchy
any_character_to_title_neighboring_and_across_water_empire
any_character_to_title_neighboring_and_across_water_kingdom
any_character_to_title_neighboring_county
any_character_to_title_neighboring_duchy
any_character_to_title_neighboring_empire
any_character_to_title_neighboring_kingdom
any_character_trait
any_character_war
any_character_with_royal_court
any_child
any_claim
any_claimant
any_claimed_artifact
any_close_family_member
any_close_or_extended_family_member
any_combat_side
any_completed_legend
any_concubine
any_connected_county
any_consort
any_controlled_faith
any_councillor
any_county
any_county_in_region
any_county_province
any_county_struggle
any_court_position_employer
any_court_position_holder
any_courtier
any_courtier_away
any_courtier_or_guest
any_culture_county
any_culture_duchy
any_culture_empire
any_culture_global
any_culture_kingdom
any_culture_pillar
any_culture_tradition
any_de_jure_claim
any_de_jure_county
any_de_jure_county_holder
any_de_jure_top_liege
any_decision
any_defensive_great_holy_wars
any_dejure_vassal_title_holder
any_diarchy_succession_character
any_diplomacy_councillor
any_direct_de_facto_vassal_title
any_direct_de_jure_vassal_title
any_directly_owned_province
any_doctrine
any_duchy
any_dynasty_member
any_election_candidate
any_election_title
any_elector
any_empire
any_entourage_character
any_epidemic
any_epidemic_type
any_equipped_character_artifact
any_extended_family_member
any_faction_county_member
any_faction_member
any_faith
any_faith_character
any_faith_holy_order
any_faith_playable_ruler
any_faith_ruler
any_false
any_foreign_court_guest
any_former_concubine
any_former_concubinist
any_former_spouse
any_future_path_location
any_general_councillor
any_geographical_region
any_government_type
any_guest_subset
any_guest_subset_current_phase
any_heir
any_heir_title
any_heir_to_title
any_held_title
any_hired_mercenary
any_holding_type
any_holy_site
any_home_court_hostage
any_hooked_character
any_hostile_raider
any_house_claimed_artifact
any_house_member
any_house_unity_member
any_in_de_facto_hierarchy
any_in_de_jure_hierarchy
any_in_global_list
any_in_list
any_in_local_list
any_independent_ruler
any_infected_province
any_inspiration
any_inspired_character
any_interloper_ruler
any_intrigue_councillor
any_invited_activity
any_invited_character
any_involved_county
any_involved_ruler
any_killed_character
any_kingdom
any_knight
any_known_secret
any_learning_councillor
any_leased_title
any_legend
any_legend_promoter
any_legend_type
any_liege_or_above
any_living_character
any_martial_councillor
any_memory
any_memory_participant
any_mercenary_company
any_neighboring_and_across_water_realm_same_rank_owner
any_neighboring_and_across_water_top_liege_realm
any_neighboring_and_across_water_top_liege_realm_owner
any_neighboring_county
any_neighboring_province
any_neighboring_realm_same_rank_owner
any_neighboring_top_liege_realm
any_neighboring_top_liege_realm_owner
any_open_invite_activity
any_opposite_sex_spouse_candidate
any_opposite_trait
any_owned_story
any_parent
any_parent_culture
any_parent_culture_or_above
any_past_holder
any_past_holder_reversed
any_patroned_holy_order
any_personal_claimed_artifact
any_pinned_character
any_pinning_character
any_played_character
any_player
any_player_heir
any_player_legend_library
any_pledged_attacker
any_pledged_defender
any_pool_character
any_pool_guest
any_potential_marriage_option
any_powerful_vassal
any_pretender_title
any_primary_war_enemy
any_prisoner
any_province
any_province_epidemic
any_province_legend
any_prowess_councillor
any_raid_target
any_realm_border_county
any_realm_county
any_realm_de_jure_duchy
any_realm_de_jure_empire
any_realm_de_jure_kingdom
any_realm_province
any_relation
any_religion_global
any_ruler
any_same_sex_spouse_candidate
any_scheme
any_scheme_agent
any_secret
any_secret_knower
any_secret_participant
any_sibling
any_side_commander
any_side_knight
any_special_building_province
any_special_guest
any_sponsored_inspiration
any_spouse
any_spouse_candidate
any_spread_province
any_stewardship_councillor
any_sub_realm_barony
any_sub_realm_county
any_sub_realm_duchy
any_sub_realm_empire
any_sub_realm_kingdom
any_sub_realm_title
any_target_title
any_targeting_faction
any_targeting_scheme
any_targeting_secret
any_tax_collector
any_tax_collector_vassal
any_tax_slot
any_tax_slot_vassal
any_this_title_or_de_jure_above
any_title_heir
any_title_joined_faction
any_title_to_title_neighboring_and_across_water_county
any_title_to_title_neighboring_and_across_water_duchy
any_title_to_title_neighboring_and_across_water_empire
any_title_to_title_neighboring_and_across_water_kingdom
any_title_to_title_neighboring_county
any_title_to_title_neighboring_duchy
any_title_to_title_neighboring_empire
any_title_to_title_neighboring_kingdom
any_top_realm_border_county
any_tradition
any_trait
any_trait_in_category
any_traveling_family_member
any_truce_holder
any_truce_target
any_unassigned_taxpayers
any_unspent_known_secret
any_vassal
any_vassal_contract
any_vassal_or_below
any_visited_location
any_war_ally
any_war_attacker
any_war_defender
any_war_enemy
any_war_participant
any_warden_hostage
aptitude
army_is_moving
army_max_size
army_size
artifact_durability
artifact_max_durability
artifact_slot_type
artifact_type
attacker_war_score
attraction
available_loot
available_taxpayer_slots
average_amenity_level
average_faction_opinion
average_faction_opinion_not_powerful_vassal
average_faction_opinion_powerful_vassal
base_inspiration_gold_cost
base_weight
blood_legacy_track_perks
building_levies
building_max_garrison
building_slots
calc_true_if
can_add_hook
can_arrive_in_time_to_activity_minimum
can_assign_to_tax_slot
can_attack_in_hierarchy
can_be_acclaimed
can_be_child_of
can_be_claimed_by
can_be_employed_as
can_be_exposed_by
can_be_leased_out
can_be_parent_of
can_become_owner_of_legend
can_benefit_from_artifact
can_cancel
can_create_faction
can_declare_war
can_disband_army
can_diverge
can_diverge_excluding_cost
can_embrace_tradition
can_employ_court_position_type
can_equip_artifact
can_execute_decision
can_fire_position
can_get_innovation_from
can_have_children
can_host_activity
can_hybridize
can_hybridize_excluding_cost
can_join_activity
can_join_faction
can_join_or_create_faction_against
can_sponsor_inspiration
can_start_scheme
can_start_tutorial_lesson
can_title_create_faction
can_title_join_faction
category
ce1_heroic_track_perks
ce1_legitimacy_legacy_track_perks
character_has_commander_trait_scope_does_not
character_is_land_realm_neighbor
character_is_realm_neighbor
character_men_at_arms_expense_gold_relative
character_men_at_arms_expense_prestige_relative
combined_building_level
completely_controls
completely_controls_region
controls_holy_site
controls_holy_site_with_flag
council_task_monthly_progress
county_control
county_holder_opinion
county_opinion
county_opinion_target
court_grandeur_base
court_grandeur_current
court_grandeur_current_level
court_grandeur_minimum_expected
court_grandeur_minimum_expected_level
court_positions_currently_available
court_positions_currently_filled
create_faction_type_chance
cultural_acceptance
culture_age
culture_number_of_counties
culture_overlaps_geographical_region
current_computer_date
current_computer_date_day
current_computer_date_month
current_computer_date_year
current_danger_value
current_date
current_day
current_military_strength
current_month
current_tooltip_depth
current_weight
current_weight_for_portrait
current_year
days_as_ruler
days_in_prison
days_of_continuous_peace
days_of_continuous_war
days_since_creation
days_since_death
days_since_joined_court
days_since_legend_completion
days_since_legend_start_date
days_since_max_war_score
days_since_outbreak_start
days_since_province_infection
days_since_sponsorship
days_since_vassal_contract_liege_dynasty_reign_start
days_travelled
days_until_ghw_launch
de_jure_drift_progress
de_jure_drifting_towards
death_reason
debt_level
debug_log_details
debug_only
defender_war_score
departure_date
development_level
development_rate
development_rate_modifier
development_towards_level_increase
diarch_aptitude
diarch_loyalty
diarchy_swing
diplomacy
diplomacy_diff
diplomacy_for_portrait
diplomacy_lifestyle_perk_points
diplomacy_lifestyle_perks
diplomacy_lifestyle_unlockable_perks
diplomacy_lifestyle_xp
discontent_per_month
does_ai_liege_in_vassal_contract_desire_obligation_change
does_ai_vassal_in_vassal_contract_desire_obligation_change
domain_limit
domain_limit_available
domain_limit_percentage
domain_size
domain_size_excluding_grace_period
dread
dread_modified_ai_boldness
dynasty_can_unlock_relevant_perk
dynasty_num_unlocked_perks
dynasty_prestige
dynasty_prestige_level
effective_age
employs_court_position
employs_tax_collector
ep1_culture_legacy_track_perks
ep2_activities_legacy_track_perks
epidemic_resistance
erudition_legacy_track_perks
estimated_faith_strength
exists
faction_can_press_demands
faction_discontent
faction_is_at_war
faction_is_type
faction_power
faction_power_threshold
faith_hostility_level
faith_hostility_level_comparison
fertility
fervor
final_destination_arrival_date
final_destination_arrival_days
final_destination_progress
focus_progress
fort_level
fp1_adventure_legacy_track_perks
fp1_pillage_legacy_track_perks
fp2_coterie_legacy_track_perks
fp2_urbanism_legacy_track_perks
fp3_khvarenah_legacy_track_perks
free_building_slots
free_tradition_slot
game_start_date
geographical_region
ghw_attackers_strength
ghw_defenders_strength
ghw_war_chest_gold
ghw_war_chest_piety
ghw_war_chest_prestige
global_variable_list_size
glory_legacy_track_perks
gold
government_allows
government_disallows
government_has_flag
guile_legacy_track_perks
has_accolade_category
has_accolade_parameter
has_accolade_type
has_active_diarchy
has_active_locale
has_active_mandate
has_activity_intent
has_activity_option
has_activity_state
has_activity_type
has_all_innovations
has_allowed_gender_for_clergy
has_any_artifact
has_any_artifact_claim
has_any_cb_on
has_any_court_position
has_any_display_cb_on
has_any_focus
has_any_nickname
has_any_scripted_relation
has_any_secret_relation
has_any_secrets
has_any_unequipped_artifact
has_artifact_claim
has_artifact_feature
has_artifact_feature_group
has_artifact_modifier
has_away_hostages
has_bad_nickname
has_banish_reason
has_building
has_building_gfx
has_building_or_higher
has_building_with_flag
has_cb_on
has_character_flag
has_character_modifier
has_character_modifier_duration_remaining
has_character_nominiated
has_claim_on
has_clothing_gfx
has_coa_gfx
has_completed_activity_intent
has_completed_inspiration
has_construction_with_flag
has_council_position
has_councillor_for_skill
has_county_modifier
has_county_modifier_duration_remaining
has_court_language
has_court_language_of_culture
has_court_position
has_court_type
has_cultural_era_or_later
has_cultural_parameter
has_cultural_pillar
has_cultural_tradition
has_culture
has_current_phase
has_de_jure_claim_on
has_dead_character_flag
has_dead_character_variable
has_diarchy_active_parameter
has_diarchy_parameter
has_diarchy_type
has_disabled_building
has_divorce_reason
has_dlc
has_dlc_feature
has_doctrine
has_doctrine_parameter
has_dominant_ruling_gender
has_dread_level_towards
has_dynasty
has_dynasty_modifier
has_dynasty_modifier_duration_remaining
has_dynasty_perk
has_election_vote_of
has_employed_any_court_position
has_execute_reason
has_faith
has_father
has_focus
has_forced_defender
has_free_building_slot
has_free_council_slot
has_game_rule
has_gene
has_global_variable
has_global_variable_list
has_government
has_graphical_faith
has_had_focus_for_days
has_holding
has_holding_type
has_holy_site_flag
has_hook
has_hook_from_secret
has_hook_of_type
has_house_artifact_claim
has_house_modifier
has_house_modifier_duration_remaining
has_house_unity
has_house_unity_modifier
has_house_unity_modifier_duration_remaining
has_house_unity_parameter
has_house_unity_stage
has_icon
has_imprisonment_reason
has_inactive_trait
has_innovation
has_innovation_flag
has_inspiration_type
has_legend_chapter
has_legend_chronicle
has_legend_county_modifier
has_legend_county_modifier_duration_remaining
has_legend_owner_modifier
has_legend_owner_modifier_duration_remaining
has_legend_province_modifier
has_legend_province_modifier_duration_remaining
has_legitimacy_flag
has_lifestyle
has_local_player_open_court_event
has_local_player_seen_unopened_court_event
has_local_player_unopened_court_event
has_local_variable
has_local_variable_list
has_maa_of_type
has_map_mode
has_memory_category
has_memory_participant
has_memory_type
has_mother
has_multiple_players
has_name_list
has_nickname
has_ongoing_construction
has_opinion_modifier
has_opposite_relation
has_order_of_succession
has_outstanding_artifact_claims
has_owned_scheme
has_pending_court_events
has_pending_interaction_of_type
has_perk
has_personal_artifact_claim
has_personal_legend_seed
has_phase
has_phase_future
has_phase_past
has_pledged_attacker
has_pledged_defender
has_potential_acclaimed_knights
has_potential_accolade_successors
has_preferred_gender_for_clergy
has_primary_name_list
has_primary_title
has_prisoners
has_province_modifier
has_province_modifier_duration_remaining
has_raid_immunity_against
has_raised_armies
has_realm_law
has_realm_law_flag
has_relation_activity_recurrer
has_relation_antiquarian
has_relation_best_friend
has_relation_bully
has_relation_court_physician
has_relation_crush
has_relation_flag
has_relation_friend
has_relation_guardian
has_relation_intrigue_mentor
has_relation_intrigue_student
has_relation_lover
has_relation_mentor
has_relation_nemesis
has_relation_nursed_child
has_relation_oaf
has_relation_potential_friend
has_relation_potential_hook
has_relation_potential_lover
has_relation_potential_rival
has_relation_rival
has_relation_soldier_friend
has_relation_soulmate
has_relation_student
has_relation_to
has_relation_victim
has_relation_ward
has_relation_wedding_bad_fertility
has_relation_wedding_good_fertility
has_relation_wedding_very_bad_fertility
has_relation_wedding_very_good_fertility
has_relation_wet_nurse
has_religion
has_revokable_lease
has_revoke_title_reason
has_reward_item
has_royal_court
has_same_court_language
has_same_court_type_as
has_same_culture_as
has_same_culture_ethos
has_same_culture_heritage
has_same_culture_language
has_same_culture_martial_tradition
has_same_focus_as
has_same_government
has_same_sinful_trait
has_same_virtue_trait
has_scheme_modifier
has_secret_relation_activity_recurrer
has_secret_relation_antiquarian
has_secret_relation_best_friend
has_secret_relation_bully
has_secret_relation_court_physician
has_secret_relation_crush
has_secret_relation_friend
has_secret_relation_guardian
has_secret_relation_intrigue_mentor
has_secret_relation_intrigue_student
has_secret_relation_lover
has_secret_relation_mentor
has_secret_relation_nemesis
has_secret_relation_nursed_child
has_secret_relation_oaf
has_secret_relation_potential_friend
has_secret_relation_potential_hook
has_secret_relation_potential_lover
has_secret_relation_potential_rival
has_secret_relation_rival
has_secret_relation_soldier_friend
has_secret_relation_soulmate
has_secret_relation_student
has_secret_relation_victim
has_secret_relation_ward
has_secret_relation_wedding_bad_fertility
has_secret_relation_wedding_good_fertility
has_secret_relation_wedding_very_bad_fertility
has_secret_relation_wedding_very_good_fertility
has_secret_relation_wet_nurse
has_selected_mandate
has_sexuality
has_spawned_court_events
has_special_building
has_special_building_slot
has_special_character
has_special_title
has_stationed_regiment
has_stationed_regiment_of_base_type
has_strong_claim_on
has_strong_hook
has_strong_usable_hook
has_struggle_phase_parameter
has_targeting_faction
has_tax_collector
has_title
has_title_law
has_title_law_flag
has_tradition_category
has_trait
has_trait_category
has_trait_flag
has_trait_rank
has_trait_with_flag
has_trait_xp
has_travel_option
has_travel_plan_modifier
has_travel_plan_modifier_duration_remaining
has_travel_point_of_interest
has_triggered_legend_seed
has_truce
has_unit_gfx
has_usable_hook
has_user_set_coa
has_valid_casus_belli
has_variable
has_variable_list
has_vassal_stance
has_war_result_message_with_outcome
has_weak_claim_on
has_weak_hook
has_wrong_holding_type
health
highest_held_title_tier
highest_skill
holds_landed_title
holy_sites_controlled
hostage_duration
house_unity_value
important_action_is_valid_but_invisible
important_action_is_visible
in_diplomatic_range
inspiration_gold_invested
inspiration_progress
intrigue
intrigue_diff
intrigue_for_portrait
intrigue_lifestyle_perk_points
intrigue_lifestyle_perks
intrigue_lifestyle_unlockable_perks
intrigue_lifestyle_xp
is_a_faction_leader
is_a_faction_member
is_aborted
is_acclaimed
is_accolade_active
is_accolade_successor
is_active_obligation
is_activity_complete
is_activity_type_on_cooldown
is_adult
is_agent_exposed_in_scheme
is_ai
is_alive
is_allied_in_war
is_allied_to
is_army_in_combat
is_army_in_raid
is_army_in_siege
is_army_in_siege_relevant_for
is_at_home
is_at_location
is_at_same_location
is_at_war
is_at_war_as_attacker
is_at_war_as_defender
is_at_war_with
is_at_war_with_liege
is_attacker
is_attacker_in_war
is_attracted_to_gender_of
is_attracted_to_men
is_attracted_to_women
is_away_from_court
is_bad_nickname
is_betrothed
is_cancelled
is_capital_barony
is_causing_raid_hostility_towards
is_character_interaction_potentially_accepted
is_character_interaction_shown
is_character_interaction_valid
is_character_window_main_character
is_child_of
is_civil_war
is_claimant
is_clergy
is_close_family_of
is_close_or_extended_family_of
is_coastal
is_coastal_county
is_combat_side_attacker
is_combat_side_pursuing
is_combat_side_retreating
is_commanding_army
is_completed
is_concubine
is_concubine_of
is_connected_to
is_consort_of
is_contested
is_council_task_valid
is_councillor
is_councillor_of
is_county_capital
is_court_position_employer
is_courtier
is_courtier_of
is_cousin_of
is_criminal_for
is_culture_involved_in_struggle
is_current_phase_active
is_de_facto_liege_or_above_target
is_de_jure_liege_or_above_target
is_decision_on_cooldown
is_defender
is_defender_in_war
is_designated_diarch
is_diarch
is_diarch_of_target
is_diarchy_successor
is_directed_ghw
is_divergent_culture
is_employer_of
is_equipped
is_extended_family_of
is_faith_involved_in_struggle
is_female
is_forbidden_from_scheme
is_forced_into_faction
is_forced_into_scheme
is_foreign_court_guest
is_foreign_court_guest_of
is_foreign_court_or_pool_guest
is_foreign_court_or_pool_guest_of
is_from_ruler_designer
is_frontend_character_selected
is_game_view_open
is_gamestate_tutorial_active
is_grandchild_of
is_grandparent_of
is_great_grandchild_of
is_great_grandparent_of
is_head_of_faith
is_heir_of
is_holy_order
is_holy_site
is_holy_site_controlled_by
is_holy_site_of
is_hostage
is_hostage_from
is_hostage_of
is_hostage_warden
is_hostile
is_hybrid_culture
is_immortal
is_important_decision
is_imprisoned
is_imprisoned_by
is_in_army
is_in_civil_war
is_in_family
is_in_guest_subset
is_in_list
is_in_ongoing_great_holy_war
is_in_pool_at
is_in_prison_type
is_in_the_same_court_as
is_in_the_same_court_as_or_guest
is_incapable
is_independent_ruler
is_knight
is_knight_of
is_known_by
is_landed
is_landless_ruler
is_landless_type_title
is_leader_in_war
is_leading_faction_type
is_leased_out
is_legend_completed
is_liege_or_above_of
is_local_player
is_lowborn
is_male
is_married
is_memory_of_travel
is_mercenary_company
is_mercenary_in_hire_range
is_neighbor_to_realm
is_nibling_of
is_normal_councillor
is_occupied
is_open_invite_activity
is_opposite_of_trait
is_overriding_designated_winner
is_parent_of
is_participant
is_participant_in_activity
is_participant_in_war
is_paused
is_performing_council_task
is_player_heir_of
is_player_selected
is_pledged_ghw_attacker
is_pool_character
is_pool_guest
is_pool_guest_of
is_potential_knight
is_powerful_vassal
is_powerful_vassal_of
is_pregnant
is_primary_heir_of
is_raid_army
is_raided
is_required_special_guest
is_rightful_liege_of
is_river_province
is_riverside_county
is_riverside_province
is_ruler
is_scheme_agent_exposed
is_scheme_exposed
is_scheming_against
is_sea_province
is_set
is_shunned_for
is_shunned_or_criminal_for
is_sibling_of
is_special_guest
is_spent_by
is_spouse_of
is_spouse_of_even_if_dead
is_struggle_phase
is_struggle_type
is_successor_of_accolade
is_target_in_global_variable_list
is_target_in_local_variable_list
is_target_in_variable_list
is_target_of_council_task
is_tax_collector
is_tax_collector_of
is_theocratic_lessee
is_title_created
is_titular
is_tooltip_with_name_open
is_travel_entourage_character
is_travel_leader
is_travelling
is_tutorial_active
is_tutorial_lesson_active
is_tutorial_lesson_chain_completed
is_tutorial_lesson_completed
is_tutorial_lesson_step_completed
is_twin_of
is_type_secret
is_unborn_child_of_concubine
is_unborn_known_bastard
is_uncle_or_aunt_of
is_under_holy_order_lease
is_unique
is_valid_as_agent_in_scheme
is_valid_for_event_debug
is_valid_for_event_debug_cooldown
is_valid_successor_for_accolade
is_vassal_of
is_vassal_or_below_of
is_visibly_fertile
is_war_leader
is_war_overview_tab_open
is_white_peace_possible
is_widgetid_open
join_faction_chance
join_scheme_chance
kin_legacy_track_perks
knows_court_language_of
knows_language
knows_language_of_culture
law_legacy_track_perks
learning
learning_diff
learning_for_portrait
learning_lifestyle_perk_points
learning_lifestyle_perks
learning_lifestyle_unlockable_perks
learning_lifestyle_xp
legend_completion_date
legend_quality
legend_start_date
legitimacy
legitimacy_level
levies_to_liege
list_size
local_player_knows_this_secret
local_variable_list_size
long_term_gold
long_term_gold_maximum
mandate_type_qualification
martial
martial_diff
martial_for_portrait
martial_lifestyle_perk_points
martial_lifestyle_perks
martial_lifestyle_unlockable_perks
martial_lifestyle_xp
matrilinear_betrothal
matrilinear_marriage
max_active_accolades
max_military_strength
max_number_maa_soldiers_of_base_type
max_number_maa_soldiers_of_type
max_number_of_concubines
max_number_of_knights
meets_legitimacy_expectation_of
memory_age_years
memory_creation_date
memory_end_date
mercenary_company_expiration_days
missing_unique_ancestors
monthly_character_balance
monthly_character_expenses
monthly_character_income
monthly_character_income_long_term
monthly_character_income_reserved
monthly_character_income_short_term
monthly_character_income_war_chest
monthly_character_men_at_arms_expense_gold
monthly_character_men_at_arms_expense_prestige
monthly_county_control_change
monthly_county_control_decline
monthly_county_control_decline_factor
monthly_county_control_growth
monthly_county_control_growth_factor
monthly_income
months_as_ruler
months_until_max_discontent
morph_gene_attribute
morph_gene_value
next_destination_arrival_date
next_destination_arrival_days
next_destination_progress
num_active_accolades
num_artifact_kills
num_buildings
num_character_followers
num_county_followers
num_county_holdings
num_discovered_innovations
num_discovered_innovations_in_era
num_enemies_killed
num_entourage_characters
num_future_phases
num_inactive_accolades
num_leased_titles
num_of_bad_genetic_traits
num_of_good_genetic_traits
num_of_known_languages
num_of_relation_activity_recurrer
num_of_relation_antiquarian
num_of_relation_best_friend
num_of_relation_bully
num_of_relation_court_physician
num_of_relation_crush
num_of_relation_friend
num_of_relation_guardian
num_of_relation_intrigue_mentor
num_of_relation_intrigue_student
num_of_relation_lover
num_of_relation_mentor
num_of_relation_nemesis
num_of_relation_nursed_child
num_of_relation_oaf
num_of_relation_potential_friend
num_of_relation_potential_hook
num_of_relation_potential_lover
num_of_relation_potential_rival
num_of_relation_rival
num_of_relation_soldier_friend
num_of_relation_soulmate
num_of_relation_student
num_of_relation_victim
num_of_relation_ward
num_of_relation_wedding_bad_fertility
num_of_relation_wedding_good_fertility
num_of_relation_wedding_very_bad_fertility
num_of_relation_wedding_very_good_fertility
num_of_relation_wet_nurse
num_options
num_past_phases
num_personal_legend_seeds
num_phases
num_sinful_traits
num_total_troops
num_triggered_legend_seeds
num_virtuous_traits
number_maa_regiments_of_base_type
number_maa_regiments_of_type
number_maa_soldiers_of_base_type
number_maa_soldiers_of_type
number_of_characters_in_pool
number_of_commander_traits
number_of_commander_traits_in_common
number_of_concubines
number_of_desired_concubines
number_of_election_votes
number_of_faction_members_in_council
number_of_fertile_concubines
number_of_knights
number_of_lifestyle_traits
number_of_maa_regiments
number_of_opposing_personality_traits
number_of_opposing_traits
number_of_personality_traits
number_of_personality_traits_in_common
number_of_powerful_vassals
number_of_sinful_traits_in_common
number_of_stationed_maa_regiments
number_of_traits
number_of_traits_in_common
number_of_virtue_traits_in_common
obligation_level_score
opinion
outbreak_intensity
outbreak_start_date
owns_a_story
owns_story_of_type
patrilinear_betrothal
patrilinear_marriage
percent_enemies_killed
perk_points
perk_points_assigned
perks_in_diplomacy_lifestyle
perks_in_intrigue_lifestyle
perks_in_learning_lifestyle
perks_in_martial_lifestyle
perks_in_stewardship_lifestyle
perks_in_tree
phase_has_catalyst
piety
piety_level
place_in_line_of_succession
player_heir_position
pregnancy_days
prestige
prestige_level
primary_tier
province_infection_date
province_infection_rate
prowess
prowess_diff
prowess_for_portrait
prowess_no_portrait
raid_loot
ransom_cost
rarity
realm_size
realm_to_title_distance_squared
recent_history
release_only
religion_tag
reserved_gold
reserved_gold_maximum
reverse_has_opinion_modifier
reverse_opinion
same_secret_type_as
scheme_duration_days
scheme_is_character_agent
scheme_monthly_progress
scheme_number_of_agents
scheme_number_of_exposed_agents
scheme_power
scheme_power_resistance_difference
scheme_power_resistance_ratio
scheme_progress
scheme_resistance
scheme_secrecy
scheme_skill
scheme_success_chance
scheme_type
scripted_tests
scriptedtests_can_marry_character
scriptedtests_dread_base
scriptedtests_gold_income_no_theocracy
scriptedtests_piety_income
secondary_tier
secret_type
sex_opposite_of
sex_same_as
short_term_gold
short_term_gold_maximum
should_decay
should_decision_create_alert
should_notify_can_host_activity
should_notify_can_join_open_activity
should_show_disturbing_portrait_modifiers
should_show_nudity
side_army_size
side_max_army_size
side_soldiers
side_strength
squared_distance
stewardship
stewardship_diff
stewardship_for_portrait
stewardship_lifestyle_perk_points
stewardship_lifestyle_perks
stewardship_lifestyle_unlockable_perks
stewardship_lifestyle_xp
story_type
stress
stress_level
strife_opinion
sub_realm_size
target_is_de_facto_liege_or_above
target_is_de_jure_liege_or_above
target_is_liege_or_above
target_is_same_character_or_above
target_is_vassal_or_below
target_weight
tax_collector_aptitude
tax_to_liege
terrain
tier
tier_difference
time_after_diarch_designated
time_in_prison
time_in_prison_type
time_of_year
time_since_death
time_to_hook_expiry
title_create_faction_type_chance
title_held_years
title_is_a_faction_member
title_join_faction_chance
title_will_leave_sub_realm_on_succession
total_army_damage
total_army_pursuit
total_army_screen
total_army_siege_value
total_army_toughness
total_infected_provinces
trait_compatibility
trait_is_sin
trait_is_virtue
travel_danger_type
travel_danger_value
travel_leader_cost
travel_leader_safety
travel_leader_speed
travel_safety
travel_speed
troops_ratio
type_has_accolade_category
tyranny
using_cb
variable_list_size
vassal_contract_has_flag
vassal_contract_has_modifiable_obligations
vassal_contract_is_blocked_from_modification
vassal_contract_liege_dynasty_reign_start_date
vassal_contract_obligation_level
vassal_contract_obligation_level_can_be_decreased
vassal_contract_obligation_level_can_be_increased
vassal_contract_obligation_level_score
vassal_count
vassal_limit
vassal_limit_available
vassal_limit_percentage
war_chest_gold
war_chest_gold_maximum
war_contribution
war_days
warfare_legacy_track_perks
warscore_value
was_activity_completed
was_activity_invalidated
was_called
was_hostage_child
was_preferred_heir
weighted_calc_true_if
year_of_birth
yearly_character_balance
yearly_character_expenses
yearly_character_income
yearly_character_men_at_arms_expense_gold
yearly_character_men_at_arms_expense_prestige
years_as_diarch
years_as_ruler
years_from_game_start
years_in_diarchy
yields_alliance
