abandon_revolution
activate_building
activate_law
activate_production_method
add_arable_land
add_banned_goods
add_change_relations_progress
add_character_role
add_civil_war_progress
add_claim
add_cohesion_number
add_cohesion_percent
add_commander_rank
add_company
add_cultural_community
add_cultural_community_in_state
add_cultural_obsession
add_culture_standard_of_living_modifier
add_declared_interest
add_devastation
add_diplomatic_play_war_support
add_enactment_modifier
add_enactment_phase
add_enactment_setback
add_era_researched
add_escalation
add_experience
add_homeland
add_ideology
add_ig_to_party
add_initiator_backers
add_investment_pool
add_journal_entry
add_law_progress
add_leverage
add_liberty_desire
add_lobby_member
add_loyalists
add_loyalists_in_state
add_modifier
add_momentum
add_morale
add_organization
add_pollution
add_pop_wealth
add_primary_culture
add_principle
add_progress
add_radicals
add_radicals_in_state
add_random_trait
add_religion_standard_of_living_modifier
add_ruling_interest_group
add_state_trait
add_target_backers
add_taxed_goods
add_technology_progress
add_technology_researched
add_to_global_variable_list
add_to_list
add_to_local_variable_list
add_to_variable_list
add_trait
add_treasury
add_war_exhaustion
add_war_goal
add_war_war_support
annex
annex_as_civil_war
annex_with_incorporation
call_election
cancel_enactment
cancel_imposition
change_appeasement
change_character_culture
change_character_religion
change_global_variable
change_infamy
change_institution_investment_level
change_local_variable
change_pop_culture
change_pop_religion
change_poptype
change_relations
change_subject_type
change_tag
change_tension
change_variable
clamp_global_variable
clamp_local_variable
clamp_variable
clear_debt
clear_enactment_modifier
clear_global_variable_list
clear_local_variable_list
clear_saved_scope
clear_scaled_debt
clear_variable_list
complete_objective_subgoal
convert_population
copy_laws
create_bidirectional_truce
create_building
create_character
create_country
create_diplomatic_catalyst
create_diplomatic_pact
create_diplomatic_play
create_dynamic_country
create_incident
create_mass_migration
create_military_formation
create_political_lobby
create_pop
create_power_bloc
create_state
create_trade_route
create_unidirectional_truce
custom_description_no_bullet
custom_label
deactivate_building
deactivate_law
deactivate_parties
debug_log_scopes
decrease_autonomy
deploy_to_front
disband_party
disband_political_lobby
disinherit_character
end_play
end_truce
every_active_law
every_active_party
every_character
every_character_in_exile_pool
every_character_in_void
every_civil_war
every_cobelligerent_in_diplo_play
every_cobelligerent_in_war
every_combat_unit
every_company
every_country
every_diplomatic_catalyst
every_diplomatic_play
every_diplomatically_relevant_country
every_enemy_in_diplo_play
every_enemy_in_war
every_in_global_list
every_in_hierarchy
every_in_list
every_in_local_list
every_interest_group
every_law
every_lobby_member
every_market
every_market_goods
every_member
every_military_formation
every_neighbouring_state
every_overlord_or_above
every_participant
every_political_lobby
every_political_movement
every_potential_party
every_power_bloc
every_power_bloc_member
every_preferred_law
every_primary_culture
every_province
every_rival_country
every_rivaling_country
every_scope_admiral
every_scope_ally
every_scope_building
every_scope_character
every_scope_country
every_scope_culture
every_scope_diplomatic_pact
every_scope_front
every_scope_general
every_scope_held_interest_marker
every_scope_initiator_ally
every_scope_interest_marker
every_scope_play_involved
every_scope_politician
every_scope_pop
every_scope_state
every_scope_target_ally
every_scope_theater
every_scope_violate_sovereignty_interested_parties
every_scope_violate_sovereignty_wars
every_scope_war
every_sea_node_adjacent_state
every_state
every_state_region
every_strategic_objective
every_subject_or_below
every_supporting_character
every_supporting_interest_group
every_trade_route
every_valid_mass_migration_culture
exile_character
force_resource_depletion
force_resource_discovery
free_character_from_void
fully_mobilize_army
hidden_effect
increase_autonomy
join_power_bloc
join_revolution
join_war
kill_character
kill_population
kill_population_in_state
kill_population_percent
kill_population_percent_in_state
lock_trade_route
make_independent
mobilize_army
move_pop
ordered_active_law
ordered_active_party
ordered_character
ordered_character_in_exile_pool
ordered_character_in_void
ordered_civil_war
ordered_cobelligerent_in_diplo_play
ordered_cobelligerent_in_war
ordered_combat_unit
ordered_company
ordered_country
ordered_diplomatic_catalyst
ordered_diplomatic_play
ordered_diplomatically_relevant_country
ordered_enemy_in_diplo_play
ordered_enemy_in_war
ordered_in_global_list
ordered_in_hierarchy
ordered_in_list
ordered_in_local_list
ordered_interest_group
ordered_law
ordered_lobby_member
ordered_market
ordered_market_goods
ordered_member
ordered_military_formation
ordered_neighbouring_state
ordered_overlord_or_above
ordered_participant
ordered_political_lobby
ordered_political_movement
ordered_potential_party
ordered_power_bloc
ordered_power_bloc_member
ordered_preferred_law
ordered_primary_culture
ordered_province
ordered_rival_country
ordered_rivaling_country
ordered_scope_admiral
ordered_scope_ally
ordered_scope_building
ordered_scope_character
ordered_scope_country
ordered_scope_culture
ordered_scope_diplomatic_pact
ordered_scope_front
ordered_scope_general
ordered_scope_held_interest_marker
ordered_scope_initiator_ally
ordered_scope_interest_marker
ordered_scope_play_involved
ordered_scope_politician
ordered_scope_pop
ordered_scope_state
ordered_scope_target_ally
ordered_scope_theater
ordered_scope_violate_sovereignty_interested_parties
ordered_scope_violate_sovereignty_wars
ordered_scope_war
ordered_sea_node_adjacent_state
ordered_state
ordered_state_region
ordered_strategic_objective
ordered_subject_or_below
ordered_supporting_character
ordered_supporting_interest_group
ordered_trade_route
ordered_valid_mass_migration_culture
place_character_in_void
play_as
post_notification
post_proposal
random
random_active_law
random_active_party
random_character
random_character_in_exile_pool
random_character_in_void
random_civil_war
random_cobelligerent_in_diplo_play
random_cobelligerent_in_war
random_combat_unit
random_company
random_country
random_diplomatic_catalyst
random_diplomatic_play
random_diplomatically_relevant_country
random_enemy_in_diplo_play
random_enemy_in_war
random_in_global_list
random_in_hierarchy
random_in_list
random_in_local_list
random_interest_group
random_law
random_list
random_lobby_member
random_log_scopes
random_market
random_market_goods
random_member
random_military_formation
random_neighbouring_state
random_overlord_or_above
random_participant
random_political_lobby
random_political_movement
random_potential_party
random_power_bloc
random_power_bloc_member
random_preferred_law
random_primary_culture
random_province
random_rival_country
random_rivaling_country
random_scope_admiral
random_scope_ally
random_scope_building
random_scope_character
random_scope_country
random_scope_culture
random_scope_diplomatic_pact
random_scope_front
random_scope_general
random_scope_held_interest_marker
random_scope_initiator_ally
random_scope_interest_marker
random_scope_play_involved
random_scope_politician
random_scope_pop
random_scope_state
random_scope_target_ally
random_scope_theater
random_scope_violate_sovereignty_interested_parties
random_scope_violate_sovereignty_wars
random_scope_war
random_sea_node_adjacent_state
random_state
random_state_region
random_strategic_objective
random_subject_or_below
random_supporting_character
random_supporting_interest_group
random_trade_route
random_valid_mass_migration_culture
recalculate_pop_ig_support
regime_change
remove_active_objective_subgoal
remove_as_interest_group_leader
remove_banned_goods
remove_building
remove_character_role
remove_claim
remove_company
remove_cultural_obsession
remove_diplomatic_pact
remove_enactment_modifier
remove_from_list
remove_global_variable
remove_homeland
remove_ideology
remove_ig_from_party
remove_initiator_backers
remove_list_global_variable
remove_list_local_variable
remove_list_variable
remove_lobby_member
remove_local_variable
remove_modifier
remove_primary_culture
remove_principle
remove_ruling_interest_group
remove_state_trait
remove_target_backers
remove_taxed_goods
remove_trait
remove_variable
remove_war_goal
resolve_play_for
round_global_variable
round_local_variable
round_variable
save_scope_as
save_scope_value_as
seize_investment_pool
set_as_interest_group_leader
set_available_for_autonomous_investment
set_bar_progress
set_capital
set_character_as_ruler
set_character_busy_and_immortal
set_character_immortal
set_commander_rank
set_company_establishment_date
set_country_type
set_devastation
set_diplomats_expelled
set_global_variable
set_government_wage_level
set_home_country
set_home_country_definition
set_ideology
set_ig_bolstering
set_ig_suppression
set_ig_trait
set_immune_to_revolutions
set_institution_investment_level
set_interest_group_name
set_key
set_local_variable
set_market_capital
set_military_wage_level
set_mutual_secret_goal
set_next_election_date
set_owes_obligation_to
set_owner_of_provinces
set_pop_literacy
set_pop_qualifications
set_pop_wealth
set_relations
set_ruling_interest_groups
set_ruling_party
set_secret_goal
set_state_owner
set_state_religion
set_state_type
set_strategy
set_subsidized
set_target_technology
set_tariffs_export_priority
set_tariffs_import_priority
set_tariffs_no_priority
set_tax_level
set_tension
set_variable
set_war
show_as_tooltip
start_building_construction
start_enactment
start_privately_funded_building_construction
start_research_random_technology
start_tutorial_lesson
take_on_scaled_debt
teleport_to_front
transfer_character
transfer_to_formation
trigger_event
try_form_government_with
unset_available_for_autonomous_investment
update_party_support
validate_subsidies
violate_sovereignty_join
