@active_law
@ai_army_comparison
@ai_colonization_value
@ai_gdp_comparison
@ai_ideological_opinion
@ai_navy_comparison
@ai_state_value
@ai_subject_value
@ai_transit_rights_value
@ai_treaty_export_value
@ai_treaty_fairness
@ai_treaty_import_value
@ai_treaty_port_value
@ai_treaty_trade_value
@ai_treaty_value
@array_define
@average_defense
@average_offense
@b
@bg
@bt
@c
@catalyst_type
@cd
@company
@company_type
@cu
@decree_cost
@define
@diplomatic_pact_other_country
@flag
@g
@get_ruler_for
@global_productivity
@global_var
@harvest_condition_type
@i
@identity
@ideology
@ig
@ig_trait
@ig_type
@infamy_threshold
@input_market_goods
@institution
@je
@law_type
@lobby_foreign_anti_clout
@lobby_foreign_pro_clout
@lobby_in_government_foreign_anti_clout
@lobby_in_government_foreign_pro_clout
@lobby_join_weight
@lobby_type
@lobby_war_opposition
@lobby_war_support
@local_var
@mg
@mobilization_option
@modifier
@movement_type
@mutual_trade_value_with_country
@nf
@num_alliances_and_defensive_pacts_with_allies
@num_alliances_and_defensive_pacts_with_rivals
@num_defending_battalions
@num_pending_events
@num_shared_rivals
@num_total_battalions
@num_units
@num_units_in_battle
@num_units_not_in_battle
@p
@play_type
@pop_type
@principle
@principle_group
@py
@rank_value
@region_state
@rel
@relations
@relations_change_rate
@relations_threshold
@s
@scope
@sg
@sr
@tension
@tension_threshold
@unit_type
@var
amended_treaty
army_size
army_size_including_conscripts
attacker_side
attacker_warleader
average_expected_sol
average_sol
base_price
battle
binding_period
building
building_levels
cached_ai_coastal_population
cached_ai_incorporated_coastal_population
cached_ai_incorporated_population
cached_ai_overseas_subject_population
cached_ai_subject_population
cached_ai_total_population
cached_ai_unincorporated_coastal_population
cached_ai_unincorporated_population
capital
civil_war
civil_war_origin_country
colonial_growth_per_colony
combat_width
command_limit_num_units
commander_military_formation
controller
country
country_definition
credit
culture
current_hq
currently_active_law_in_group
currently_enacting_law
defender_side
defender_warleader
defense
demoralized
diplomatic_play
enforced_on_country
enforcer_country
executive
expenses
first_country
fixed_expenses
front
front_length
gdp
global_gdp
goal_value
goods
government_size
group
heir
highest_ranked_commander
home_country
home_hq
identity
ideology
imposed_law
imposer_of_law
income
income_transfer_expenses
income_transfer_relative_expenses
infamy
initiator
input_building_type
input_company
input_country
input_goods
input_law
input_quantity
input_state
input_strategic_region
interest_group
interest_group_type
invasion
invasion_attacker
invasion_defender
investment
investment_max
investment_pool_income
is_setup
je_tutorial
land_controller_hq
land_hq
leader
legitimacy
level
level_after_queued_constructions
manpower
market
market_capital
market_export_cap
market_import_cap
mass_migration_culture
migration_pull
military_expenses
military_expenses_share
mobilization
momentum
morale
most_desired_law
national_awakening_state_region
naval_controller_hq
naval_hq
navy_size
num_active_declared_interests
num_active_interests
num_active_natural_interests
num_active_plays
num_admirals
num_alliances
num_battalions
num_characters
num_colony_projects
num_commanderless_units
num_commanders
num_convoys_available
num_convoys_required
num_declared_interests
num_defensive_pacts
num_garrison_units
num_generals
num_income_transfer_pacts
num_income_transfer_treaty_articles
num_income_transfers
num_incorporated_states
num_interests
num_mandates
num_mobilized_battalions
num_natural_interests
num_obligations_earned
num_pending_events
num_politicians
num_positive_relations
num_provinces
num_queued_constructions
num_queued_government_constructions
num_queued_private_constructions
num_rivals
num_ruling_igs
num_states
num_unincorporated_states
num_units
num_units_in_battle
num_units_not_in_battle
num_units_share
num_world_market_hub_trade_center_levels
offense
opposing_commander
opposite_battle_side
overlord
owner
owning_company
participants
party
player
player_owed_obligation_days_left
political_movement
pop_weight_modifier_scale
popularity
population_below_expected_sol
power_bloc
power_bloc_leader
power_struggle_contender
principal
prosperity
province
region
religion
remaining_binding_period
ruler
scope_relations
scope_tension
second_country
shipping_lane
slaves_role
source_country
state
state_region
target
target_country
technology_being_researched
techs_researched
theater
top_overlord
total_export_value
total_import_value
total_trade_value
trade_center
training_rate
treaty
treaty_exports
treaty_imports
type
war
weekly_prosperity_change
workplace
