active_lens
active_lens_option
additional_war_exhaustion
age
aggressive_diplomatic_plays_permitted
all_false
always
any_active_party
any_character
any_character_in_exile_pool
any_character_in_void
any_civil_war
any_cobelligerent_in_diplo_play
any_cobelligerent_in_war
any_combat_unit
any_company
any_country
any_diplomatic_play
any_enemy_in_diplo_play
any_enemy_in_war
any_false
any_in_global_list
any_in_hierarchy
any_in_list
any_in_local_list
any_interest_group
any_law
any_market
any_market_goods
any_member
any_military_formation
any_neighbouring_state
any_overlord_or_above
any_participant
any_political_movement
any_potential_party
any_preferred_law
any_primary_culture
any_province
any_rival_country
any_scope_admiral
any_scope_ally
any_scope_building
any_scope_character
any_scope_country
any_scope_culture
any_scope_diplomatic_pact
any_scope_front
any_scope_general
any_scope_held_interest_marker
any_scope_initiator_ally
any_scope_interest_marker
any_scope_play_involved
any_scope_politician
any_scope_pop
any_scope_state
any_scope_target_ally
any_scope_theater
any_scope_violate_sovereignty_interested_parties
any_scope_violate_sovereignty_wars
any_scope_war
any_sea_node_adjacent_state
any_state
any_state_region
any_strategic_objective
any_subject_or_below
any_supporting_character
any_supporting_interest_group
any_trade_route
any_valid_mass_migration_culture
approaching_bureaucracy_shortage
arable_land
arable_land_country
army_mobilization_option_fraction
army_reserves
authority
available_jobs
average_country_infrastructure
average_incorporated_country_infrastructure
battalion_manpower
battle_side_pm_usage
building_has_goods_shortage
bureaucracy
calc_true_if
can_activate_production_method
can_afford_diplomatic_action
can_agitate
can_be_enacted
can_establish_any_export_route
can_establish_any_import_route
can_establish_company
can_form_nation
can_have_as_subject
can_have_declared_interest_here
can_have_political_movement
can_have_subjects
can_queue_building_levels
can_research
can_start_tutorial_lesson
can_take_on_scaled_debt
cash_reserves_available
cash_reserves_ratio
character_is_discriminated
character_supports_political_movement
check_area
civil_war_progress
commander_is_available
commander_pm_usage
commander_rank
construction_queue_duration
construction_queue_government_duration
construction_queue_num_queued_government_levels
construction_queue_num_queued_levels
construction_queue_num_queued_private_levels
construction_queue_private_duration
contains_capital_of
country_army_unit_type_fraction
country_can_have_mass_migration_to
country_definition_has_culture
country_has_building_group_levels
country_has_building_levels
country_has_building_type_levels
country_has_local_shortage
country_has_primary_culture
country_has_state_religion
country_navy_unit_type_fraction
country_or_subject_owns_entire_state_region
country_pm_usage
country_rank
country_tier
country_turmoil
culture_accepted
culture_can_have_mass_migration_to
culture_is_discriminated_in
culture_percent_country
culture_percent_state
culture_secession_progress
current_manpower
current_tooltip_depth
day_value
daynight_value
debug_log_details
devastation
diplomatic_play_pm_usage
earnings
election_momentum
empty_agitator_slots
enacting_any_law
enactment_chance
enactment_chance_without_enactment_modifier
enactment_phase
enactment_setback_count
enemy_contested_wargoals
enemy_occupation
error_check
escalation
exists
expanding_institution
experience_level
flotilla_manpower
formation_army_unit_type_fraction
formation_navy_unit_type_fraction
free_arable_land
front_side_pm_usage
game_date
global_country_ranking
global_population
global_variable_list_size
gold_reserves
gold_reserves_limit
government_legitimacy
government_transfer_of_power
government_wage_level
government_wage_level_value
has_active_building
has_active_peace_deal
has_active_production_method
has_any_secessionists_broken_out
has_any_secessionists_growing
has_any_secessionists_possible
has_assimilating_pops
has_attitude
has_battle_condition
has_building
has_claim
has_claim_by
has_commander_order
has_company
has_completed_subgoal
has_consumption_tax
has_converting_pops
has_convoys_being_sunk
has_cosmetic_dlc
has_cultural_obsession
has_culture
has_culture_graphics
has_decreasing_interests
has_decree
has_diplomatic_pact
has_diplomatic_play
has_diplomatic_relevance
has_diplomats_expelled
has_discrimination_trait
has_dlc_feature
has_employee_slots_filled
has_export_priority_tariffs
has_failed_hires
has_free_government_reform
has_game_rule
has_game_started
has_gameplay_dlc
has_global_highest_gdp
has_global_highest_innovation
has_global_variable
has_global_variable_list
has_government_clout
has_government_type
has_healthy_economy
has_high_attrition
has_homeland
has_ideology
has_import_priority_tariffs
has_institution
has_insurrectionary_interest_groups
has_interest_marker_in_region
has_journal_entry
has_label
has_law
has_local_variable
has_local_variable_list
has_map_interaction
has_map_interaction_diplomatic_action
has_map_interaction_export_goods
has_map_interaction_import_goods
has_military_formation
has_mobilization_option
has_mobilizing_unit
has_modifier
has_no_priority_tariffs
has_objective
has_ongoing_assimilation
has_ongoing_conversion
has_overlapping_interests
has_party
has_party_member
has_play_goal
has_political_movement
has_pop_culture
has_pop_religion
has_port
has_possible_decisions
has_potential_resource
has_potential_to_form_country
has_reached_end_date
has_religion
has_researchable_technology
has_revolution
has_revolution_over_law_type
has_role
has_ruling_interest_group
has_ruling_interest_group_count
has_secret_goal
has_state_in_state_region
has_state_religion
has_state_trait
has_strategic_adjacency
has_strategic_land_adjacency
has_strategy
has_subject_relation_with
has_sufficient_construction_capacity_for_investment
has_technology_progress
has_technology_researched
has_template
has_terrain
has_trait
has_treaty_port_in_country
has_truce_with
has_unification_candidate
has_unit_type
has_variable
has_variable_list
has_war_exhaustion
has_war_goal
has_war_support
has_war_with
has_wasted_construction
hidden_trigger
highest_secession_progress
ig_approval
ig_clout
ig_government_power_share
ig_state_pol_strength_share
in_default
in_election_campaign
incorporation_progress
influence
infrastructure
infrastructure_usage
initiator_is
institution_investment_level
interest_group_population
interest_group_population_percentage
interest_group_supports_political_movement
investment_pool
investment_pool_gross_income
investment_pool_net_income
is_active
is_adjacent_to_country
is_adjacent_to_state
is_advancing_on_front
is_ai
is_army
is_at_war
is_attacker_in_battle
is_banning_goods
is_being_bolstered
is_being_suppressed
is_buildable
is_building_group
is_building_type
is_building_type_expanded
is_busy
is_capital
is_character_alive
is_civil_war_type
is_coastal
is_construction_paused
is_consumed_by_government_buildings
is_consumed_by_military_buildings
is_country_alive
is_country_type
is_defender_in_battle
is_diplomatic_action_type
is_diplomatic_pact_in_danger
is_diplomatic_play_ally_of
is_diplomatic_play_committed_participant
is_diplomatic_play_enemy_of
is_diplomatic_play_initiator
is_diplomatic_play_involved_with
is_diplomatic_play_participant_with
is_diplomatic_play_target
is_diplomatic_play_type
is_diplomatic_play_undecided_participant
is_direct_subject_of
is_employed
is_enacting_law
is_expanding_institution
is_female
is_fleet
is_forced_pact
is_fully_mobilized
is_game_paused
is_gamestate_tutorial_active
is_goal_complete
is_government_funded
is_heir
is_historical
is_home_country_for
is_homeland
is_homeland_of_country_cultures
is_immune_to_revolutions
is_in_battle
is_in_customs_union
is_in_exile_pool
is_in_government
is_in_list
is_in_revolt
is_in_void
is_in_war_together
is_incorporated
is_insurrectionary
is_interest_active
is_interest_group_type
is_isolated_from_market
is_junior_in_customs_union
is_land_theater
is_largest_state_in_region
is_lens_open
is_local_player
is_losing_power_rank
is_marginal
is_mass_migration_origin
is_mass_migration_origin_of_culture
is_mass_migration_target
is_member_of_party
is_mobilized
is_monarch
is_naval_invasion_stalled_due_to_orders
is_objective_completed
is_on_front
is_owed_obligation_by
is_panel_open
is_party
is_party_type
is_player
is_political_movement_type
is_pop_type
is_popup_open
is_powerful
is_primary_culture_of
is_production_method_active
is_progressing
is_province_land
is_repairing
is_researching_technology
is_researching_technology_category
is_revolutionary
is_revolutionary_movement
is_rightclick_menu_open
is_ruler
is_same_interest_group_type
is_same_law_group_as
is_same_party_type
is_sea_adjacent
is_secessionist
is_set
is_slave_state
is_split_state
is_state_region_land
is_state_religion
is_strategic_objective
is_strongest_ig_in_government
is_subject
is_subject_of
is_subject_type
is_subsidized
is_subsistence_building
is_supporting_unification_candidate
is_target_in_global_variable_list
is_target_in_local_variable_list
is_target_in_variable_list
is_target_of_wargoal
is_taxing_goods
is_trade_route_active
is_trade_route_productive
is_tradeable
is_traveling
is_treaty_port
is_tutorial_active
is_tutorial_lesson_active
is_tutorial_lesson_chain_completed
is_tutorial_lesson_completed
is_tutorial_lesson_step_completed
is_under_colonization
is_under_construction
is_unification_candidate
is_violating_sovereignty_of
is_vulnerable_front
is_war
is_war_participant
is_warleader
isolated_states
law_approved_by
law_stance
leading_producer_of
leads_customs_union
list_size
literacy_rate
local_variable_list_size
loyalist_fraction
loyalty
market_access
market_goods_buy_orders
market_goods_cheaper
market_goods_consumption
market_goods_delta
market_goods_exports
market_goods_has_goods_shortage
market_goods_imports
market_goods_pricier
market_goods_production
market_goods_sell_orders
market_goods_shortage_ratio
market_has_goods_shortage
max_num_declared_interests
max_organization
military_wage_level
military_wage_level_value
month
most_powerful_strata
most_prominent_revolting_interest_group
naval_power_projection
navy_reserves
night_value
num_casualties
num_country_casualties
num_country_dead
num_country_wounded
num_dead
num_declared_interests
num_mobilized_units_in_theater
num_provinces_in_theater
num_taxed_goods
num_wounded
number_of_possible_decisions
occupancy
organization
owes_obligation_to
owns_entire_state_region
owns_treaty_port_in
political_movement_radicalism
political_movement_support
pollution_amount
pollution_generation
pop_employment_building
pop_employment_building_group
pop_has_primary_culture
pop_is_discriminated
pop_loyalist_fraction
pop_neutral_fraction
pop_radical_fraction
pop_type_percent_country
pop_type_percent_state
prefers_law
prestige
produced_authority
produced_bureaucracy
produced_influence
quality_of_life
radical_fraction
relative_infrastructure
religion_accepted
religion_percent_country
religion_percent_state
remaining_undepleted
ruler_can_have_command
scaled_debt
scaled_gold_reserves
shares_heritage_and_other_trait_with_any_primary_culture
shares_heritage_trait_with_any_primary_culture
shares_heritage_trait_with_state_religion
shares_non_heritage_trait_with_any_primary_culture
shares_trait_with_any_primary_culture
shares_trait_with_state_religion
should_set_wargoal
should_show_nudity
shrinking_institution
size_weighted_lost_battles_fraction
standard_of_living
starting_manpower
state_goods_cheaper
state_goods_consumption
state_goods_delta
state_goods_has_local_goods_shortage
state_goods_pricier
state_goods_production
state_has_building_group_levels
state_has_building_levels
state_has_building_type_levels
state_has_goods_shortage
state_population
state_unemployment_rate
strata
supply_network_strength
taking_loans
target_is
tax_capacity
tax_capacity_usage
tax_level
tax_level_value
total_manpower
total_population
total_population_including_subjects
total_population_including_subjects_share
total_population_share
total_urbanization
trade_route_needs_convoys_to_grow
trait_value
turmoil
variable_list_size
war_has_active_peace_deal
was_exiled
was_formed_from
wealth
weekly_net_fixed_income
weekly_profit
weighted_calc_true_if
year
