accept_text
accolade_categories
accolade_parameters
activate_production_methods
active_out_of_context
activity_modifier
activity_special_type_progression
activity_window_widgets
actual_size
add
add_claim_on_loss
add_commander_trait
add_infamy_for_starting_initiator_wargoals
add_matrilineal_spouse
add_same_sex_spouse
add_spouse
addcolumn
additional_involvement_trigger
addrow
adjacency
adjective
adult
affected_by_development
after
after_creation
agent_join_chance
agent_join_threshold
agent_leave_threshold
agent_success_chance
ai
ai_accept
ai_accept_negotiation
ai_can_target_all_titles
ai_chance
ai_check_frequency
ai_check_interval
ai_county_target
ai_create_score
ai_demand_chance
ai_enact_weight_modifier
ai_frequency
ai_goal
ai_intermediary_accept
ai_intermediary_maybe
ai_join_score
ai_liege_desire
ai_max
ai_max_reply_days
ai_maybe
ai_min_reply_days
ai_only_against_liege
ai_only_against_neighbors
ai_potential
ai_primary_priority
ai_province_filter
ai_quality
ai_recipients
ai_score
ai_score_mult
ai_set_target
ai_target_quick_trigger
ai_target_score
ai_targets
ai_usage
ai_value
ai_value_modifier
ai_vassal_desire
ai_weight
ai_will_do
ai_will_select_province
alert_icon
alias
align
all
all_color_list
all_county_modifier
allow
allow_hostages
allow_negotiated_peace
allow_outside
allow_zero_guest_invites
allowed_against_character
allowed_against_character_display_regardless
allowed_for_character
allowed_for_character_display_regardless
allowed_in_hired_troops
alpha
alpha_curve
always_follows_primary_heir
always_use_patronym
alwaystransparent
ambience
ambience_context
animation
answer_accept_key
answer_acknowledge_key
answer_block_key
answer_reject_key
apply_modifier
aptitude_level_breakpoints
aptitude_score
arable_resources
area
arrange_marriage
artifact
artifact_rewards
asset
atlas
attacker_allies_inherit
attacker_capital_gives_war_score
attacker_combat_effects
attacker_modifier
attacker_score_from_battles_scale
attacker_score_from_occupation_scale
attacker_ticking_warscore
attacker_ticking_warscore_delay
attacker_wargoal_percentage
attackers
attracted_to_owner
audio_parameter
auto_accept
auto_fill
auto_selection_weight
autoresize
autoresizescrollarea
average
background
banish_reason
barbershop_data
barony_valid
base
base_employer_modifier
base_secrecy
base_success_chance
base_xp_gain
bastard
battle_participation_mult
birth
birth_date
blend_mode
blend_modes
blend_range
blocked_by_diplomatic_status
blockoverride
body_part
both_parent_has_trait_inherit_chance
boy
build_province_list
building_gfx
building_type
buildings
button
button_copy
button_frontend
button_group
button_id
button_ignore
button_primary
button_tertiary
button_text
button_trigger
buy_cost
cadet_dynasty_names
calls
camera
can_be_activity_guest
can_be_auto_selected
can_be_blocked
can_be_changed
can_be_inherited
can_be_interrupted
can_be_named_after_dynasty
can_be_picked
can_be_picked_artifact
can_be_picked_title
can_be_turned_off
can_benefit
can_change_once
can_character_become_leader
can_character_create
can_character_create_ui
can_character_join
can_construct
can_construct_potential
can_construct_showing_failures_only
can_county_create
can_county_join
can_create
can_create_on_partition
can_destroy
can_enact
can_equip
can_fire
can_get_government
can_have
can_invalidate_interaction
can_keep
can_leave
can_only_start_via_script
can_pass
can_pick
can_pick_for_hybridization
can_progress
can_reassign
can_recruit
can_reforge
can_revolution_inherit
can_send
can_send_despite_rejection
can_sponsor
can_start_showing_failures_only
can_title_have
cancel_scheme_when_traveling
cancel_scheme_when_traveling_target
cancellation_trigger
candidate_score
candidates
capital
capped_resources
catalyst
catalysts
categories
category
category_cooldown
category_cooldown_against_recipient
ceiling
center_portrait
chain
chance
chance_of_no_event
chance_to_happen
change
characer_dynasty_modifier
character
character_allow_create
character_allow_join
character_culture_modifier
character_ideology
character_leaves
character_modifier
character_score
check_all_defenders_for_ticking_war_score
check_attacker_inheritance_validity
check_create_action
check_create_suggestion
check_defender_inheritance_validity
check_missing
checkbutton
checked
child_inheritance_sex
city
claim_inheritance_blocker
click_to_front
clicksound
clothing_gfx
coa_designer_blank
coa_gfx
coat_of_arms
coat_of_arms_template_lists
collective_noun
color
color_lists
color1
color2
color3
colored_emblem
colored_emblem_texture_lists
combat_width
combine_into_one
common
common_interaction
common_parameters
compare_modifier
compatibility
complete
completed
conditions
config
confirm_text
construction_time
consumption_tax_cost
container
content_source
contribution_desc
controller
convoy_cost_multiplier
cooldown
cooldown_against_recipient
corresponding
cost
cost_gold
cost_piety
cost_prestige
council
council_owner_modifier
councillor_modifier
count
counters
counties
country_trigger
county_allow_create
county_allow_join
county_can_switch_to_other_faction
county_create_score
county_culture_modifier
county_dynasty_modifier
county_holder_character_modifier
county_holder_dynasty_perk
county_holding_modifier
county_join_score
county_modifier
county_power
county_target
court_generate_commanders
court_generate_spouses
court_grandeur
court_position
courtier_guest_modifier
courtier_guest_modifier_description
courtier_management
create_cadet_branches
create_primary_tier_titles
created
cultural_acceptance_rule
cultural_names
culture_character_modifier
culture_effects
culture_era
culture_modifier
culture_succession_prio
cultures
cumulative
current_description
current_value
curve
custom
custom_employee_modifier_description
custom_employer_modifier_description
custom_faith_icons
custom_other_loc
damage
datacontext
datamodel
datamodel_reuse_widgets
datamodel_wrap
days
de_jure_drift_disabled
debug_only
dec_button
decal
decaying
decimals
decisions
default
default_format
default_lesson_step_delay
default_option
default_start_date
default_task
default_type
default_value
defend_wargoal_province
defender_allies_inherit
defender_capital_gives_war_score
defender_combat_effects
defender_faith_can_join
defender_modifier
defender_score_from_battles_scale
defender_score_from_occupation_scale
defender_ticking_warscore
defender_ticking_warscore_delay
defender_wargoal_percentage
defenders
defines
definite_form
definition
delay
delay_days
delay_months
delay_years
delayed
delete_on_destroy
delete_on_gain_same_tier
demand
density_curve
desc
description
destroy_if_invalid_heir
destroy_on_succession
diarch_interaction
diarch_modifier
difficulty
diffuse
direction
disable_non_aggression_pacts
disableframe
disables_combat_leadership
disabling_technologies
disallow_random_traits
disallowed_modifiers
disallowing_laws
discontent_progress
discover_innovation
display
display_mode
divide
divine_marriage_opinion
divorce_reason
dlc
dlc_fallback_pillar
dlc_feature
dlc_tradition
dna
dockable_button
doctrine
doctrine_background_icon
doctrine_character_modifier
doctrine_selection_pair
down
downframe
downhoverframe
downpressedframe
drag_drop_base_type
drag_drop_icon
duchies
duchy_capital_building
duchy_capital_county_culture_modifier
duchy_capital_county_modifier
duration
dyn
dynamic_country_name
dynasty_house
dynasty_named_realms
dynasty_names
dynasty_of_location_prefix
dynasty_splendor_level
earliest_usage_date
editbox
editor_textbox
editor_textinput
education
effect
effect_desc
effect_group
effectname
election_type
elector_vote_strength
electors
elide
enable
enable_switch_sides
enabled
enables_inbred
end
end_date
end_interaction
ending_decisions
enemy_ally_province
enemy_capital_province
enemy_province
enemy_unit_priority
enemy_unit_province
entity
entity_animation
entries
environment
era
ethnicities
ethos
even_if_dead
event
event_image
events
excellent
execute_reason
expand
experience
expiration_days
extra_icon
extra_picture
factor
fail
faith_effects
faith_modifier
faiths
fallback
fallback_doctrine
fallback_in_hired_troops_if_unlocked
famed
family
farm
father_name_chance
features
female
female_names
female_only
female_spouses
fervor_per_holy_site
fights_in_main_phase
filename
fill_from_pool
filter_mouse
finish_gamestate_tutorial
first
first_name
first_neg
first_past
first_valid
first_valid_on_action
fittype
fixed_price
fixed_range
fixedgridbox
flag
flags
flavor
flipdirection
floor
flowcontainer
focus_id
focuspolicy
font
fontcolor
fontsize
fontsize_min
force_notification
force_pause_game
format
format_override
fortification
frame
framesize
freeze_scheme_when_traveling
freeze_scheme_when_traveling_target
full_occupation_by_attacker_gives_victory
full_occupation_by_defender_gives_victory
full_progres
future_phases
game_button
garrison_reinforcement_factor
gender
gender_female_chance
gender_law
genes
genetic
genetic_constraint_all
genetic_constraint_men
genetic_constraint_women
gfxtype
girl
give_council_position
global
global_neg
global_past
glow_radius
goal_add_value
good
government
governments
graphical_cultures
graphical_faith
graphical_faiths
graphical_regions
greeting
gridbox_credits_portraits
group
group_equivelence
group_inheritance
grouping
growing
guest_can_arrive
guest_description
guest_intents
guest_management
guest_score
gui
gui_attacker_faith_might_join
gui_defender_faith_might_join
gui_tag
gui_transition
gui_window
hair
happened
has_valid_target
has_valid_target_showing_failures_only
hbox
header_info
header_pattern
height
heir_score
heritage
heritages
hidden
hide_info
hierarchy
high_maintenance_cost
highlight_own_realm
highlight_portrait
highlight_widget
highlightchecked
highlighted_reason
hired_stack_size
historical
history_id
history_loc_override
holder
holding
holy_order_fallback
holy_order_maa
holy_order_names
holy_site
hook_strength_max_opinion
host_intents
hostile
hostility_doctrine
hostility_others
hostility_same_family
hostility_same_religion
house_unity
hybrid
icon
icon_small
id
ideologies
ig_leader
ignore_effect
ignore_opinion_value_if_same_trait
ignore_recipient_recieve_cooldown
ignore_soft_block
ignore_titularity_for_title_weighting
ignoreinvisible
ignores_pending_interaction_block
illustration
illustrious
image
immediate
immortal
imprisonment_by_attacker_give_war_score
imprisonment_by_defender_give_war_score
imprisonment_reason
in_type
in_visuals
inc_button
incapacitating
increased_dynasty_prestige_birth_mult
increased_dynasty_prestige_long_reign_mult
increased_dynasty_prestige_marriage_mult
index
indicator_position_angle
indicator_position_angle_for_enemy
inherit
inherit_chance
inherit_from_real_father
inherit_from_real_mother
inherit_membership
inheritance_blocker
initiator_can_add_war_goals
insert
instance
instant_switch
institution
integer_range
intents
interest_group_leader_usage
interest_group_trigger
interface
interface_effect
interface_priority
interloper_character_modifier
interloper_county_modifier
interloper_doctrine_character_modifier
interloper_parameters
intermediary_answer_accept_key
intermediary_answer_reject_key
intermediary_breakdown_maybe
intermediary_breakdown_no
intermediary_breakdown_yes
intermediary_notification_text
intersectionmask
invalid
invalid_for_government
invite_rule_order
involved_character
involved_character_modifier
involved_county_modifier
involved_doctrine_character_modifier
involved_parameters
involvement
involvement_prerequisite_percentage
is_admiral
is_allowed_claim_title
is_available_on_create
is_bad
is_bad_for
is_basic_order_type
is_character_valid
is_county_valid
is_criminal
is_dangerous
is_decaying
is_default
is_desert
is_enabled
is_general
is_good_for
is_grand_activity
is_graphical_background
is_great_holy_war
is_highlighted
is_jungle
is_location_valid
is_pagan
is_playable
is_predefined
is_prefix
is_riverside
is_secret
is_shown
is_shown_character
is_shown_when_inactive
is_shunned
is_single_location
is_sponsor_valid
is_travel_related
is_valid
is_valid_showing_failures_only
is_valid_tax_collector
is_vassal_valid
item
key
knight_army_modifier
knight_modifier
landless
landless_attacker_needs_armies
language
last_name
latest_usage_date
layer
layers
layoutpolicy_horizontal
layoutpolicy_vertical
leader_leaves
leader_weight
leaders_allowed_to_leave
lease_liege
left_icon
left_portrait
legacy
level
level_perk
levies
levies_contribution_postfix
levies_factor
levy
liege_modifier
liege_or_vassal_valid
lifestyle
limit_max
limit_min
limited_to_frontier_colonization
list
local
localization
localization_key
localization_values
loop
loopinterval
low_maintenance_cost
lower_center_portrait
lower_left_portrait
lower_right_portrait
loyalty_score
maa_upgrade
macro
major
male
male_names
male_only
mandate
margin
margin_bottom
margin_left
margin_right
margin_top
margin_widget
martial_custom
martial_tradition
mask
masterwork
mat_grf_name_chance
mat_grm_name_chance
max
max_ai_diplo_distance_to_title
max_approval
max_attacker_score_from_battles
max_attacker_score_from_occupation
max_available_positions
max_defender_score_from_battles
max_defender_score_from_occupation
max_density
max_garrison
max_guests
max_route_deviation_mult
max_size
max_sub_regiments
max_width
maxcharacters
maxhorizontalslots
maximum_age
maximum_progress_chance
maximum_secrecy
maximum_success_chance
maximumsize
maxverticalslots
men_at_arms
men_can_have_consorts
men_can_have_multiple_spouses
mercenary_fallback
mercenary_names
meshes
military_type
min
min_approval
min_contribution_label
min_levies
min_tax
min_value
min_width
mine
minimum_age
minimum_cost
minimum_fervor
minimum_progress_chance
minimum_rank
minimum_secrecy
minimum_success_chance
minimumsize
minor_left_icon
minor_right_icon
mipmaplodbias
mirror
mirror_war_goal
mode
modifier
modifiers
modifiers_while_active
modify_texture
modulo
monthly_change
monthly_leave_chance_x10
monthly_on_action
months
mood
mother_name_chance
motto
movable
msgr_id
multiline
multiple_targeting
multiplier
multiply
music
mutually_exclusive_titles
my_war_name
my_war_name_base
name
name_list
name_lists
names
natural
natural_death_trigger
naval_entity
naval_exit_id
needs_recipient_to_open
neutral
next
next_building
no_automatic_claims
non_aggression_pact
non_interference
normal
notification_text
notification_type
noun
nr_of_tiles
num_decimals
num_options
number_of_consorts
number_of_picks
number_of_spouses
obedient
object
objectives
obligation_levels
obsession_chance
occupation_participation_mult
on_accept
on_action
on_actions
on_active_state_pulse
on_agent_join
on_agent_leave
on_applied_effect
on_auto_accept
on_blocked_effect
on_cancel_task
on_cancel_task_county
on_cancel_task_court
on_cancelled
on_change_from
on_change_phase
on_change_to
on_complete
on_court_position_invalidated
on_court_position_received
on_court_position_revoked
on_created
on_created_soundeffect
on_creation
on_deactivate_while_mobilized
on_declaration
on_decline
on_decline_summary
on_defeat
on_defeat_desc
on_discover
on_enable
on_enact
on_end
on_enter_active_state
on_enter_locale
on_enter_passive_state
on_enter_phase
on_enter_travel_state
on_expire
on_expose
on_fail
on_finish
on_finish_task
on_finish_task_county
on_finish_task_court
on_fired_from_position
on_get_position
on_host_death
on_intermediary_accept
on_intermediary_decline
on_invalid
on_invalidated
on_invalidated_desc
on_join
on_lose_position
on_monthly
on_monthly_county
on_monthly_court
on_monthly_pulse
on_opened_soundeffect
on_owner_death
on_participant_death
on_pass
on_passive_state_pulse
on_phase_active
on_primary_attacker_death
on_primary_defender_death
on_ready
on_researched
on_revoke
on_send
on_setup
on_sponsor
on_sponsor_invalidated
on_start
on_start_task
on_start_task_county
on_start_task_court
on_tax_collector_fired
on_tax_collector_hired
on_timeout
on_travel_end_effect
on_travel_state_pulse
on_trigger_fail
on_used
on_vassal_assigned
on_vassal_removed
on_victory
on_victory_desc
on_visit
on_war_begins
on_war_end
on_weekly_pulse
on_white_peace
on_white_peace_desc
onclick
onrightclick
ontextchanged
opinion_modifier
opinion_target
opposite_opinion
opposites
option
optional_features
options
options_heading
order
order_of_succession
orphan
other_effects
out_type
out_visuals
outfit_tags
overframe
override_background
override_icon
override_sound
override_transition
oversound
owned_provinces
owner_attracted
owner_modifier
owner_modifier_description
pagan_roots
page
parameter
parameters
parent
parent_inheritance_sex
parentanchor
parents
participants
pass_cost
pat_grf_name_chance
pat_grm_name_chance
patronym_prefix_female
patronym_prefix_female_vowel
patronym_prefix_male
patronym_prefix_male_vowel
patronym_suffix_female
patronym_suffix_male
pattern
pause_factor
pause_game
pause_on_receive
percent
perform_religious_reformation
perpetual
phase_list
phases
physical
picture
piety_cost
piety_from_long_peace
piety_icon_group
placement
player_can_join
points
political_strength
pool_character_config
poor
pop_support
populate_actor_list
populate_recipient_list
popup
popup_on_receive
port
portrait_animation
portrait_extremity_shift
portrait_info
portrait_modifier_overrides
portrait_override
portrait_pose
position
position_y
positive
possible
possible_political_movements
potential
potential_county
potential_target_court
power_level
power_per_agent_skill_point
power_per_skill_point
power_threshold
pre_answer_maybe_breakdown_key
pre_answer_maybe_key
pre_answer_no_breakdown_key
pre_answer_no_key
pre_answer_yes_breakdown_key
pre_answer_yes_key
pre_auto_accept
preferred_religions
prefix
prestige_factor
prestige_opinion_override
primary_building
primary_cultures
primary_heir_minimum_share
primary_heritages
primary_holding
prioritized_mood
priority
prison
production_method
progress
progress_chance
progressbar
progressiveness
prompt
province
province_culture_modifier
province_description
province_dynasty_modifier
province_filter
province_modifier
province_score
province_terrain_modifier
provinces
pseudo_localization_enabled
public_knowledge
pulse_actions
pursuit
qualification_score
random_creation
random_creation_weight
random_events
random_on_actions
random_traits
random_traits_list
random_valid
rank
ranks
raw_text
raw_tooltip
reason
recipient
recipient_recieve_cooldown
recommended
redirect
reference
regiments_prestige_as_gold
region
regions
relation
relation_aliases
religious
remove_default_outfit
remove_existing_councillor
renown
repeat_sound_effect
replace_with
replacement_modifiers
reply_item_key
required_county_holdings
required_features
required_months_in_court
required_techs_for_colonization
requires_approve
requires_character
requires_county
requires_dlc_flag
requires_interest_marker
requires_leader
requires_secret
reserved_female_names
reserved_male_names
reserves
reset
resistance_per_skill_point
resizable
resizeparent
rest
restart_on_finish
restrictparent_min
revoke_cost
revoke_title_reason
right_icon
right_portrait
rotate_uv
rotation
round
royal_court
ruler_child
ruler_designer_cost
ruler_share_min_opinion_from_lessee
ruler_uses_title_name
ruler_valid
rulers_should_have_dynasty
salary
same_dynasty
same_faith
same_hof_hostility_override
same_opinion
same_opinion_if_same_faith
save_progress_in_gamestate
saved_scopes
scale
scale_curve
scale_fuzziness_curve
scaling_employer_modifiers
scheme
scissor
scope
score
screen
scripted_animation
scripted_button
scrollarea
scrollbar
scrollbar_horizontal
scrollbar_vertical
scrollbaralign_horizontal
scrollbaralign_vertical
scrollbarpolicy_horizontal
scrollwidget
search_for_courtier
second_perspective_description
secondary_scopes_optional
secret
secret_goal
selectable_in_lens
selection_count
selection_tooltip
send_name
send_option
send_options_exclusive
sender
set_character_faith_no_effect
set_parent_size_to_minimum
setting
setting_name
setup_scope
severity
sexuality
shaderfile
short_effect_desc
shortcut
should_be_pinned_by_default
should_check_for_interface_availability
should_create_alert
should_invalidate
should_normalize
should_show_for_title
should_show_war_goal_subview
should_start_with
should_use_extra_icon
show_as_unavailable
show_disabled
show_effects_in_notification
show_in_conclusion
show_in_list
show_special_title
shown_in_encyclopedia
shown_in_ruler_designer
siege_participation_mult
siege_tier
siege_value
sins
size
skill
slider
slot
sort_order
sound
sound_alias
soundeffect
soundparameter
spacer
spacing
special
special_ai_interaction
special_building
special_building_slot
special_character_title
special_guest
special_interaction
special_selection
specular
spriteborder
spriteType
spymaster_power_per_skill_point
spymaster_resistance_per_skill_point
stack
stacking
start
start_automatically
start_date
start_murders
start_phase
start_sound
starts_enabled
state
status_desc
steam_id
step
strong
struggle_type
style
subject
subsistence_building
subtract
succession
suffix
suggestion_type
supply_limit_mult_for_others
swing
sync_inheritance_with
tags
take_baronies
target
target_can_add_war_goals
target_de_jure_regions_above
target_filter
target_state
target_title_tier
target_titles
target_top_liege_if_outside_realm
target_type
targeted_titles
task_current_value
task_max_value
task_progress
task_type
tax
tax_contribution_postfix
tax_factor
tax_slot_vassal_limit
template
terrain_bonus
terrible
text
text_selectable
textbox
texture
texture_density
texture_override
textured_emblem
textures
theme
third
third_neg
third_past
third_perspective_description
ticking_war_score_targets_entire_realm
tier_resistance
tile_size
time_perk
timeout
tintcolor
title
title_division
title_grant_target
title_text
titles
tooltip
tooltip_enabled
tooltip_horizontalbehavior
tooltip_offset
tooltip_parentanchor
tooltip_type
tooltip_verticalbehavior
tooltip_widgetanchor
tooltipwidget
toughness
track
tracks
tradeable
traded_quantity
traditions
trait
trait_exclusive_if_realm_contains
trait_rewards
traits
transfer_behavior
transition
transition_state_duration
travel_danger_color
travel_danger_score
travel_entourage_selection
travel_modifier
traversal_order
tree
trigger
trigger_on_create
trigger_transition
triggered_animation
triggered_desc
triggered_effect
triggered_flag
triggered_opinion
triggered_outfit
truce_days
type
type_icon
ugliness_portrait_extremity_shift
ui_predicted_cost
unclamped_contribution_label
uninvolved_county_modifier
uninvolved_parameters
unique
unit_gfx
unit_modifier
unlock_building
unlock_casus_belli
unlock_decision
unlock_law
unlock_maa
unlocking_laws
unlocking_technologies
unreformed
update_effect
upframe
uphoverframe
upkeep_modifier
upkeep_modifier_unscaled
uppressedframe
use_de_jure_wargoal_only
use_decisions
use_diplomatic_range
use_equipped_artifact_in_slot
use_for_flavored_companies
use_for_scheme_power
use_for_scheme_resistance
use_goals
use_lifestyle
use_scripted_guis
use_secrecy
uses_agents
uses_opinion_of_liege
uses_plural_naming
uses_resistance
using
valid
valid_agent
valid_character
valid_county
valid_holdings
valid_position
valid_sex
valid_target_court
valid_to_start
valid_to_start_display_regardless
value
variable
vassal_contract
vassal_contracts
vassal_modifier
vbox
video
video_mask
view
virtues
visible
visible_at_creation
visuals
voice
war_effects
war_goal
war_name
war_name_base
wargoal_province
warmonger
weeks
weight
weight_multiplier
wheelstep
when_taken
white_peace_possible
who
widget
widget_gold_breakdown_tooltip
widget_name
widgetanchor
widgets
width
window
window_characters
window_file
window_name
winter_bonus
winter_severity_bias
women_can_have_consorts
women_can_have_multiple_spouses
wood
xp_per_level
year
years
