_hide
_mouse_enter
_mouse_leave
_mouse_press
_mouse_release
_show
accolades
action
activity
activity_guests
activity_host
actor_artifacts
actor_de_jure_titles
actor_domain_titles
actor_domain_titles_including_leases
add
adm
ADM
admiral
advanced_activities
agitator
agitators
alert
all
alphamultiply
always_off
angry
angry_important_action
antagonistic
any
approve
army
artifact
as_needed
background
bad
belligerent
bottom
button_group
buttongfx
cautious
center
centercrop
character
character_event
checkbutton
checkbuttongfx
children
city
coastal
coatofarmsbuttongfx
combat
combat_side
commander
common
company
conciliatory
condition
confirmation
conquest
container
cooperative
corneredstretched
Corneredstretched
Corneredtiled
councillors
country_event
courtiers
de_jure_claim
default
development
dip
DIP
disapprove
disinterested
display
diverge_culture
domain
domineering
drag_drop_icon
duchy_capital
dynasty
dynasty_house
economy
editbox
editboxgfx
election
elegance_of_the_empire
equal
ethos
expanding
export
fail
faith
famed
family
farm
feed
female
female_only
female_preference
first_country_and_subjects
first_required
fixedgridbox
flowcontainer
framedbuttongfx
framedprogressbargfx
friends_and_foes
frontend
game_button
game_entity_view
general
genial
good
guests
happy
hbox
hcenter
head
head_of_faith
heritage
high
holder
holder_close_family
holder_close_or_extended_family
holder_direct_vassals
holder_dynasty
holder_spouses
holy_sites
hooked_characters
horizontal
hsv
hsv360
human_rights
hybridize_culture
icon
icongfx
illegitimate
illustrious
import
important_action
incorporated
inherit
inherit_faction
inheritance
inland
invalid
invalidate
jomini_entitygfx
knight
known_secrets
landed_title
language
left
legacy_of_persia
legitimate
liege
list
low
lower_center_portrait
lower_left_portrait
lower_right_portrait
loyal
major
male
male_only
male_preference
martial_custom
masterwork
medium
middle
mil
MIL
mine
minor
mirror
most_productive
most_profitable
movement_to_enact
movement_to_preserve
movement_to_restore
multiply
navy
negative
neighbor_land
neighbor_land_or_water
neighbor_water
neighboring_rulers
neutral
never
new_leader_on_reform_government
nobaseline
none
oldest
overlay
partition
pdxmesh
peer_vassals
personality
player_building
player_commander
player_country
player_diplomatic_action
player_diplomatic_pact
player_diplomatic_play
player_diplomatic_relations
player_interest_group
player_invaded_state
player_involved_market
player_market_goods
player_military_formation
player_national_market
player_naval_invasion
player_state
player_trade_route
politician
poor
port
positive
power_structure
preferred
primary_culture
primary_war_enemies
prisoners
progressbar
progressbargfx
progresspiegfx
protective
province
radiobutton
random
realm
realm_characters
rebellious
recipient_de_jure_titles
recipient_domain_titles
recipient_domain_titles_including_leases
regular
revolution
rgb
rich
right
royal_court
ruler
rural
same_as_puppet
same_faith
same_family
same_religion
scheme
scheme_targets
scripted_relations
scrollbar
secondary_actor_de_jure_titles
secondary_actor_domain_titles
secondary_actor_domain_titles_including_leases
secondary_recipient_de_jure_titles
secondary_recipient_domain_titles
secondary_recipient_domain_titles_including_leases
secret
self
show_above
show_above_default
show_below
show_below_default
shrinking
single_heir
skill
slide
special
spouses
strong
strongly_approve
strongly_disapprove
sub_realm_characters
task_progress_infinite
task_progress_percentage
task_progress_value
textbox
textboxgfx
the_fate_of_iberia
the_northern_lords
theocratic
title_and_vassal_change
title_claim
title_claimants
title_dejure_vassals
toast
togglepushbuttongfx
top
torso
tours_and_tournaments
transfer
treaty_port
tree
tutorial
unhappy
unincorporated
updownframedbuttongfx
urban
vassals
vbox
vcenter
vertical
very_high
very_low
videogfx
wants_export
wants_high_supply
wants_to_have
war_allies
war_enemies
wards_and_wardens
wheel
widget
window
windowgfx
windows_layer
wood
youngest
