abandon_colonial_charter
abandon_location
activate_situation
add_accepted_culture
add_additional_migration
add_adm
add_antagonism
add_army_tradition
add_artist_skill
add_avatar
add_bonus_warscore
add_breach
add_casus_belli
add_character_modifier
add_colonial_claim
add_cooldown
add_core
add_country_modifier
add_country_to_international_organization
add_country_to_international_organization_no_update
add_cultural_influence
add_cultural_tradition
add_devotion
add_dip
add_diplomats
add_doom
add_enemy_to_international_organization
add_estate_satisfaction
add_extended_winter
add_favors
add_fertility
add_food
add_food_percentage
add_god
add_gold
add_gold_to_estate
add_goods_supply
add_government_power
add_harmony
add_historical_rival
add_honor
add_horde_unity
add_inflation
add_internal_flag
add_international_organization
add_international_organization_modifier
add_karma
add_legitimacy
add_liberty_desire
add_location_as_core
add_location_modifier
add_location_to_international_organization
add_manpower
add_mercenary_modifier
add_merchant_power
add_migration
add_mil
add_morale
add_navy_tradition
add_opinion
add_policy
add_policy_to_international_organization
add_policy_wanted_by_estate
add_pop
add_pop_satisfaction
add_pop_size
add_prestige
add_province_modifier
add_purity
add_random_trait_from_category
add_rebel_modifier
add_rebel_progress
add_reform
add_reform_desire
add_religion_modifier
add_religious_aspect
add_religious_focus
add_religious_focus_progress
add_religious_influence
add_republican_tradition
add_research_progress
add_righteousness
add_rite_power
add_rival
add_road_to
add_sailors
add_self_control
add_spy_network
add_stability
add_subunit
add_subunit_experience
add_subunit_morale
add_subunit_strength
add_subunit_strength_percentage
add_temporary_demand
add_to_cabinet
add_to_global_variable_list
add_to_list
add_to_local_variable_list
add_to_variable_list
add_tolerated_culture
add_trait
add_tribal_cohesion
add_truce_with
add_trust
add_unit_modifier
add_vfx
add_war_exhaustion
add_yanantin
add_yearly_gold
add_yearly_manpower
add_yearly_sailors
adopt_character
align_societal_values_to
annex_country
become_hired_by
block_treaties
bribe_estate
bypass_mission_task
cancel_area_exploration
cancel_exploration
cancel_loan
cancel_subject
cancel_trade
change_annexation_progress
change_art_quality
change_assigned_merchant_capacity
change_building_level
change_building_level_in_location
change_building_owner
change_casus_belli_creation_progress
change_character_allegiance
change_character_culture
change_character_estate
change_character_religion
change_colonial_charter_owner
change_control
change_country_adjective
change_country_color
change_country_dynastic_name
change_country_flag
change_country_name
change_country_tag
change_country_type
change_cultural_view
change_culture
change_development
change_disease_presence
change_dynasty
change_exploration_progress
change_explorer
change_father
change_garrison_size
change_global_variable
change_government_type
change_heir_selection
change_institution_progress
change_integration_level
change_integration_progress
change_language
change_loan_amount
change_loan_borrower
change_loan_interest
change_loan_owner
change_local_variable
change_location_controller
change_location_owner
change_location_rank
change_maritime_presence_power
change_max_raw_material_workers
change_mother
change_parliament_issue_support
change_player
change_pop_allegiance
change_pop_culture
change_pop_owner
change_pop_religion
change_pop_type
change_privateer_owner
change_privateer_power
change_prosperity
change_province_food
change_province_food_percentage
change_province_integration
change_province_owner
change_raw_material
change_religion
change_religion_view
change_societal_value
change_subject_type
change_subunit_type
change_unit_owner
change_variable
clamp_global_variable
clamp_local_variable
clamp_variable
clear_global_variable_list
clear_local_variable_list
clear_saved_scope
clear_variable_list
close_all_views
complete_mission_task
conditional_effect
construct_building
construct_estate_building
construct_location_rank
construct_rgo_upgrade
construct_road
copy_country_color
copy_country_flag
copy_country_name_and_adjective
create_army_country_from_province
create_army_country_in_location
create_art
create_building_country_in_location
create_character
create_colonial_charter
create_country_from_cores_in_our_locations
create_country_from_location
create_dynasty_from_location
create_estate_loan
create_holy_site
create_international_organization
create_location_country_from_province
create_market
create_mercenary
create_named_dynasty
create_navy_country_from_province
create_navy_country_in_location
create_num_sub_unit
create_num_sub_unit_of_category
create_rebel
create_relation
create_route
create_sub_unit
create_sub_unit_of_category
create_sub_unit_with_owner
create_trade
create_union
custom_description_no_bullet
custom_label
damage_unit_morale_percent
damage_unit_percent
debug_log_date
debug_log_scopes
declare_war
declare_war_with_cb
destroy_all_buildings_of_type
destroy_art
destroy_building
destroy_colonial_charter
destroy_holy_site
destroy_international_organization
destroy_international_organization_no_instigator
destroy_market
destroy_mercenary
destroy_pop
destroy_rebel
destroy_subunit
destroy_unit
discover_area
discover_location
dismiss_mercenary
dismiss_privateer
divorce_character
drop_antagonism_bomb
enable_religion
end_mission
end_parliament
end_situation
end_vote
error_log
estate_add_gold
every_accepted_culture
every_active_disaster
every_active_estate
every_active_resolution
every_adjacent_ports_to_area
every_allowed_estate_in_heir_selection
every_ancestor
every_area
every_area_in_region
every_area_with_core
every_area_with_owned_province
every_army
every_artist
every_attacker
every_avatar_for_god
every_besieging_unit
every_border_location
every_buildable_building_type
every_building_type
every_buildings_in_location
every_cabinet
every_cabinet_action
every_cabinet_character
every_cardinal_in_country
every_cardinal_in_religion
every_casus_belli_on_us
every_casus_belli_target
every_center
every_character
every_character_in_dynasty
every_character_supporting_rebel
every_child
every_close_relative
every_coast_border_location
every_colonial_charter
every_colonial_claim_province_definition
every_colonial_country
every_colonial_overlord
every_colonial_top_overlord
every_connected_location
every_construction_material_for_building_type
every_continent
every_controlled_location
every_core_in_location
every_core_location
every_country
every_country_annexing_us
every_country_at_war_with
every_country_in_culture
every_country_in_culture_group
every_country_in_diplomatic_range
every_country_in_dynasty
every_country_in_hierarchy
every_country_in_religion
every_country_in_religion_group
every_country_in_religious_school
every_country_lent_to
every_country_of_country_type
every_country_sub_unit
every_country_supporting_rebel
every_country_that_can_be_called_defensively
every_country_that_can_be_called_offensively
every_country_together_in_war_with
every_country_we_are_annexing
every_country_with_antagonism_against_us
every_country_with_capital_in_geography
every_country_with_cardinals
every_country_with_coalition_grade_antagonism_against_us
every_country_with_special_status_of_type
every_country_with_succession_law
every_culture
every_culture_group
every_culture_in_culture_group
every_culture_in_group
every_current_avatars
every_current_gods
every_current_law
every_current_law_in_international_organization
every_current_policy
every_current_policy_in_international_organization
every_current_reforms
every_current_war
every_defender
every_descendant
every_disloyal_subject
every_dynasty
every_east_of_province_definition
every_election_candidates
every_enemy
every_enemy_war_leader
every_estate
every_estate_privilege
every_estate_type_preferring
every_exploration_from_country
every_export
every_export_from_location
every_foreign_building_countries_in_location
every_foreign_buildings_in_location
every_fort_in_country
every_friendly_coast_border_location
every_friendly_country
every_friendly_or_high_opinion_country
every_friendly_to_friendly_country
every_friendly_to_hostile_country
every_god_in_religion
every_good_in_demand
every_goods
every_graphical_culture_in_culture
every_great_power
every_heathen_location
every_heretic_location
every_hired_mercenary
every_historical_enemy
every_historical_rival
every_holy_site_in_country
every_holy_site_in_religion
every_hostile_country
every_hostile_or_low_opinion_country
every_hostile_to_friendly_country
every_hostile_to_hostile_country
every_import
every_import_from_location
every_in_global_list
every_in_list
every_in_local_list
every_institutions_embraced
every_international_organization
every_international_organization_elector
every_international_organization_enemy
every_international_organization_member
every_international_organization_owned_location
every_international_organization_owner
every_international_organization_parliament_opposers
every_international_organization_parliament_supporter
every_international_organizations_member_of
every_international_organizations_target_of
every_invited_religious_figure
every_known_country
every_left_flank
every_lent_loan
every_loan
every_loan_lent_to_country
every_location_in_area
every_location_in_continent
every_location_in_market
every_location_in_province
every_location_in_province_definition
every_location_in_region
every_location_in_sub_continent
every_location_in_the_world
every_loyal_subject
every_maritime_area
every_market_center_in_country
every_market_in_world
every_market_present_in_country
every_market_with_merchants
every_mercenary
every_mercenary_sub_unit
every_merchant_in_market
every_navy
every_neighbor_area
every_neighbor_country
every_neighbor_location
every_neighbor_province_definition
every_nomad_countries_in_location
every_non_state_religion_location
every_other_core_country
every_other_country
every_other_great_power
every_other_religion_in_same_group
every_other_revolutionary
every_overlord_or_above
every_ownable_location
every_ownable_location_in_area
every_ownable_location_in_continent
every_ownable_location_in_province_definition
every_ownable_location_in_region
every_ownable_location_in_sub_continent
every_owned_building
every_owned_foreign_building
every_owned_foreign_building_location
every_owned_foreign_building_region
every_owned_location
every_owned_nomad_pop
every_owned_non_rural_location
every_owned_rural_location
every_owner_in_region
every_parent
every_participating_countries
every_participating_units
every_past_liturgical_dialect
every_policy_in_law
every_political_border_location
every_pop
every_pops_supporting_rebel
every_port_in_country
every_possible_disaster
every_possible_parliament_issue
every_possible_policy
every_possible_privilege
every_possible_recruit_location
every_present_country
every_present_culture_in_country
every_present_culture_in_location
every_present_overlord
every_present_religion_in_country
every_present_religion_in_location
every_primary_or_accepted_culture
every_primary_or_accepted_tolerated_culture
every_privateer
every_privateer_from_country
every_privateer_in_area
every_production_method
every_production_method_of_building
every_province
every_province_definition
every_province_definition_in_area
every_province_in_area
every_province_in_province_definition
every_rebel
every_region
every_region_in_continent
every_related_country
every_religion
every_religion_for_god
every_religion_in_religion_group
every_religion_international_organization
every_religious_aspect
every_religious_focus
every_rented_out_mercenary
every_required_goods
every_reserves
every_retreated
every_revolutionary
every_right_flank
every_rival
every_road_type
every_royal_marriage
every_ruler
every_ruling_countries
every_spouse
every_spy_network_built_in_us
every_sub_continent
every_sub_continent_in_continent
every_sub_unit
every_subject
every_subject_or_below
every_tolerated_culture
every_trade
every_union_partner
every_unit
every_unit_in_location
every_valid_religion_for_aspect
every_voter
every_war
every_war_participant
every_weather_system_in_location
every_west_of_province_definition
every_work_of_art
every_work_of_art_by_creator
every_work_of_art_in_country
every_work_of_art_in_location
execute_prisoners
execute_propose_effect
extend_regency
finalize_resolution
find_route
fire_generic_action
floodfill_locations
force_city_gfx_rebuild
force_recalc_country_active_status
force_refresh_culture_and_religion
force_union
form_country
form_new_culture
found_dynasty
garrison_sortie
give_loan
grant_estate_privilege
grant_parliament_agenda
grant_parliament_agenda_for_estate
grant_parliament_agenda_for_special_status
hidden_effect
hire_mercenary
hire_prisoners_as_mercenaries
hire_privateer
impregnate
international_organization_add_special_status
international_organization_chooses_new_leader
international_organization_remove_special_status
join_war_against
join_war_as_attacker
join_war_as_defender
join_war_with
kill_character
kill_character_silently
leave_war
lift_fog_of_war
lock_unit
loot_location
make_saint
make_saint_in_character_religion
make_subject_of
make_unit_available_for_hire
marry_character
merge_culture_group
move_art
move_country
move_prisoners_to_safety
move_to_assist_on_adjacent_combat
ordered_accepted_culture
ordered_active_disaster
ordered_active_estate
ordered_active_resolution
ordered_adjacent_ports_to_area
ordered_allowed_estate_in_heir_selection
ordered_ancestor
ordered_area
ordered_area_in_region
ordered_area_with_core
ordered_area_with_owned_province
ordered_army
ordered_artist
ordered_attacker
ordered_avatar_for_god
ordered_besieging_unit
ordered_border_location
ordered_buildable_building_type
ordered_building_type
ordered_buildings_in_location
ordered_cabinet
ordered_cabinet_action
ordered_cabinet_character
ordered_cardinal_in_country
ordered_cardinal_in_religion
ordered_casus_belli_on_us
ordered_casus_belli_target
ordered_center
ordered_character
ordered_character_in_dynasty
ordered_character_supporting_rebel
ordered_child
ordered_close_relative
ordered_coast_border_location
ordered_colonial_charter
ordered_colonial_claim_province_definition
ordered_colonial_country
ordered_colonial_overlord
ordered_colonial_top_overlord
ordered_connected_location
ordered_construction_material_for_building_type
ordered_continent
ordered_controlled_location
ordered_core_in_location
ordered_core_location
ordered_country
ordered_country_annexing_us
ordered_country_at_war_with
ordered_country_in_culture
ordered_country_in_culture_group
ordered_country_in_diplomatic_range
ordered_country_in_dynasty
ordered_country_in_hierarchy
ordered_country_in_religion
ordered_country_in_religion_group
ordered_country_in_religious_school
ordered_country_lent_to
ordered_country_of_country_type
ordered_country_sub_unit
ordered_country_supporting_rebel
ordered_country_that_can_be_called_defensively
ordered_country_that_can_be_called_offensively
ordered_country_together_in_war_with
ordered_country_we_are_annexing
ordered_country_with_antagonism_against_us
ordered_country_with_capital_in_geography
ordered_country_with_cardinals
ordered_country_with_coalition_grade_antagonism_against_us
ordered_country_with_special_status_of_type
ordered_country_with_succession_law
ordered_culture
ordered_culture_group
ordered_culture_in_culture_group
ordered_culture_in_group
ordered_current_avatars
ordered_current_gods
ordered_current_law
ordered_current_law_in_international_organization
ordered_current_policy
ordered_current_policy_in_international_organization
ordered_current_reforms
ordered_current_war
ordered_defender
ordered_descendant
ordered_disloyal_subject
ordered_dynasty
ordered_east_of_province_definition
ordered_election_candidates
ordered_enemy
ordered_enemy_war_leader
ordered_estate
ordered_estate_privilege
ordered_estate_type_preferring
ordered_exploration_from_country
ordered_export
ordered_export_from_location
ordered_foreign_building_countries_in_location
ordered_foreign_buildings_in_location
ordered_fort_in_country
ordered_friendly_coast_border_location
ordered_friendly_country
ordered_friendly_or_high_opinion_country
ordered_friendly_to_friendly_country
ordered_friendly_to_hostile_country
ordered_god_in_religion
ordered_good_in_demand
ordered_goods
ordered_graphical_culture_in_culture
ordered_great_power
ordered_heathen_location
ordered_heretic_location
ordered_hired_mercenary
ordered_historical_enemy
ordered_historical_rival
ordered_holy_site_in_country
ordered_holy_site_in_religion
ordered_hostile_country
ordered_hostile_or_low_opinion_country
ordered_hostile_to_friendly_country
ordered_hostile_to_hostile_country
ordered_import
ordered_import_from_location
ordered_in_global_list
ordered_in_list
ordered_in_local_list
ordered_institutions_embraced
ordered_international_organization
ordered_international_organization_elector
ordered_international_organization_enemy
ordered_international_organization_member
ordered_international_organization_owned_location
ordered_international_organization_owner
ordered_international_organization_parliament_opposers
ordered_international_organization_parliament_supporter
ordered_international_organizations_member_of
ordered_international_organizations_target_of
ordered_invited_religious_figure
ordered_known_country
ordered_left_flank
ordered_lent_loan
ordered_loan
ordered_loan_lent_to_country
ordered_location_in_area
ordered_location_in_continent
ordered_location_in_market
ordered_location_in_province
ordered_location_in_province_definition
ordered_location_in_region
ordered_location_in_sub_continent
ordered_location_in_the_world
ordered_loyal_subject
ordered_maritime_area
ordered_market_center_in_country
ordered_market_in_world
ordered_market_present_in_country
ordered_market_with_merchants
ordered_mercenary
ordered_mercenary_sub_unit
ordered_merchant_in_market
ordered_navy
ordered_neighbor_area
ordered_neighbor_country
ordered_neighbor_location
ordered_neighbor_province_definition
ordered_nomad_countries_in_location
ordered_non_state_religion_location
ordered_other_core_country
ordered_other_country
ordered_other_great_power
ordered_other_religion_in_same_group
ordered_other_revolutionary
ordered_overlord_or_above
ordered_ownable_location
ordered_ownable_location_in_area
ordered_ownable_location_in_continent
ordered_ownable_location_in_province_definition
ordered_ownable_location_in_region
ordered_ownable_location_in_sub_continent
ordered_owned_building
ordered_owned_foreign_building
ordered_owned_foreign_building_location
ordered_owned_foreign_building_region
ordered_owned_location
ordered_owned_nomad_pop
ordered_owned_non_rural_location
ordered_owned_rural_location
ordered_owner_in_region
ordered_parent
ordered_participating_countries
ordered_participating_units
ordered_past_liturgical_dialect
ordered_policy_in_law
ordered_political_border_location
ordered_pop
ordered_pops_supporting_rebel
ordered_port_in_country
ordered_possible_disaster
ordered_possible_parliament_issue
ordered_possible_policy
ordered_possible_privilege
ordered_possible_recruit_location
ordered_present_country
ordered_present_culture_in_country
ordered_present_culture_in_location
ordered_present_overlord
ordered_present_religion_in_country
ordered_present_religion_in_location
ordered_primary_or_accepted_culture
ordered_primary_or_accepted_tolerated_culture
ordered_privateer
ordered_privateer_from_country
ordered_privateer_in_area
ordered_production_method
ordered_production_method_of_building
ordered_province
ordered_province_definition
ordered_province_definition_in_area
ordered_province_in_area
ordered_province_in_province_definition
ordered_rebel
ordered_region
ordered_region_in_continent
ordered_related_country
ordered_religion
ordered_religion_for_god
ordered_religion_in_religion_group
ordered_religion_international_organization
ordered_religious_aspect
ordered_religious_focus
ordered_rented_out_mercenary
ordered_required_goods
ordered_reserves
ordered_retreated
ordered_revolutionary
ordered_right_flank
ordered_rival
ordered_road_type
ordered_royal_marriage
ordered_ruler
ordered_ruling_countries
ordered_spouse
ordered_spy_network_built_in_us
ordered_sub_continent
ordered_sub_continent_in_continent
ordered_sub_unit
ordered_subject
ordered_subject_or_below
ordered_tolerated_culture
ordered_trade
ordered_union_partner
ordered_unit
ordered_unit_in_location
ordered_valid_religion_for_aspect
ordered_voter
ordered_war
ordered_war_participant
ordered_weather_system_in_location
ordered_west_of_province_definition
ordered_work_of_art
ordered_work_of_art_by_creator
ordered_work_of_art_in_country
ordered_work_of_art_in_location
pay_off_loans
pay_policy_price_effect
pay_price
perform_diplomatic_action
post_audio_event
propose_resolution
raise_all_levies
raise_levies
random
random_accepted_culture
random_active_disaster
random_active_estate
random_active_resolution
random_adjacent_ports_to_area
random_allowed_estate_in_heir_selection
random_ancestor
random_area
random_area_in_region
random_area_with_core
random_area_with_owned_province
random_army
random_artist
random_attacker
random_avatar_for_god
random_besieging_unit
random_border_location
random_buildable_building_type
random_building_type
random_buildings_in_location
random_cabinet
random_cabinet_action
random_cabinet_character
random_cardinal_in_country
random_cardinal_in_religion
random_casus_belli_on_us
random_casus_belli_target
random_center
random_character
random_character_in_dynasty
random_character_supporting_rebel
random_child
random_close_relative
random_coast_border_location
random_colonial_charter
random_colonial_claim_province_definition
random_colonial_country
random_colonial_overlord
random_colonial_top_overlord
random_connected_location
random_construction_material_for_building_type
random_continent
random_controlled_location
random_core_in_location
random_core_location
random_country
random_country_annexing_us
random_country_at_war_with
random_country_in_culture
random_country_in_culture_group
random_country_in_diplomatic_range
random_country_in_dynasty
random_country_in_hierarchy
random_country_in_religion
random_country_in_religion_group
random_country_in_religious_school
random_country_lent_to
random_country_of_country_type
random_country_sub_unit
random_country_supporting_rebel
random_country_that_can_be_called_defensively
random_country_that_can_be_called_offensively
random_country_together_in_war_with
random_country_we_are_annexing
random_country_with_antagonism_against_us
random_country_with_capital_in_geography
random_country_with_cardinals
random_country_with_coalition_grade_antagonism_against_us
random_country_with_special_status_of_type
random_country_with_succession_law
random_culture
random_culture_group
random_culture_in_culture_group
random_culture_in_group
random_current_avatars
random_current_gods
random_current_law
random_current_law_in_international_organization
random_current_policy
random_current_policy_in_international_organization
random_current_reforms
random_current_war
random_defender
random_descendant
random_disloyal_subject
random_dynasty
random_east_of_province_definition
random_election_candidates
random_enemy
random_enemy_war_leader
random_estate
random_estate_privilege
random_estate_type_preferring
random_exploration_from_country
random_export
random_export_from_location
random_foreign_building_countries_in_location
random_foreign_buildings_in_location
random_fort_in_country
random_friendly_coast_border_location
random_friendly_country
random_friendly_or_high_opinion_country
random_friendly_to_friendly_country
random_friendly_to_hostile_country
random_god_in_religion
random_good_in_demand
random_goods
random_graphical_culture_in_culture
random_great_power
random_heathen_location
random_heretic_location
random_hired_mercenary
random_historical_enemy
random_historical_rival
random_holy_site_in_country
random_holy_site_in_religion
random_hostile_country
random_hostile_or_low_opinion_country
random_hostile_to_friendly_country
random_hostile_to_hostile_country
random_import
random_import_from_location
random_in_global_list
random_in_list
random_in_local_list
random_institutions_embraced
random_international_organization
random_international_organization_elector
random_international_organization_enemy
random_international_organization_member
random_international_organization_owned_location
random_international_organization_owner
random_international_organization_parliament_opposers
random_international_organization_parliament_supporter
random_international_organizations_member_of
random_international_organizations_target_of
random_invited_religious_figure
random_known_country
random_left_flank
random_lent_loan
random_list
random_loan
random_loan_lent_to_country
random_location_in_area
random_location_in_continent
random_location_in_market
random_location_in_province
random_location_in_province_definition
random_location_in_region
random_location_in_sub_continent
random_location_in_the_world
random_log_scopes
random_loyal_subject
random_maritime_area
random_market_center_in_country
random_market_in_world
random_market_present_in_country
random_market_with_merchants
random_mercenary
random_mercenary_sub_unit
random_merchant_in_market
random_navy
random_neighbor_area
random_neighbor_country
random_neighbor_location
random_neighbor_province_definition
random_nomad_countries_in_location
random_non_state_religion_location
random_other_core_country
random_other_country
random_other_great_power
random_other_religion_in_same_group
random_other_revolutionary
random_overlord_or_above
random_ownable_location
random_ownable_location_in_area
random_ownable_location_in_continent
random_ownable_location_in_province_definition
random_ownable_location_in_region
random_ownable_location_in_sub_continent
random_owned_building
random_owned_foreign_building
random_owned_foreign_building_location
random_owned_foreign_building_region
random_owned_location
random_owned_nomad_pop
random_owned_non_rural_location
random_owned_rural_location
random_owner_in_region
random_parent
random_participating_countries
random_participating_units
random_past_liturgical_dialect
random_policy_in_law
random_political_border_location
random_pop
random_pops_supporting_rebel
random_port_in_country
random_possible_disaster
random_possible_parliament_issue
random_possible_policy
random_possible_privilege
random_possible_recruit_location
random_present_country
random_present_culture_in_country
random_present_culture_in_location
random_present_overlord
random_present_religion_in_country
random_present_religion_in_location
random_primary_or_accepted_culture
random_primary_or_accepted_tolerated_culture
random_privateer
random_privateer_from_country
random_privateer_in_area
random_production_method
random_production_method_of_building
random_province
random_province_definition
random_province_definition_in_area
random_province_in_area
random_province_in_province_definition
random_rebel
random_region
random_region_in_continent
random_related_country
random_religion
random_religion_for_god
random_religion_in_religion_group
random_religion_international_organization
random_religious_aspect
random_religious_focus
random_rented_out_mercenary
random_required_goods
random_reserves
random_retreated
random_revolutionary
random_right_flank
random_rival
random_road_type
random_royal_marriage
random_ruler
random_ruling_countries
random_spouse
random_spy_network_built_in_us
random_sub_continent
random_sub_continent_in_continent
random_sub_unit
random_subject
random_subject_or_below
random_tolerated_culture
random_trade
random_union_partner
random_unit
random_unit_in_location
random_valid_religion_for_aspect
random_voter
random_war
random_war_participant
random_weather_system_in_location
random_west_of_province_definition
random_work_of_art
random_work_of_art_by_creator
random_work_of_art_in_country
random_work_of_art_in_location
ransom_prisoners
refresh_map_colors
refund_price
release_non_cores
relocate_market
remove_accepted_culture
remove_additional_migration
remove_all_casus_belli
remove_antagonism
remove_avatar
remove_breach
remove_casus_belli
remove_character_allegiance
remove_character_modifier
remove_colonial_claim
remove_commander
remove_cooldown
remove_core
remove_country_from_international_organization
remove_country_modifier
remove_enemy_from_international_organization
remove_extended_winter
remove_from_cabinet
remove_from_international_organization
remove_from_list
remove_global_variable
remove_god
remove_historical_rival
remove_international_organization_modifier
remove_law
remove_law_from_international_organization
remove_list_global_variable
remove_list_local_variable
remove_list_variable
remove_local_variable
remove_location_from_international_organization
remove_location_modifier
remove_mercenary_modifier
remove_merchant_power
remove_migration
remove_opinion
remove_policy
remove_policy_from_international_organization
remove_pop_allegiance
remove_province_modifier
remove_rebel_modifier
remove_reform
remove_relation
remove_religion_modifier
remove_religious_aspect
remove_religious_focus
remove_rival
remove_ruler
remove_temporary_demand
remove_tolerated_culture
remove_trait
remove_traits_of_category
remove_truce_with
remove_trust
remove_unit_modifier
remove_variable
remove_vfx
remove_vote
rename_location
request_ransom_prisoners
research_advance
reset_regency
reverse_add_antagonism
reverse_add_opinion
reverse_add_trust
reverse_change_cultural_view
reverse_change_religion_view
reverse_set_cultural_view
reverse_set_religious_view
reverse_set_school_opinion
revoke_estate_privilege
round_global_variable
round_local_variable
round_variable
save_scope_as
save_scope_value_as
sell_goods_from_location
sell_prisoners_into_slavery
set_age_preference
set_army_tradition
set_art_owner
set_as_commander
set_as_designated_heir
set_automated_system
set_bankruptcy
set_capital
set_child_education
set_collection_pin
set_country_employment_system
set_country_military_stance
set_country_rank
set_court_language
set_cultural_view
set_devotion
set_disease_presence
set_doom
set_dynasty_name_type
set_ethnicity
set_first_name
set_garrison_size
set_global_variable
set_gold
set_government_power
set_harmony
set_honor
set_horde_unity
set_inflation
set_karma
set_leader_country
set_legitimacy
set_liturgical_language
set_loc_key
set_local_variable
set_locked
set_lowborn
set_manpower
set_navy_tradition
set_needs_reform
set_new_foreign_ruler
set_new_foreign_ruler_no_update
set_new_ruler
set_new_ruler_no_update
set_nickname
set_parliament_active
set_parliament_issue
set_parliament_issue_support
set_parliament_location
set_parliament_type
set_participated_in_parliament
set_prestige
set_purity
set_regent
set_religious_influence
set_religious_school
set_religious_view
set_republican_tradition
set_revolution
set_revolution_target
set_righteousness
set_rite_power
set_sailors
set_school_opinion
set_self_control
set_societal_value
set_stability
set_subsidized
set_target_of_international_organization
set_to_limited_random_stat
set_tribal_cohesion
set_tutorial_var
set_unit_size
set_variable
set_vote
set_war_exhaustion
set_yanantin
show_as_tooltip
sort_global_variable_list
sort_local_variable_list
sort_variable_list
spawn_army_levy_unit
spawn_disease
spawn_navy_levy_unit
split_pop
stall_exploration
start_civil_war
start_conquistador
start_exploration
start_mission
start_periphora_towards
start_revolt
start_tutorial_lesson
start_weather_system
start_work_of_art
stop_annexing_country
stop_cabinet_action
stop_tutorial
support_rebel
take_over_all_wars
test_log
transfer_yearly_gold
transfer_yearly_manpower
transfer_yearly_sailors
trigger_event_non_silently
trigger_event_silently
unlock_unit
unset_participated_in_parliament
white_peace
