@active_outbreak
@active_resolution
@advance_type
@age
@area
@area_exploration
@array_define
@artist_type
@avatar
@bias_value
@building
@building_type
@c
@cabinet_action
@cast_vote_in_active_resolution
@casus_belli
@character
@character_interaction
@child_education
@climate
@continent
@country_interaction
@country_rank
@country_rank_on_date
@culture
@culture_group
@default_price
@define
@demand
@dialect
@disaster_type
@disease
@dynasty
@employment_system
@estate
@estate_power
@estate_privilege
@estate_satisfaction
@estate_target_satisfaction
@estate_tax_base
@estate_tax_percentage
@estate_type
@ethnicity
@flag
@formable_country
@generic_action
@gfx_culture
@global_var
@god
@goods
@government_reform
@government_type
@hegemony
@heir_selection
@holy_site_definition
@holy_site_type
@institution
@institution_progress
@interaction_target
@international_organization
@international_organization_type
@known_in_country
@land_ownership_rule
@language
@language_family
@law
@law_policy
@leader_at_index
@levy_setup
@local_var
@location
@location_rank
@market_price
@mission
@mission_task
@modifier
@num_estate_privileges
@num_location_rank
@num_pop_type
@num_pop_type_in_country
@num_pop_type_in_province
@num_possible_estate_privileges
@parliament_agenda
@parliament_issue
@parliament_type
@payment
@peace_treaty
@percentage_pop_type_in_country
@percentage_pop_type_in_location
@policy
@pop_type
@price
@produced_in_country
@produced_in_market
@produced_in_world
@production_method
@province
@province_definition
@recruitment_method
@regency_type
@region
@relation_type
@religion
@religion_group
@religious_aspect
@religious_faction
@religious_figure
@religious_focus
@religious_school
@resolution
@resolution_target
@resolution_vote
@road_type
@rule_end_date
@scope
@scriptable_hint_definition
@situation
@societal_value
@societal_value_type
@special_status
@stockpile_in_market
@sub_continent
@sub_unit_category
@sub_unit_count
@sub_unit_fraction
@sub_unit_strength
@subject_military_stance
@subject_type
@target_price
@topography
@total_effective_building_levels
@total_sub_unit_category_in_unit
@total_sub_unit_count
@total_sub_unit_strength
@total_sub_unit_type_count
@total_sub_unit_type_strength
@traded_in_market
@trait
@unit_ability
@unit_type
@var
@vegetation
@vote_in_active_resolution
@war_with_country
@work_of_art
@work_of_art_type
active_mission
area
attacker_leader
autocephalous_patriarchate
avatar
birth_location
borrower
building_base_cost_in_gold
building_type
cabinet_action
cabinet_member
capacity_market
capital
cardinal
casus_belli
civil_war
civil_war_opponent
combat
combat_attacker
combat_defender
commander
commanding_country
consort
continent
controller
country_color
country_rank
country_stance
court_dialect
court_language
creator
culture
current_mission_task
customer
defender_leader
dialect
disaster_type
disease
dominant_country
dominant_culture
dominant_dialect
dominant_language
dominant_religion
dominant_upper_class_culture
dynasty
dynasty_head
dynasty_home
employer
enemy_side
estate_tax_base
estate_type
ethnicity
exploration
father
first_spouse
from_market
gfx_culture
god
government_type
group
heir
holy_site
international_organization_target
international_organization_type
land_ownership_rule
language
language_family
last_dynasty_in_location
last_leader_country
last_valid_ruler
law
leader
leader_country
leadership_election_resolution
leading_unit
liturgical_dialect
liturgical_language
location
location_rank
low_control_best_tax_base
market
marriage_union
max_great_powers
mercenary_home
most_powerful_merchant
mother
origin
original_outbreak
overlord
owner
owning_unit
parliament_issue
parliament_seat
parliament_type
pop_type
previous_owner
previous_ruler
price
produced_goods
province
province_capital
province_definition
raw_material
raw_material_location
rebel
regency_type
regent
region
religion
religious_head
religious_school
resolution
resolution_proposer
revolutionary_target
ruler
ruler_or_heir_if_regent
ruler_or_regent
sea_zone
second_best_market
secondary_culture
secondary_otherwise_primary_culture
siege
siege_defender
siege_main_attacker
source_province
special_status
sub_continent
sub_unit_category
subject_type
subunit_home
succession_law
to_market
top_overlord
top_overlord_or_this
top_owner
traded_goods
union
unit
unit_destination
unit_location
unit_next_location
upgrade_demand
work_of_art_type
