a_clan_retainer_cavalry_build_cost_modifier
a_clan_retainer_cavalry_maintenance_cost_modifier
a_clan_retainer_cavalry_reinforce_cost_modifier
a_clan_retainers_build_cost_modifier
a_clan_retainers_maintenance_cost_modifier
a_clan_retainers_reinforce_cost_modifier
abandon_colonial_charter_cost_modifier
abandon_piracy_cost_modifier
abdicate_price_cost_modifier
absentee_agenda_impact
absentee_can_participate_in_parliament
absorb_institutions_cost_modifier
accept_subjugation_reasons
activate_avatar_cost_modifier
add_accepted_culture_cost_modifier
add_location_to_international_organization_cost_modifier
add_religious_aspect_christian_cost_modifier
add_religious_aspect_inti_cost_modifier
add_tolerated_culture_cost_modifier
adm
aggressiveness_modifier
ai_force_annexation_modifier
ai_government_power_target_modifier
ai_stability_target_modifier
aid_colonial_war_cost_modifier
allow_assembly_parliament
allow_autocratic_parliament
allow_cabinet_assimilate_area
allow_cabinet_diplomatic_corps
allow_cabinet_naval_focus
allow_cabinet_reduced_paperwork
allow_cabinet_soldiers_as_workforce
allow_conquistadors
allow_constitutional_parliament
allow_council_parliament
allow_diplomacy_force_change_court_language
allow_diplomacy_force_divert_trade
allow_diplomacy_force_embargo
allow_diplomacy_influence_nation
allow_diplomacy_violate_sovereignty
allow_estate_parliament
allow_extensive_conscription_cabinet_action
allow_female_cabinet
allow_female_leader
allow_harmony
allow_landfriede
allow_male_cabinet
allow_male_leader
allow_member_call_parliament
allow_mysticism_vs_jurisprudence
allow_native_subjugation_cb
allow_open_sea_exploration
allow_overrule_imperial_diet
allow_paik_levies
allow_privateers_slave_raid
allow_rgo_slave_demand
allow_righteousness
allow_safe_refuge_cost_modifier
allow_self_control
allow_self_vote
allow_slave_conversion
allow_smartism_gods
allow_subjects
allow_thema_headquarters
allow_tributary_subject
allow_tribute_in_silver
allowed_alliance
allowed_enforce_peace
allowed_guarantee
allowed_intervene_in_war
allowed_support_rebels
allowed_threaten_war
allowed_to_become_shogun
allows_hanseatic_federation_buildings
always_allow_levies
amount_looted_modifier
annexation_speed
antagonism_breaking_truce_giving_modifier
antagonism_culture_influence
antagonism_declared_war_no_cb_giving_modifier
antagonism_government_type_influence
antagonism_language_influence
antagonism_monthly_change_modifier
antagonism_received_modifier
antagonism_religion_influence
antagonism_revolution_influence
antagonism_societal_value_influence
antagonism_taking_land_giving_modifier
antagonism_tolerance
anti_piracy_warfare_modifier
any_pop_can_be_slave
appanage_prevented_from_call_to_war
appease_nobles_estate_from_shogun_court_cost_modifier
appoint_as_heir_price_cost_modifier
archbishop_elector_agenda_impact
archbishop_elector_can_participate_in_parliament
army_artillery_build_cost_modifier
army_artillery_maintenance_cost_modifier
army_artillery_power
army_artillery_reinforce_cost_modifier
army_auxiliary_build_cost_modifier
army_auxiliary_maintenance_cost_modifier
army_auxiliary_power
army_auxiliary_reinforce_cost_modifier
army_cavalry_build_cost_modifier
army_cavalry_maintenance_cost_modifier
army_cavalry_power
army_cavalry_reinforce_cost_modifier
army_disembark_speed
army_food_gathering
army_food_gathering_modifier
army_infantry_build_cost_modifier
army_infantry_maintenance_cost_modifier
army_infantry_power
army_infantry_reinforce_cost_modifier
army_initiative
army_logistics_distance
army_logistics_distance_modifier
army_losses_in_war_cost_modifier
army_maintenance_cost
army_movement_speed
army_reinforce_cost
army_tradition_decay
army_tradition_from_battle
army_weight_modifier
art_creation_speed
artillery_bonus_vs_fort
artist_impact
artist_monthly_start_chance
artist_salary_modifier
artist_salary_modifier_on_character
artist_skill_level_gain
assault_ability
attract_condottieri_price_cost_modifier
auto_conquer_at_war
auto_conquer_different_religion_at_war
auto_slave_raid
auto_slave_raid_different_religion
available_organization_parliament_agendas
ban_conversion_of_adipatis_price_cost_modifier
ban_exports_of_alum
ban_exports_of_amber
ban_exports_of_beer
ban_exports_of_beeswax
ban_exports_of_books
ban_exports_of_cannons
ban_exports_of_chili
ban_exports_of_clay
ban_exports_of_cloth
ban_exports_of_cloves
ban_exports_of_coal
ban_exports_of_cocoa
ban_exports_of_coffee
ban_exports_of_copper
ban_exports_of_cotton
ban_exports_of_dyes
ban_exports_of_elephants
ban_exports_of_fiber_crops
ban_exports_of_fine_cloth
ban_exports_of_firearms
ban_exports_of_fish
ban_exports_of_fruit
ban_exports_of_fur
ban_exports_of_furniture
ban_exports_of_gems
ban_exports_of_glass
ban_exports_of_goods_gold
ban_exports_of_horses
ban_exports_of_incense
ban_exports_of_iron
ban_exports_of_ivory
ban_exports_of_jewelry
ban_exports_of_lacquerware
ban_exports_of_lead
ban_exports_of_leather
ban_exports_of_legumes
ban_exports_of_liquor
ban_exports_of_livestock
ban_exports_of_lumber
ban_exports_of_maize
ban_exports_of_marble
ban_exports_of_masonry
ban_exports_of_medicaments
ban_exports_of_mercury
ban_exports_of_millet
ban_exports_of_naval_supplies
ban_exports_of_olives
ban_exports_of_paper
ban_exports_of_pearls
ban_exports_of_pepper
ban_exports_of_porcelain
ban_exports_of_potato
ban_exports_of_pottery
ban_exports_of_rice
ban_exports_of_saffron
ban_exports_of_salt
ban_exports_of_saltpeter
ban_exports_of_sand
ban_exports_of_silk
ban_exports_of_silver
ban_exports_of_slaves_goods
ban_exports_of_steel
ban_exports_of_stone
ban_exports_of_sugar
ban_exports_of_tar
ban_exports_of_tea
ban_exports_of_tin
ban_exports_of_tobacco
ban_exports_of_tools
ban_exports_of_weaponry
ban_exports_of_wheat
ban_exports_of_wild_game
ban_exports_of_wine
ban_exports_of_wool
ban_imports_of_alum
ban_imports_of_amber
ban_imports_of_beer
ban_imports_of_beeswax
ban_imports_of_books
ban_imports_of_cannons
ban_imports_of_chili
ban_imports_of_clay
ban_imports_of_cloth
ban_imports_of_cloves
ban_imports_of_coal
ban_imports_of_cocoa
ban_imports_of_coffee
ban_imports_of_copper
ban_imports_of_cotton
ban_imports_of_dyes
ban_imports_of_elephants
ban_imports_of_fiber_crops
ban_imports_of_fine_cloth
ban_imports_of_firearms
ban_imports_of_fish
ban_imports_of_fruit
ban_imports_of_fur
ban_imports_of_furniture
ban_imports_of_gems
ban_imports_of_glass
ban_imports_of_goods_gold
ban_imports_of_horses
ban_imports_of_incense
ban_imports_of_iron
ban_imports_of_ivory
ban_imports_of_jewelry
ban_imports_of_lacquerware
ban_imports_of_lead
ban_imports_of_leather
ban_imports_of_legumes
ban_imports_of_liquor
ban_imports_of_livestock
ban_imports_of_lumber
ban_imports_of_maize
ban_imports_of_marble
ban_imports_of_masonry
ban_imports_of_medicaments
ban_imports_of_mercury
ban_imports_of_millet
ban_imports_of_naval_supplies
ban_imports_of_olives
ban_imports_of_paper
ban_imports_of_pearls
ban_imports_of_pepper
ban_imports_of_porcelain
ban_imports_of_potato
ban_imports_of_pottery
ban_imports_of_rice
ban_imports_of_saffron
ban_imports_of_salt
ban_imports_of_saltpeter
ban_imports_of_sand
ban_imports_of_silk
ban_imports_of_silver
ban_imports_of_slaves_goods
ban_imports_of_steel
ban_imports_of_stone
ban_imports_of_sugar
ban_imports_of_tar
ban_imports_of_tea
ban_imports_of_tin
ban_imports_of_tobacco
ban_imports_of_tools
ban_imports_of_weaponry
ban_imports_of_wheat
ban_imports_of_wild_game
ban_imports_of_wine
ban_imports_of_wool
bank_interest
baptize_ruler_from_kirishitan_cost_modifier
become_shogun_from_imperial_court_cost_modifier
bias_for_administrative_policies
bias_for_balanced_policies
bias_for_capitalist_policies
bias_for_colonialist_policies
bias_for_diplomat_policies
bias_for_isolationist_policies
bias_for_militarist_policies
bias_for_patron_of_arts_policies
bias_for_scholar_policies
bias_for_spiritualist_policies
bias_for_tolerant_policies
bishopric_agenda_impact
bishopric_can_participate_in_parliament
blame_the_minorities_cost_modifier
block_female_cabinet
block_female_leader
block_from_change_to_duchy_rank
block_from_change_to_empire_rank
block_from_change_to_empire_rank_catholic
block_from_change_to_kingdom_rank
block_from_crown_estate
block_male_cabinet
block_male_leader
block_marrying_lowborn
blockade_efficiency
blockade_force_required
blocked_from_being_leader
blocked_from_being_ruler
blocked_from_cabinet
blocked_from_changing_heir_selection
blocked_from_character_interactions
blocked_from_conversion
blocked_from_creating_subjects
blocked_from_declaring_war
blocked_from_forming_countries
blocked_from_marriage
blocked_from_peace
blocked_from_ruling_the_hre
blocks_country_formation
blocks_privateer_raids
blocks_vision_from_land
blocks_vision_from_sea
bribe_units_cost_modifier
bribe_voter_for_policy_cost_modifier
build_gravel_road_cost_modifier
build_modern_road_cost_modifier
build_paved_road_cost_modifier
build_railroad_cost_modifier
building_enslavement_power
building_missionary_effort
building_missionary_effort_modifier
building_missionary_effort_scaled
building_owner_maritime_presence
building_owner_overlord_maritime_presence
building_upkeep_costs
burghers_estate_agenda_impact
burghers_estate_allowed_in_cabinet
burghers_estate_allowed_leading_military
burghers_estate_allowed_to_build_roads
burghers_estate_blocked_from_cabinet
burghers_estate_blocked_from_leading_military
burghers_estate_blocked_from_parliament
burghers_estate_can_participate_in_parliament
burghers_estate_cannot_marry
burghers_estate_levy_size
burghers_estate_max_tax
burghers_estate_min_tax
burghers_estate_satisfaction_decay
burghers_estate_satisfaction_recovery
burghers_estate_target_satisfaction
buy_fleet_basing_rights_cost_modifier
buy_military_access_cost_modifier
call_jihad_cost_modifier
can_assign_governors
can_assume_fort_command
can_assume_fort_command_character
can_banish_characters
can_be_member_of_a_high_kingship
can_be_target_of_anti_piracy_cb
can_build_cities
can_build_kurmina_headquarter
can_build_mamluk_barracks
can_build_ships_in_this_location
can_call_organization_parliament
can_call_rural_parliaments
can_colonize
can_convert_galleys_to_light
can_create_anti_piracy_cb
can_create_red_turban_rebellions_cb
can_execute_characters
can_extract_alum
can_extract_amber
can_extract_beer
can_extract_beeswax
can_extract_books
can_extract_cannons
can_extract_chili
can_extract_clay
can_extract_cloth
can_extract_cloves
can_extract_coal
can_extract_cocoa
can_extract_coffee
can_extract_copper
can_extract_cotton
can_extract_dyes
can_extract_elephants
can_extract_fiber_crops
can_extract_fine_cloth
can_extract_firearms
can_extract_fish
can_extract_fruit
can_extract_fur
can_extract_furniture
can_extract_gems
can_extract_glass
can_extract_goods_gold
can_extract_horses
can_extract_incense
can_extract_iron
can_extract_ivory
can_extract_jewelry
can_extract_lacquerware
can_extract_lead
can_extract_leather
can_extract_legumes
can_extract_liquor
can_extract_livestock
can_extract_lumber
can_extract_maize
can_extract_marble
can_extract_masonry
can_extract_medicaments
can_extract_mercury
can_extract_millet
can_extract_naval_supplies
can_extract_olives
can_extract_paper
can_extract_pearls
can_extract_pepper
can_extract_porcelain
can_extract_potato
can_extract_pottery
can_extract_rice
can_extract_saffron
can_extract_salt
can_extract_saltpeter
can_extract_sand
can_extract_silk
can_extract_silver
can_extract_slaves_goods
can_extract_steel
can_extract_stone
can_extract_sugar
can_extract_tar
can_extract_tea
can_extract_tin
can_extract_tobacco
can_extract_tools
can_extract_weaponry
can_extract_wheat
can_extract_wild_game
can_extract_wine
can_extract_wool
can_have_monasteries
can_hire_privateers
can_invite_settlers
can_marry_only_overlord_dynasty_characters
can_promote_mamluks
can_reassign_cleric
can_recruit_explorer
can_recruit_regiment_in_this_location
can_revoke_electorship
can_send_royal_inspectors
can_use_aclla_distribution
can_use_council_of_three_lands_modifier
can_use_nustas_marriages
cannot_be_removed_from_from_cabinet
cannot_declare_no_cb_wars
cannot_declare_no_cb_wars_on_members
cannot_declare_no_cb_wars_on_religion_head
cannot_move_capital
cannot_upgrade_location
canonize_cost_modifier
cap_maximum_population_growth_at_zero
capital_movement_cost_modifier
cardinal_price_cost_modifier
care_about_producing_heirs
carefulness_modifier
casus_belli_creation_speed
casus_belli_creation_speed_modifier
catholic_country_interaction_cost_modifier
celestial_governor_agenda_impact
celestial_governor_can_participate_in_parliament
chancery_cap_level
change_court_language_cost_modifier
change_curia_vote_cost_modifier
change_employment_system_cost_modifier
change_government_type_price_cost_modifier
change_heir_selection_cost_modifier
change_liturgical_language_cost_modifier
change_main_school_cost_modifier
change_organization_parliament_type_cost_modifier
change_parliament_type_cost_modifier
change_policy_cost_modifier
change_primary_culture_cost_modifier
change_religious_aspect_inti_cost_modifier
character_adm_child_education
character_blocked_from_high_kingship
character_cabinet_efficiency
character_child_education
character_dip_child_education
character_fertility
character_life_expectancy
character_mil_child_education
character_on_task_modifier
character_overthrew_high_king
christian_tenet_price_cost_modifier
city_upgrade_cost_modifier
claim_shugo_office_cost_modifier
cleansing_ritual_purity_cost_modifier
cleansing_ritual_yanantin_cost_modifier
clergy_estate_agenda_impact
clergy_estate_allowed_in_cabinet
clergy_estate_allowed_leading_military
clergy_estate_allowed_to_build_roads
clergy_estate_blocked_from_cabinet
clergy_estate_blocked_from_leading_military
clergy_estate_blocked_from_parliament
clergy_estate_can_participate_in_parliament
clergy_estate_cannot_marry
clergy_estate_levy_size
clergy_estate_max_tax
clergy_estate_min_tax
clergy_estate_satisfaction_decay
clergy_estate_satisfaction_recovery
clergy_estate_target_satisfaction
close_the_borders_cost_modifier
colonial_maintenance_cost
colonial_migration_size
colonial_migration_size_modifier
colonial_range
colonial_range_modifier
combat_speed_modifier
commission_art_price_cost_modifier
commission_religious_images_cost_modifier
conduct_keju_examination_cost_modifier
construction_center_max_level
constructions_stalled
control_importance_modifier
control_the_bhres_price_cost_modifier
control_the_food_market_cost_modifier
convert_religion_cost_modifier
correct_box_chance
corrupt_officials_monthly_cost_cost_modifier
cossacks_estate_agenda_impact
cossacks_estate_allowed_in_cabinet
cossacks_estate_allowed_leading_military
cossacks_estate_allowed_to_build_roads
cossacks_estate_blocked_from_cabinet
cossacks_estate_blocked_from_leading_military
cossacks_estate_blocked_from_parliament
cossacks_estate_can_participate_in_parliament
cossacks_estate_cannot_marry
cossacks_estate_levy_size
cossacks_estate_max_tax
cossacks_estate_min_tax
cossacks_estate_satisfaction_decay
cossacks_estate_satisfaction_recovery
cossacks_estate_target_satisfaction
counter_espionage
country_bans_saffron_shirts
country_cabinet_efficiency
country_can_use_lordship_of_ireland_cb
country_celtic_marriage_banned
country_child_education
coup_attempt_disaster_actions_price_cost_modifier
court_language_is_common_language_importance_modifier
court_language_is_liturgical_language_importance_modifier
court_language_is_market_language_importance_modifier
court_spending_cost
crackdown_their_strongholds_cost_modifier
create_autocephalous_patriarchate_cost_modifier
create_colonial_charter_cost_modifier
create_italian_league_price_cost_modifier
create_market_cost_modifier
create_supply_depot_cost_modifier
crown_estate_agenda_impact
crown_estate_allowed_in_cabinet
crown_estate_allowed_leading_military
crown_estate_allowed_to_build_roads
crown_estate_blocked_from_cabinet
crown_estate_blocked_from_leading_military
crown_estate_blocked_from_parliament
crown_estate_can_participate_in_parliament
crown_estate_cannot_marry
crown_estate_levy_size
crown_estate_max_tax
crown_estate_min_tax
crown_estate_satisfaction_decay
crown_estate_satisfaction_recovery
crown_estate_target_satisfaction
cultural_influence
cultural_influence_modifier
cultural_tradition
cultural_tradition_modifier
cultures_capacity
cultures_capacity_modifier
curia_actions_blocked
curia_agenda_impact
curia_can_participate_in_parliament
damage_done_versus_heathens_modifier
damage_done_versus_heretics_modifier
deactivate_avatar_cost_modifier
declare_independence_war_cost_modifier
declaring_war_cost_modifier
defence_importance_modifier
demand_church_tax_price_cost_modifier
demand_extra_payment_from_shogun_court_cost_modifier
deselect_expensive_child_education_cost_modifier
destroy_market_cost_modifier
dhimmi_estate_agenda_impact
dhimmi_estate_allowed_in_cabinet
dhimmi_estate_allowed_leading_military
dhimmi_estate_allowed_to_build_roads
dhimmi_estate_blocked_from_cabinet
dhimmi_estate_blocked_from_leading_military
dhimmi_estate_blocked_from_parliament
dhimmi_estate_can_participate_in_parliament
dhimmi_estate_cannot_marry
dhimmi_estate_levy_size
dhimmi_estate_max_tax
dhimmi_estate_min_tax
dhimmi_estate_satisfaction_decay
dhimmi_estate_satisfaction_recovery
dhimmi_estate_target_satisfaction
dip
diplomacy_importance_modifier
diplomatic_annexation_cost
diplomatic_capacity
diplomatic_capacity_modifier
diplomatic_range
diplomatic_range_modifier
diplomatic_reputation
diplomatic_spending_cost
diplomatic_upkeep_modifier
direct_excommunication_allowed
disallow_diplomatic_subjugation
disallow_migration_beyond_borders
disallow_military_subjugation
disallows_female_rulers
discard_worldly_possessions_cost_modifier
discipline
disfavor_sect_cost_modifier
dismiss_privateer_cost_modifier
dismiss_religious_figure_cost_modifier
election_term_in_months
elector_agenda_impact
elector_can_participate_in_parliament
embrace_institution_cost_modifier
emperor_agenda_impact
emperor_can_participate_in_parliament
empty_unit_maintenance_cost_modifier
enable_annexation_of_members
enable_black_market_buildings
enable_pest_house
enable_taxation
enabled_negotiate_succession_law
enables_german_migration
enemy_army_losses_in_war_cost_modifier
enforced_internal_peace
ennoble_price_cost_modifier
enslave_tribals
establish_goods_act_cost_modifier
establish_treaty_with_kirishitan_cost_modifier
estate_building_destruction_satisfaction_impact
estate_enrichment
estate_power_from_cabinet
estate_power_from_command
estate_satisfaction_from_building
eunuch_power
examine_our_fortifications_price_cost_modifier
excluded_from_imperial_protection
excluded_from_paying_imperial_contribution
excluded_from_paying_tithe
excommunication_disabled
excommunication_price_cost_modifier
expand_rgo_farming_cost_modifier
expand_rgo_forestry_cost_modifier
expand_rgo_gathering_cost_modifier
expand_rgo_hunting_cost_modifier
expand_rgo_mining_cost_modifier
expected_army_size
expected_army_size_modifier
expected_navy_size
expected_navy_size_modifier
expected_warscore_modifier
expel_tribals
experience_decay
exploration_maintenance_cost
exploration_mission_speed
exploration_mission_speed_modifier
exploration_preparation_time_modifier
extend_regency_cost_modifier
favor_buddhist_schools_from_religious_sects_cost_modifier
favor_god_cost_modifier
favor_kami_worship_from_religious_sects_cost_modifier
favoring_buddhism
female_spouses
food_consumption_modifier
food_purchase_cost
forbid_marrying_lowborn
forbid_multiple_policies_vote
force_allow_as_leader
foreign_export_from_market_cost_modifier
fort_assumed_efficiency_character
fort_level
fort_limit
fort_limit_modifier
fort_maintenance_cost
free_building_cost_modifier
free_building_levels
free_capacity_attracts_pops
free_city_agenda_impact
free_city_can_participate_in_parliament
friendly_disembark_time_modifier
gag_support_guelphs
gender_equality
german_migration_attraction_modifier
get_claim_from_imperial_court_cost_modifier
get_marriage_from_imperial_court_cost_modifier
give_colony_rebellion_support_cost_modifier
give_colony_representation_cost_modifier
gives_cardinal
global_alum_output_modifier
global_amber_output_modifier
global_army_levy_size_modifier
global_beer_output_modifier
global_beeswax_output_modifier
global_books_output_modifier
global_build_buildings_cost
global_burghers_assimilation_blocked
global_burghers_city_desired_pop
global_burghers_city_desired_pop_scaled
global_burghers_conversion_blocked
global_burghers_desired_pop
global_burghers_desired_pop_scaled
global_burghers_estate_power
global_burghers_food_consumption
global_burghers_max_literacy
global_burghers_migration_allowed
global_burghers_rural_desired_pop
global_burghers_rural_desired_pop_scaled
global_cannons_output_modifier
global_chili_output_modifier
global_clay_output_modifier
global_clergy_assimilation_blocked
global_clergy_city_desired_pop
global_clergy_city_desired_pop_scaled
global_clergy_conversion_blocked
global_clergy_desired_pop
global_clergy_desired_pop_scaled
global_clergy_estate_power
global_clergy_food_consumption
global_clergy_max_literacy
global_clergy_migration_allowed
global_clergy_rural_desired_pop
global_clergy_rural_desired_pop_scaled
global_cloth_output_modifier
global_cloves_output_modifier
global_coal_output_modifier
global_cocoa_output_modifier
global_coffee_output_modifier
global_construction_speed
global_copper_output_modifier
global_cossacks_estate_power
global_cotton_output_modifier
global_crown_estate_power
global_defensive
global_devastation_recovery
global_dhimmi_estate_power
global_disease_resistance
global_distance_from_capital_cost_modifier
global_dyes_output_modifier
global_elephants_output_modifier
global_estate_max_tax
global_estate_min_tax
global_estate_power
global_estate_satisfaction_decay
global_estate_satisfaction_recovery
global_estate_target_satisfaction
global_fiber_crops_output_modifier
global_fine_cloth_output_modifier
global_firearms_output_modifier
global_fish_output_modifier
global_food_capacity
global_food_capacity_modifier
global_foreign_build_buildings_cost
global_fort_build_buildings_cost
global_fruit_output_modifier
global_fur_output_modifier
global_furniture_output_modifier
global_garrison_growth
global_garrison_size_modifier
global_gems_output_modifier
global_glass_output_modifier
global_goods_gold_output_modifier
global_horses_output_modifier
global_hostile_attrition
global_incense_output_modifier
global_institution_growth_modifier
global_integration_speed_modifier
global_iron_output_modifier
global_ivory_output_modifier
global_jewelry_output_modifier
global_laborers_assimilation_blocked
global_laborers_city_desired_pop
global_laborers_city_desired_pop_scaled
global_laborers_conversion_blocked
global_laborers_desired_pop
global_laborers_desired_pop_scaled
global_laborers_food_consumption
global_laborers_max_literacy
global_laborers_migration_allowed
global_laborers_rural_desired_pop
global_laborers_rural_desired_pop_scaled
global_lacquerware_output_modifier
global_lead_output_modifier
global_leather_output_modifier
global_legumes_output_modifier
global_levy_recruitment_speed_modifier
global_levy_size_modifier
global_life_expectancy
global_liquor_output_modifier
global_livestock_output_modifier
global_lumber_output_modifier
global_maize_output_modifier
global_manpower_modifier
global_marble_output_modifier
global_maritime_presence_decay
global_maritime_presence_modifier
global_masonry_output_modifier
global_max_control
global_max_literacy
global_max_rgo_size_modifier
global_max_rgo_size_modifier_in_non_rural
global_max_rgo_size_modifier_in_rural
global_max_rural_control
global_max_urban_control
global_may_build_nahuatl_units
global_may_build_paik_units
global_medicaments_output_modifier
global_mercenaries_modifier
global_merchant_capacity_modifier
global_merchant_power
global_mercury_output_modifier
global_migration_speed
global_migration_speed_modifier
global_millet_output_modifier
global_monthly_art_start_chance
global_monthly_control
global_monthly_control_decline
global_monthly_development
global_monthly_food_modifier
global_monthly_literacy
global_monthly_prosperity
global_monthly_rural_control
global_monthly_urban_control
global_naval_supplies_output_modifier
global_navy_levy_size_modifier
global_nobles_assimilation_blocked
global_nobles_city_desired_pop
global_nobles_city_desired_pop_scaled
global_nobles_conversion_blocked
global_nobles_desired_pop
global_nobles_desired_pop_scaled
global_nobles_estate_power
global_nobles_food_consumption
global_nobles_max_literacy
global_nobles_migration_allowed
global_nobles_rural_desired_pop
global_nobles_rural_desired_pop_scaled
global_olives_output_modifier
global_paper_output_modifier
global_pearls_output_modifier
global_peasants_assimilation_blocked
global_peasants_city_desired_pop
global_peasants_city_desired_pop_scaled
global_peasants_conversion_blocked
global_peasants_desired_pop
global_peasants_desired_pop_scaled
global_peasants_estate_power
global_peasants_food_consumption
global_peasants_max_literacy
global_peasants_migration_allowed
global_peasants_rural_desired_pop
global_peasants_rural_desired_pop_scaled
global_pepper_output_modifier
global_pirate_spawn_chance
global_pop_assimilation_speed
global_pop_assimilation_speed_modifier
global_pop_conversion_speed
global_pop_conversion_speed_modifier
global_pop_demotion_speed
global_pop_demotion_speed_modifier
global_pop_food_consumption
global_pop_promotion_speed
global_pop_promotion_speed_modifier
global_pop_silver_demand
global_population_capacity_modifier
global_population_growth
global_porcelain_output_modifier
global_port_build_buildings_cost
global_potato_output_modifier
global_pottery_output_modifier
global_production_efficiency
global_raw_material_output
global_rgo_build_time
global_rice_output_modifier
global_road_building_time
global_rural_build_buildings_cost
global_saffron_output_modifier
global_sailors_modifier
global_salt_output_modifier
global_saltpeter_output_modifier
global_sand_output_modifier
global_separatism
global_silk_output_modifier
global_silver_output_modifier
global_slaves_assimilation_blocked
global_slaves_city_desired_pop
global_slaves_city_desired_pop_scaled
global_slaves_conversion_blocked
global_slaves_desired_pop
global_slaves_desired_pop_scaled
global_slaves_food_consumption
global_slaves_goods_output_modifier
global_slaves_max_literacy
global_slaves_migration_allowed
global_slaves_rural_desired_pop
global_slaves_rural_desired_pop_scaled
global_soldiers_assimilation_blocked
global_soldiers_city_desired_pop
global_soldiers_city_desired_pop_scaled
global_soldiers_conversion_blocked
global_soldiers_desired_pop
global_soldiers_desired_pop_scaled
global_soldiers_food_consumption
global_soldiers_max_literacy
global_soldiers_migration_allowed
global_soldiers_rural_desired_pop
global_soldiers_rural_desired_pop_scaled
global_steel_output_modifier
global_stone_output_modifier
global_sugar_output_modifier
global_supply_limit_modifier
global_tar_output_modifier
global_tea_output_modifier
global_tin_output_modifier
global_tobacco_output_modifier
global_tools_output_modifier
global_trade_center_power
global_trade_protection_factor
global_trade_through_owned_territory_cost_modifier
global_trades_per_burgher
global_tribal_promotion
global_tribes_estate_power
global_tribesmen_assimilation_blocked
global_tribesmen_city_desired_pop
global_tribesmen_city_desired_pop_scaled
global_tribesmen_conversion_blocked
global_tribesmen_desired_pop
global_tribesmen_desired_pop_scaled
global_tribesmen_food_consumption
global_tribesmen_max_literacy
global_tribesmen_migration_allowed
global_tribesmen_rural_desired_pop
global_tribesmen_rural_desired_pop_scaled
global_upper_class_capacity_modifier
global_urban_build_buildings_cost
global_war_score_cost
global_weaponry_output_modifier
global_wheat_output_modifier
global_wild_game_output_modifier
global_wine_output_modifier
global_wool_output_modifier
gold_importance_modifier
gold_to_building_owner
gold_to_building_owner_overlord
government_reform_slots
government_size
grant_cabinet_right_price_cost_modifier
grant_privilege_cost_modifier
grant_shugo_office_cost_modifier
great_power_score
great_power_score_exempt_from_forfeit
great_power_score_modifier
growth_is_primary_culture
hanseatic_member_cost_cost_modifier
hanseatic_shipwright_guild_max_level
harbor_suitability
has_a_parliamentary_system
has_appanages_subjects
has_ashta_pradham_council_policies
has_chivalric_order
has_codified_laws
has_cultural_maintenance
has_international_parliament
has_panaqas
has_parliament_seat
has_road_building
has_stability_investment
has_taluqdar_tax_collection
head_of_cabinet_promotion_cost_modifier
heir_of_any_religion
heir_of_same_religion
heir_of_same_religion_group
hide_from_black_death_cost_modifier
high_king_agenda_impact
high_king_can_participate_in_parliament
hire_advisor_cost_modifier
hire_artist_cost_modifier
hire_for_cabinet_cost_modifier
hire_mercenary_leader_cost_modifier
hire_mercenary_premium_cost_modifier
hire_prisoners_cost_modifier
hire_privateer_cost_modifier
hold_public_kirishitan_mass_cost_modifier
honoring_alliance_call_cost_modifier
horde_unity_hit_at_ruler_death
hostile_disembark_time_modifier
hostile_fleet_attrition
hostile_food_multiplier
hre_allow_female_emperors
hre_emperor_comfort_policies_counter
hre_enable_leave_hre_peace_treaty
hre_max_archbishop_elector
hre_max_elector
hussite_wars_actions_price_cost_modifier
hyw_main_actions_price_cost_modifier
ignore_gender_block_cabinet
ignore_gender_block_leader
ignore_same_religion_colonial_claim
ignore_zone_of_control
ilkhan_claimant_agenda_impact
ilkhan_claimant_can_participate_in_parliament
imperial_army_contribution_price_cost_modifier
imperial_authority_modifier
imperial_ban_allowed
imperial_contribution_price_cost_modifier
imperial_peasant_republic_agenda_impact
imperial_peasant_republic_can_participate_in_parliament
imperial_prelate_agenda_impact
imperial_prelate_can_participate_in_parliament
imperial_prince_agenda_impact
imperial_prince_can_participate_in_parliament
imperial_treasury_contribution_price_cost_modifier
improve_relation_impact
increase_clergy_satisfaction_from_religious_sects_cost_modifier
increase_levies_from_shogun_court_cost_modifier
increase_literacy_from_religious_sects_cost_modifier
increase_peasant_satisfaction_from_ikko_ikki_cost_modifier
increase_tax_income_from_shogun_court_cost_modifier
indulge_in_bloodbath_cost_modifier
indulge_in_feasts_cost_modifier
institution_growth
institution_importance_modifier
intervene_in_italian_campaign_price_cost_modifier
inti_ceremonial_festivals_cost_modifier
invade_neighbor_beylik_price_cost_modifier
invite_artist_cost_modifier
invite_religious_figure_different_school_cost_modifier
invite_religious_figure_same_school_cost_modifier
irrigant_cap_level
is_appointed_as_heir
is_battles_preordained
is_excluded_from_electorship
is_head_of_cabinet
is_hre_elector
is_immortal
is_in_chivalric_order
is_pope
is_praefecta
is_senior_partner
isolate_cities_black_death_cost_modifier
iw_send_aid_price_cost_modifier
japanese_emperor_agenda_impact
japanese_emperor_can_participate_in_parliament
join_autocephalous_patriarchate_cost_modifier
join_branch_cost_modifier
join_italian_wars_price_cost_modifier
join_sect_cost_modifier
junior_partner_agenda_impact
junior_partner_can_participate_in_parliament
keep_kami_and_buddha_balanced_from_religious_sects_cost_modifier
lack_of_control_impact_on_warscore
land_cost_going_downstream
land_cost_going_upstream
land_cost_on_distance_from_capital
land_cost_on_distance_from_capital_modifier
land_cost_on_frozen_water
land_morale
land_morale_attrition_cost
land_morale_modifier
land_morale_movement_cost
land_morale_recovery
land_unit_attrition
landfriede_cooldown
landfriede_flat_cost
language_change_threshold_modifier
learn_from_foreigners_cost_modifier
leave_sect_cost_modifier
legatus_natus_agenda_impact
legatus_natus_can_participate_in_parliament
legislative_efficiency
levy_combat_efficiency
levy_combat_efficiency_modifier
levy_maintenance_modifier
lia_actions_price_cost_modifier
lieutenant_agenda_impact
lieutenant_can_participate_in_parliament
limit_movement_of_kirishitan_cost_modifier
local_alum_output_modifier
local_amber_output_modifier
local_army_attrition
local_army_levy_size_modifier
local_beer_output_modifier
local_beeswax_output_modifier
local_books_output_modifier
local_bubonic_plague_impact_modifier
local_build_buildings_cost
local_build_new_buildings_cost
local_burghers_assimilation_blocked
local_burghers_conversion_blocked
local_burghers_desired_pop
local_burghers_desired_pop_scaled
local_burghers_estate_power
local_burghers_food_consumption
local_burghers_max_literacy
local_burghers_migration_allowed
local_cannons_output_modifier
local_chili_output_modifier
local_clay_output_modifier
local_clergy_assimilation_blocked
local_clergy_conversion_blocked
local_clergy_desired_pop
local_clergy_desired_pop_scaled
local_clergy_estate_power
local_clergy_food_consumption
local_clergy_max_literacy
local_clergy_migration_allowed
local_cloth_output_modifier
local_cloves_output_modifier
local_coal_output_modifier
local_cocoa_output_modifier
local_coffee_output_modifier
local_construction_speed
local_copper_output_modifier
local_cossacks_estate_power
local_cotton_output_modifier
local_crown_estate_power
local_cultural_influence
local_cultural_tradition
local_defensive
local_devastation_recovery
local_dhimmi_estate_power
local_disease_resistance
local_distance_from_capital_cost_modifier
local_dyes_output_modifier
local_elephants_output_modifier
local_fiber_crops_output_modifier
local_fine_cloth_output_modifier
local_firearms_output_modifier
local_fish_output_modifier
local_food_capacity
local_food_capacity_modifier
local_forced_attrition
local_fort_maintenance_cost
local_frontage_allowed
local_fruit_output_modifier
local_fur_output_modifier
local_furniture_output_modifier
local_garrison_growth
local_garrison_size
local_gems_output_modifier
local_glass_output_modifier
local_goods_gold_output_modifier
local_great_pestilence_impact_modifier
local_horses_output_modifier
local_hostile_attrition
local_incense_output_modifier
local_influenza_impact_modifier
local_institution_growth_modifier
local_integration_speed
local_integration_speed_modifier
local_iron_output_modifier
local_ivory_output_modifier
local_jewelry_output_modifier
local_laborers_assimilation_blocked
local_laborers_conversion_blocked
local_laborers_desired_pop
local_laborers_desired_pop_scaled
local_laborers_food_consumption
local_laborers_max_literacy
local_laborers_migration_allowed
local_lacquerware_output_modifier
local_lead_output_modifier
local_leather_output_modifier
local_legumes_output_modifier
local_levy_recruitment_speed_modifier
local_levy_size_modifier
local_life_expectancy
local_liquor_output_modifier
local_livestock_output_modifier
local_lumber_output_modifier
local_maize_output_modifier
local_malaria_impact_modifier
local_manpower
local_manpower_modifier
local_marble_output_modifier
local_maritime_presence
local_masonry_output_modifier
local_max_control
local_max_literacy
local_max_rgo_size
local_max_rgo_size_modifier
local_max_rural_control
local_max_urban_control
local_may_build_nahuatl_units
local_measles_impact_modifier
local_medicaments_output_modifier
local_mercenaries_modifier
local_merchant_capacity
local_merchant_power
local_mercury_output_modifier
local_migration_attraction
local_migration_speed
local_migration_speed_modifier
local_millet_output_modifier
local_monthly_control
local_monthly_control_decline
local_monthly_development
local_monthly_development_modifier
local_monthly_food
local_monthly_food_modifier
local_monthly_literacy
local_monthly_prosperity
local_monthly_rural_control
local_monthly_urban_control
local_naval_supplies_output_modifier
local_navy_attrition
local_navy_levy_size_modifier
local_nobles_assimilation_blocked
local_nobles_conversion_blocked
local_nobles_desired_pop
local_nobles_desired_pop_scaled
local_nobles_estate_power
local_nobles_food_consumption
local_nobles_max_literacy
local_nobles_migration_allowed
local_olives_output_modifier
local_paper_output_modifier
local_pearls_output_modifier
local_peasants_assimilation_blocked
local_peasants_conversion_blocked
local_peasants_desired_pop
local_peasants_desired_pop_scaled
local_peasants_estate_power
local_peasants_food_consumption
local_peasants_max_literacy
local_peasants_migration_allowed
local_pepper_output_modifier
local_pirate_spawn_chance
local_pop_assimilation_speed
local_pop_assimilation_speed_modifier
local_pop_conversion_speed
local_pop_conversion_speed_modifier
local_pop_demotion_speed
local_pop_demotion_speed_modifier
local_pop_food_consumption
local_pop_join_rebel_threshold
local_pop_leave_rebels_threshold
local_pop_promotion_speed
local_pop_promotion_speed_modifier
local_pop_promotion_speed_scaled
local_population_capacity
local_population_capacity_modifier
local_population_growth
local_porcelain_output_modifier
local_port_build_buildings_cost
local_port_cost_distance_from_capital_modifier
local_potato_output_modifier
local_pottery_output_modifier
local_production_efficiency
local_proximity_source
local_raw_material_output
local_rgo_build_time
local_rice_output_modifier
local_road_building_time
local_saffron_output_modifier
local_sailors
local_sailors_modifier
local_salt_output_modifier
local_saltpeter_output_modifier
local_sand_output_modifier
local_separatism
local_ship_build_speed
local_silk_output_modifier
local_silver_output_modifier
local_slaves_assimilation_blocked
local_slaves_conversion_blocked
local_slaves_desired_pop
local_slaves_desired_pop_scaled
local_slaves_food_consumption
local_slaves_goods_output_modifier
local_slaves_max_literacy
local_slaves_migration_allowed
local_smallpox_impact_modifier
local_soldiers_assimilation_blocked
local_soldiers_conversion_blocked
local_soldiers_desired_pop
local_soldiers_desired_pop_scaled
local_soldiers_food_consumption
local_soldiers_max_literacy
local_soldiers_migration_allowed
local_steel_output_modifier
local_stone_output_modifier
local_sugar_output_modifier
local_supply_limit_modifier
local_tar_output_modifier
local_tea_output_modifier
local_tin_output_modifier
local_tobacco_output_modifier
local_tools_output_modifier
local_trade_center_power
local_trade_embark_disembark_cost_modifier
local_trade_protection_factor
local_trades_per_burgher
local_tribal_promotion
local_tribes_estate_power
local_tribesmen_assimilation_blocked
local_tribesmen_conversion_blocked
local_tribesmen_desired_pop
local_tribesmen_desired_pop_scaled
local_tribesmen_food_consumption
local_tribesmen_max_literacy
local_tribesmen_migration_allowed
local_typhus_impact_modifier
local_unrest
local_upper_class_capacity_modifier
local_war_score_cost
local_weaponry_output_modifier
local_wheat_output_modifier
local_wild_game_output_modifier
local_wine_output_modifier
local_wool_output_modifier
lord_of_ireland_agenda_impact
lord_of_ireland_can_participate_in_parliament
lordship_of_ireland_casus_belli_cost_modifier
lordship_of_ireland_form_kingdom_cost_modifier
lordship_of_ireland_invite_planters_cost_modifier
losses_to_disease_cost_modifier
loyalist_agenda_impact
loyalist_can_participate_in_parliament
loyalty_to_overlord
make_tribals_peasants
male_spouses
manpower_importance_modifier
manpower_to_building_owner
max_attrition
max_constructions_at_same_time
max_diplomats
max_regiments_trained_at_same_time
max_ships_built_at_same_time
max_war_exhaustion
maximum_religious_influence
maximum_stockpile_capacity
may_build_sofa_units
may_convert_vassals_to_celestial_governors
may_explore
may_not_take_land_in_peace_treaties
mayan_ceremonial_festivals_cost_modifier
member_agenda_impact
member_can_participate_in_parliament
mercenary_maintenance_cost
mercenary_range
mercenary_range_modifier
mercenary_units_preference_modifier
merchant_capacity_from_building
merchant_maintenance_cost
merchant_power_from_building
merchant_power_from_maritime
merchant_power_from_maritime_modifier
mercury_patio_max_level
miaphysite_monastery_building_cost_modifier
middle_kingdom_tribute_price_cost_modifier
migrate_pop_based_country_cost_modifier
migrate_to_new_waters_cost_modifier
mil
military_order_agenda_impact
military_order_can_participate_in_parliament
military_tactics
minting_income_factor
minting_inflation_threshold
monthly_army_tradition
monthly_burghers_estate_rebel_growth
monthly_celestial_authority
monthly_clergy_estate_rebel_growth
monthly_cossacks_estate_rebel_growth
monthly_crown_estate_rebel_growth
monthly_devotion
monthly_dhimmi_estate_rebel_growth
monthly_diplomats
monthly_doom
monthly_experience_gain
monthly_gold_expense
monthly_gold_income
monthly_harmony
monthly_honor
monthly_horde_unity
monthly_imperial_authority
monthly_inflation
monthly_karma
monthly_karma_decay
monthly_legitimacy
monthly_loan_capacity_investment
monthly_nationalist_rebel_growth
monthly_navy_tradition
monthly_nobles_estate_rebel_growth
monthly_papal_authority
monthly_peasants_estate_rebel_growth
monthly_prestige
monthly_pretender_rebel_growth
monthly_purity
monthly_rebel_growth
monthly_reform_desire
monthly_religious_influence
monthly_religious_rebel_growth
monthly_republican_tradition
monthly_righteousness
monthly_rite_power
monthly_self_control
monthly_slave_rebel_growth
monthly_towards_absolutism
monthly_towards_aristocracy
monthly_towards_belligerent
monthly_towards_capital_economy
monthly_towards_centralization
monthly_towards_communalism
monthly_towards_conciliatory
monthly_towards_decentralization
monthly_towards_defensive
monthly_towards_free_subjects
monthly_towards_free_trade
monthly_towards_humanist
monthly_towards_individualism
monthly_towards_innovative
monthly_towards_inward
monthly_towards_jurisprudence
monthly_towards_land
monthly_towards_liberalism
monthly_towards_mercantilism
monthly_towards_mysticism
monthly_towards_naval
monthly_towards_offensive
monthly_towards_outward
monthly_towards_plutocracy
monthly_towards_quality
monthly_towards_quantity
monthly_towards_serfdom
monthly_towards_sinicized
monthly_towards_spiritualist
monthly_towards_traditional_economy
monthly_towards_traditionalist
monthly_towards_unsinicized
monthly_tribal_cohesion
monthly_tribes_estate_rebel_growth
monthly_war_exhaustion
monthly_yanantin
morale_recovery_in_friendly
move_good_to_new_location_cost_modifier
move_to_assist_on_adjacent_combat
movement_cost
movement_speed_if_no_road
movement_speed_when_attached_to_another_unit
n_panokseon_build_cost_modifier
n_panokseon_maintenance_cost_modifier
n_panokseon_reinforce_cost_modifier
nanbokuchou_change_sides_cost_modifier
nanbokuchou_declare_neutrality_cost_modifier
national_church_power_cost_modifier
natural_harbor_suitability
naval_damage_done
naval_damage_taken
naval_morale
naval_morale_attrition_cost
naval_morale_modifier
naval_morale_movement_cost
naval_morale_recovery
naval_range
naval_range_modifier
naval_unit_attrition
navy_galley_build_cost_modifier
navy_galley_maintenance_cost_modifier
navy_galley_power
navy_galley_reinforce_cost_modifier
navy_heavy_ship_build_cost_modifier
navy_heavy_ship_maintenance_cost_modifier
navy_heavy_ship_power
navy_heavy_ship_reinforce_cost_modifier
navy_initiative
navy_light_ship_build_cost_modifier
navy_light_ship_maintenance_cost_modifier
navy_light_ship_power
navy_light_ship_reinforce_cost_modifier
navy_maintenance_cost
navy_movement_speed
navy_repair_cost
navy_tradition_decay
navy_tradition_from_battle
navy_transport_build_cost_modifier
navy_transport_maintenance_cost_modifier
navy_transport_power
navy_transport_reinforce_cost_modifier
navy_weight_modifier
no_beards
no_contact_with_outsiders_cost_modifier
no_lowborn_leaders
nobles_estate_agenda_impact
nobles_estate_allowed_in_cabinet
nobles_estate_allowed_leading_military
nobles_estate_allowed_to_build_roads
nobles_estate_blocked_from_cabinet
nobles_estate_blocked_from_leading_military
nobles_estate_blocked_from_parliament
nobles_estate_can_participate_in_parliament
nobles_estate_cannot_marry
nobles_estate_levy_size
nobles_estate_max_tax
nobles_estate_min_tax
nobles_estate_satisfaction_decay
nobles_estate_satisfaction_recovery
nobles_estate_target_satisfaction
non_rural_migration_attraction
num_of_banner_cavalry
num_of_varangian_units
num_possible_artists
num_possible_rivals
number_of_allowed_avatars
number_of_allowed_religious_figures
number_of_satellite_trade_buildings
occupation_time
offer_diplomatic_protection_price_cost_modifier
organization_parliament_duration_modifier
organize_spiritual_retreat_cost_modifier
orthodox_monastery_building_cost_modifier
orthodox_synod_cost_modifier
overlord_blocked_from_building_buildings
overlord_blocked_from_building_rgos
overlord_blocked_from_building_roads
overlord_blocked_from_building_ships
overlord_blocked_from_recruiting_regiments
own_coast_naval_combat_bonus
owner_gets_vision_when_occupied
p_building_age_1_traditions_cost_modifier
p_building_age_2_renaissance_cost_modifier
p_building_age_3_discovery_cost_modifier
p_building_age_4_reformation_cost_modifier
p_building_age_5_absolutism_cost_modifier
p_building_age_6_revolutions_cost_modifier
p_expensive_building_age_1_traditions_cost_modifier
p_expensive_building_age_2_renaissance_cost_modifier
p_expensive_building_age_3_discovery_cost_modifier
p_expensive_building_age_4_reformation_cost_modifier
p_expensive_building_age_5_absolutism_cost_modifier
p_expensive_building_age_6_revolutions_cost_modifier
papacy_blocked
papal_authority_modifier
papal_relations
pardon_price_cost_modifier
parliament_abolished
parliament_base_support
parliament_duration_modifier
parliament_request_issue_support_needed
payment_to_overlord_modifier
peace_offer_fairness
peace_offer_negotiation_power
peasants_allowed_weapons
peasants_estate_agenda_impact
peasants_estate_allowed_in_cabinet
peasants_estate_allowed_leading_military
peasants_estate_allowed_to_build_roads
peasants_estate_blocked_from_cabinet
peasants_estate_blocked_from_leading_military
peasants_estate_blocked_from_parliament
peasants_estate_can_participate_in_parliament
peasants_estate_cannot_marry
peasants_estate_levy_size
peasants_estate_max_tax
peasants_estate_min_tax
peasants_estate_satisfaction_decay
peasants_estate_satisfaction_recovery
peasants_estate_target_satisfaction
peasants_war_actions_price_cost_modifier
perform_tantric_ritual_cost_modifier
perform_yoga_cost_modifier
periphora_cost_modifier
permanent_parliament_location
pilgrimage_jain_cost_modifier
pilgrimage_piety_cost_modifier
pilgrimage_purity_cost_modifier
pilgrimage_yanantin_cost_modifier
plan_italian_campaign_wars_price_cost_modifier
policy_vote_cost_modifier
policy_vote_delay
policy_vote_required_vote_ratio
pop_countries_opinions
pop_join_rebel_threshold
pop_leave_rebels_threshold
port_cost_distance_from_capital
possible_frontage_modifier
power_projection
prestige_decay
prestige_from_land_battle
prestige_from_naval_battle
prevented_from_being_heir
prevented_from_changing_court_language_by_overlord
primas_germaniae_agenda_impact
primas_germaniae_can_participate_in_parliament
privateer_durability
privateer_maintenance_cost_modifier
proclaim_decree_cost_modifier
procure_remedies_cost_modifier
promote_institution_chance
promote_sect_cost_modifier
propagating_zone_of_control
propose_curia_action_cost_modifier
province_integration_speed
rank_duchy_upgrade_cost_modifier
rank_empire_upgrade_cost_modifier
rank_kingdom_upgrade_cost_modifier
ransom_units_cost_modifier
raw_material_in_province_impact
reach_compromise_with_huguenots_price_cost_modifier
reasons_to_elect
reasons_to_vote
rebel_monthly_progress
recruit_conquistador_cost_modifier
recruit_explorer_cost_modifier
reduce_rebels_from_ikko_ikki_cost_modifier
regiment_recruit_speed
regiment_reinforcement_speed
reject_subjugation_reasons
religious_icon_power_modifier
religious_offering_cost_modifier
religious_turmoil_actions_price_cost_modifier
religious_unity_importance_modifier
relocate_ecumenical_patriarchate_cost_modifier
relocate_market_cost_modifier
remove_accepted_culture_cost_modifier
remove_government_reform_cost_modifier
remove_location_from_international_organization_cost_modifier
remove_lutheran_preacher_cost_modifier
remove_panaqa_early_cost_modifier
remove_religious_aspect_christian_cost_modifier
remove_religious_aspect_inti_cost_modifier
remove_tolerated_culture_cost_modifier
replace_cabinet_member_cost_modifier
replace_rival_cost_modifier
request_aid_price_cost_modifier
reroll_avatar_cost_modifier
research_speed
research_speed_modifier
reshape_bureaucracy_cost_modifier
restrict_peranakan_trading_rights_price_cost_modifier
retreat_delay
revoke_privilege_cost_modifier
revoke_privileges_importance_modifier
revoke_privileges_stability_tolerance
revoke_shugo_office_cost_modifier
revolution_actions_price_cost_modifier
road_building_blocked
road_cost_on_distance_from_capital
rot_reform_into_monarchy_price_cost_modifier
rot_select_core_region_price_cost_modifier
rto_press_claims_price_cost_modifier
rtr_appease_the_court_price_cost_modifier
rtr_grant_titles_price_cost_modifier
rtr_negotiate_with_rebels_price_cost_modifier
rtr_rein_in_area_price_cost_modifier
ruler_must_be_commander_during_war
ruler_name_in_court_language
rural_disease_resistance
rural_migration_attraction
rural_settlement_downgrade_cost_modifier
rural_settlement_upgrade_cost_modifier
sacrifice_noble_blood_cost_modifier
sailors_to_building_owner
scaled_gold_to_building_owner
scaled_gold_to_building_owner_overlord
scaled_lost_war_cost_modifier
sea_cost_on_distance_from_capital
sea_cost_on_distance_from_capital_when_maritime
seek_alliance_with_overlord_rival_cost_modifier
seek_relations_with_the_byzantines_price_cost_modifier
segregate_the_infected_cost_modifier
select_expensive_child_education_cost_modifier
sell_icon_cost_modifier
send_diplomat_cost_modifier
send_gift_cost_modifier
sengoku_ask_for_hostage_cost_modifier
sengoku_attempt_imperial_restoration_cost_modifier
sengoku_force_end_war_cost_modifier
sengoku_increment_recruitment_cost_modifier
sengoku_limit_clans_autonomy_cost_modifier
sengoku_offer_hostage_cost_modifier
sengoku_proclaim_clan_independence_cost_modifier
sengoku_prove_heritage_cost_modifier
sengoku_revoke_clans_land_cost_modifier
sengoku_summon_to_court_cost_modifier
senior_partner_agenda_impact
senior_partner_can_participate_in_parliament
set_cabine_action_cost_modifier
set_cabinet_member_cost_modifier
set_policy_cost_modifier
settle_country_cost_modifier
shameless_privateering_modifier
sheikh_ul_islam_modifier
ship_build_speed
ship_capture_chance
ship_repair_at_sea
ship_repair_at_sea_to_max_strength
shugo_daimyo_agenda_impact
shugo_daimyo_can_participate_in_parliament
siege_ability
skill_of_new_artists
slave_market_max_level
slave_raid_efficiency
slavery_blocked
small_estate_building_cost_modifier
societal_value_importance_modifier
sow_discontent_monthly_cost_cost_modifier
sponsor_sin_forgiveness_cost_modifier
spy_network_construction
stability_cost
stability_decay
stability_importance_modifier
stability_investment
start_exploration_land_cost_modifier
start_exploration_sea_cost_modifier
stop_blame_the_minorities_cost_modifier
stop_disfavoring_sect_cost_modifier
stop_procure_remedies_cost_modifier
stop_promoting_sect_cost_modifier
stop_sponsor_sin_forgiveness_cost_modifier
strengthen_ministry_cost_modifier
strict_quarantines_cost_modifier
subject_income_modifier
subject_loyalty
subject_not_obligated_to_join_war
subject_opinions
subject_pays_colonial_cost_modifier
subject_pays_maha_samanta_cost_modifier
subject_pays_march_cost_modifier
subject_pays_pradhana_maha_samanta_cost_modifier
subject_pays_samanta_cost_modifier
subject_pays_trade_company_cost_modifier
subject_pays_tributary_cost_modifier
subject_pays_vassal_cost_modifier
subjugation_preference_modifier
succession_crisis_price_cost_modifier
supply_depot_capacity
supply_limit
take_on_debt_cost_modifier
target_of_military_sponsorships
tatar_overlord_agenda_impact
tatar_overlord_can_participate_in_parliament
tatar_tax_collector_agenda_impact
tatar_tax_collector_can_participate_in_parliament
tatar_yoke_contribution_price_cost_modifier
tatar_yoke_leader_payments_price_cost_modifier
tax_income_efficiency
third_rome_cost_modifier
tithe_cost_modifier
tithe_price_cost_modifier
tolerance_heathen
tolerance_heretic
tolerance_own
tordesillas_claim_area_price_cost_modifier
tordesillas_claim_conflicting_area_price_cost_modifier
tordesillas_demand_transfer_colony_cost_modifier
tordesillas_move_the_line_cost_modifier
tordesillas_push_to_settle_treaty_cost_modifier
tordesillas_revoke_claim_cost_modifier
tordesillas_swap_claim_cost_modifier
tordesillas_swap_sides_cost_modifier
tordesillas_upheld_treaty_relevance_cost_modifier
total_loan_capacity_modifier
total_population_capacity_modifier
town_upgrade_cost_modifier
trade_company_headquarters_level
trade_efficiency
trade_importance_modifier
trade_income
trade_isolation
trade_land_movement_cost_modifier
trade_range
trade_range_modifier
trade_sea_movement_cost_modifier
train_admiral_cost_modifier
train_general_cost_modifier
treasure_voyage_cargo_size_modifier
tribes_estate_agenda_impact
tribes_estate_allowed_in_cabinet
tribes_estate_allowed_leading_military
tribes_estate_allowed_to_build_roads
tribes_estate_blocked_from_cabinet
tribes_estate_blocked_from_leading_military
tribes_estate_blocked_from_parliament
tribes_estate_can_participate_in_parliament
tribes_estate_cannot_marry
tribes_estate_levy_size
tribes_estate_max_tax
tribes_estate_min_tax
tribes_estate_satisfaction_decay
tribes_estate_satisfaction_recovery
tribes_estate_target_satisfaction
tribute_payment_received_modifier
uc_bey_pays_cost_modifier
unemployed_slave_promotion
union_contribution_price_cost_modifier
union_integration_level
university_construction_blocked
unlock_align_societal_values_member
unlock_contribute_to_organization_treasury
unlock_force_convert_member
unlock_hire_artist_from_member
unlock_hire_cabinet_character_from_member
unlock_hire_military_leader_from_member
unlock_improve_relations_member
unlock_invest_in_members_administration
unlock_invest_in_members_economy
unlock_invest_in_members_military
uses_parliament_for_law_votes
violate_treaty_of_tordesillas_cost_modifier
war_breaking_truce_cost_modifier
war_breaking_truce_with_guarantor_cost_modifier
war_declaration_stab_hit_tolerance
war_declaration_war_exhaustion_tolerance
war_good_relations_cost_modifier
war_great_relations_cost_modifier
war_no_cb_cost_modifier
war_on_different_religion_cost_modifier
war_on_same_religion_cb_cost_modifier
war_on_same_religion_no_cb_cost_modifier
war_on_subject_cost_modifier
war_when_military_acces_cost_modifier
western_schism_gold_actions_price_cost_modifier
western_schism_ri_actions_price_cost_modifier
win_war_chance_threshold
work_of_art_quality_modifier
wotr_action_price_cost_modifier
wrong_culture_levy_size
years_to_annex_members
