active_religious_focus
add_estate_satisfaction_utility
add_static_modifier_utility
adjacent_to_owned_by
adjacent_to_owned_or_owned_by_subject
adm
age_in_days
age_in_years
age_preference
agenda_for_estate_type
agenda_for_special_status
ai_issue_voting_bias
ai_parliament_issue_resolution_vote_bias
ai_policy_resolution_propose_bias
ai_policy_resolution_vote_bias
ai_unlock_unit_score
ai_wants_convert
ai_will_do
all_false
allows_female_rulers
allows_male_rulers
always
always_loyal
annexation_cost
antagonism
any_accepted_culture
any_active_disaster
any_active_estate
any_active_resolution
any_adjacent_ports_to_area
any_allowed_estate_in_heir_selection
any_ancestor
any_area
any_area_in_region
any_area_with_core
any_area_with_owned_province
any_army
any_artist
any_attacker
any_avatar_for_god
any_besieging_unit
any_border_location
any_buildable_building_type
any_building_type
any_buildings_in_location
any_cabinet
any_cabinet_action
any_cabinet_character
any_cardinal_in_country
any_cardinal_in_religion
any_casus_belli_on_us
any_casus_belli_target
any_center
any_character
any_character_in_dynasty
any_character_supporting_rebel
any_child
any_close_relative
any_coast_border_location
any_colonial_charter
any_colonial_claim_province_definition
any_colonial_country
any_colonial_overlord
any_colonial_top_overlord
any_connected_location
any_construction_material_for_building_type
any_continent
any_controlled_location
any_core_in_location
any_core_location
any_country
any_country_annexing_us
any_country_at_war_with
any_country_in_culture
any_country_in_culture_group
any_country_in_diplomatic_range
any_country_in_dynasty
any_country_in_hierarchy
any_country_in_religion
any_country_in_religion_group
any_country_in_religious_school
any_country_lent_to
any_country_of_country_type
any_country_sub_unit
any_country_supporting_rebel
any_country_that_can_be_called_defensively
any_country_that_can_be_called_offensively
any_country_together_in_war_with
any_country_we_are_annexing
any_country_with_antagonism_against_us
any_country_with_capital_in_geography
any_country_with_cardinals
any_country_with_coalition_grade_antagonism_against_us
any_country_with_special_status_of_type
any_country_with_succession_law
any_culture
any_culture_group
any_culture_in_culture_group
any_culture_in_group
any_current_avatars
any_current_gods
any_current_law
any_current_law_in_international_organization
any_current_policy
any_current_policy_in_international_organization
any_current_reforms
any_current_war
any_defender
any_descendant
any_disloyal_subject
any_dynasty
any_east_of_province_definition
any_election_candidates
any_enemy
any_enemy_war_leader
any_estate
any_estate_privilege
any_estate_type_preferring
any_exploration_from_country
any_export
any_export_from_location
any_false
any_foreign_building_countries_in_location
any_foreign_buildings_in_location
any_fort_in_country
any_friendly_coast_border_location
any_friendly_country
any_friendly_or_high_opinion_country
any_friendly_to_friendly_country
any_friendly_to_hostile_country
any_god_in_religion
any_good_in_demand
any_goods
any_graphical_culture_in_culture
any_great_power
any_heathen_location
any_heretic_location
any_hired_mercenary
any_historical_enemy
any_historical_rival
any_holy_site_in_country
any_holy_site_in_religion
any_hostile_country
any_hostile_or_low_opinion_country
any_hostile_to_friendly_country
any_hostile_to_hostile_country
any_import
any_import_from_location
any_in_global_list
any_in_list
any_in_local_list
any_institutions_embraced
any_international_organization
any_international_organization_elector
any_international_organization_enemy
any_international_organization_member
any_international_organization_owned_location
any_international_organization_owner
any_international_organization_parliament_opposers
any_international_organization_parliament_supporter
any_international_organizations_member_of
any_international_organizations_target_of
any_invited_religious_figure
any_known_country
any_left_flank
any_lent_loan
any_loan
any_loan_lent_to_country
any_location_in_area
any_location_in_continent
any_location_in_market
any_location_in_province
any_location_in_province_definition
any_location_in_region
any_location_in_sub_continent
any_location_in_the_world
any_loyal_subject
any_maritime_area
any_market_center_in_country
any_market_in_world
any_market_present_in_country
any_market_with_merchants
any_mercenary
any_mercenary_sub_unit
any_merchant_in_market
any_navy
any_neighbor_area
any_neighbor_country
any_neighbor_location
any_neighbor_province_definition
any_nomad_countries_in_location
any_non_state_religion_location
any_other_core_country
any_other_country
any_other_great_power
any_other_religion_in_same_group
any_other_revolutionary
any_overlord_or_above
any_ownable_location
any_ownable_location_in_area
any_ownable_location_in_continent
any_ownable_location_in_province_definition
any_ownable_location_in_region
any_ownable_location_in_sub_continent
any_owned_building
any_owned_foreign_building
any_owned_foreign_building_location
any_owned_foreign_building_region
any_owned_location
any_owned_nomad_pop
any_owned_non_rural_location
any_owned_rural_location
any_owner_in_region
any_parent
any_participating_countries
any_participating_units
any_past_liturgical_dialect
any_policy_in_law
any_political_border_location
any_pop
any_pops_supporting_rebel
any_port_in_country
any_possible_disaster
any_possible_parliament_issue
any_possible_policy
any_possible_privilege
any_possible_recruit_location
any_present_country
any_present_culture_in_country
any_present_culture_in_location
any_present_overlord
any_present_religion_in_country
any_present_religion_in_location
any_primary_or_accepted_culture
any_primary_or_accepted_tolerated_culture
any_privateer
any_privateer_from_country
any_privateer_in_area
any_production_method
any_production_method_of_building
any_province
any_province_definition
any_province_definition_in_area
any_province_in_area
any_province_in_province_definition
any_rebel
any_region
any_region_in_continent
any_related_country
any_religion
any_religion_for_god
any_religion_in_religion_group
any_religion_international_organization
any_religious_aspect
any_religious_focus
any_rented_out_mercenary
any_required_goods
any_reserves
any_retreated
any_revolutionary
any_right_flank
any_rival
any_road_type
any_royal_marriage
any_ruler
any_ruling_countries
any_spouse
any_spy_network_built_in_us
any_sub_continent
any_sub_continent_in_continent
any_sub_unit
any_subject
any_subject_or_below
any_tolerated_culture
any_trade
any_union_partner
any_unit
any_unit_in_location
any_valid_religion_for_aspect
any_voter
any_war
any_war_participant
any_weather_system_in_location
any_west_of_province_definition
any_work_of_art
any_work_of_art_by_creator
any_work_of_art_in_country
any_work_of_art_in_location
area_average_control
area_average_integration
area_exploration_progress
army_maintenance
army_size
army_size_percentage
army_tradition
army_tradition_percentage
art_progress
art_quality
artist_skill
artist_type
at_war
available_merchant_capacity
average_control_in_home_region
average_country_literacy
average_location_literacy
average_satisfaction
average_special_status_power
besieger_strength
border_distance_to
building_category
building_efficiency
building_employed_amount
building_employment_size_amount
building_goods_input
building_index
building_level
building_levels_under_construction
building_manpower_produced
building_max_level
building_pop_type
building_potential_profit
building_produced_goods
building_profit
building_sailors_produced
building_type_is_obsolete
building_type_max_level
cabinet_action_type
calc_true_if
can_add_relation
can_annex_members
can_be_bribe
can_be_force_broken_in_peace_treaty
can_become_rank
can_build_building
can_build_unit_type
can_build_units_of_category
can_create_casus_belli_of_type_on
can_declare_no_cb_war_on
can_declare_war_on
can_do_generic_action
can_execute_prisoners
can_find_trade_route
can_form
can_hire_prisoners_as_mercenaries
can_initiate_policy_votes
can_join_as_attacker
can_join_as_defender
can_join_defensive_war_with
can_join_international_organization
can_join_offensive_war_with
can_lead_international_organization
can_leave_international_organization
can_make_subject_of
can_pay_price
can_raise_army_levies
can_raise_levies
can_raise_navy_levies
can_ransom_prisoners
can_research_advance
can_see_religious_aspect
can_see_situation
can_sell_prisoners_into_slavery
can_serve_in_cabinet_of
can_share_maps_with
can_start_tutorial_lesson
can_upgrade_subunit
can_upgrade_unit
can_use_agenda_bribe
can_vote_in_parliament
cancel_exploration_utility
cb_creation_progress_against
character_name
character_nickname
climate
colonial_charter_progress
colonial_charter_utility
colonial_charter_value
colonial_maintenance
colonial_range
combat_side_strength
combined_special_status_power
combined_unique_special_status_power
compare_value
conquer_desire
conquistador_utility
controls
country_art_quality
country_can_join_international_organization
country_combined_special_status_power
country_combined_special_status_power_fraction
country_economical_base
country_estate_loan_size
country_exists
country_has_been_member_for_years
country_has_disease
country_has_disease_outbreak
country_has_estate
country_has_special_status
country_highest_rated_special_status_power
country_interaction_acceptance
country_loan_capacity
country_rank_level
country_rank_level_on_date
country_strength
country_tax_base
country_total_army_levy_size
country_total_navy_levy_size
country_type
court_language_utility
court_maintenance
create_market_utility
cultural_influence
cultural_maintenance
cultural_tradition
cultural_unity
cultural_view
culture_group_percentage
culture_group_percentage_in_country
culture_group_population
culture_group_population_in_country
culture_opinion_impact
culture_percentage
culture_percentage_in_area
culture_percentage_in_country
culture_population
culture_population_in_country
currency_percentage_towards_limit
currency_utility
current_age
current_date
current_mission_task
current_month
current_ruler_term_years
current_tooltip_depth
current_year
days_since_disaster_end
days_since_disaster_start
days_since_situation_end
days_since_situation_start
debug_log_details
debug_only
defensive_alliance_strength
definition_is_for_levy
demands_goods
demands_goods_by_pops
dependency_length_days
destroy_market_utility
development
devotion
devotion_percentage
dip
diplomatic_capacity_of_new_relation
diplomatic_capacity_without_maintenance
diplomatic_maintenance
diplomatic_range
disaster_has_ended
disaster_is_active
discount_needed_for_law_change
disease_country_deaths
disease_has_stagnated
disease_is_active
disease_outbreak_country_deaths
disease_outbreak_is_active
disease_outbreak_presence
disease_outbreak_total_deaths
disease_presence
disease_resistance
disease_total_deaths
distance_to
distance_to_area
distance_to_squared
does_estate_want_other_policy
does_owner_want_to_give_away
doom
doom_percentage
dynastic_power
dynasty_exists
dynasty_name
education
effective_skill
eligible_for_cabinet
employment_percentage
employment_size
employment_system_desire
estate_gold
estate_loan_interest
estate_max_tax
estate_opinion
estate_satisfaction
estate_tax
estate_tax_rate
estate_taxable_income
estate_type_allowed_in_cabinet
estate_type_allowed_in_command
estate_type_allowed_in_parliament
exists
expected_army_size
expected_navy_size
experience_percentage
exploration_expected_cost
exploration_maintenance
exploration_monthly_cost
exploration_monthly_progress
exploration_needed_time
exploration_progress
exploration_time
exploration_utility
favors
fertility
food_consumption
food_percentage
food_price
food_production
food_value
forbids_sovereign_diplomacy
fort_maintenance
garrison_percentage
garrison_strength
get_antagonism
get_opinion
get_trust
gfx_culture_applicable
gives_fleet_basing_rights
gives_fleet_basing_rights_to
gives_food_access
gives_food_access_to
gives_isolation_exemption_to
gives_military_access_to
giving_scripted_relation
giving_scripted_relation_of_type
global_variable_list_size
gold
gold_percentage
goods
goods_category
goods_demand_in_market
goods_method
goods_output
goods_supply_in_market
government_power
government_power_percentage
great_power_ranking
great_power_score
had_disaster_for_years
harmony
harmony_percentage
has_accepted_culture
has_accessible_coastline
has_active_resolution
has_advance
has_advance_available
has_advance_for_employment_system
has_advance_for_succession_law
has_antagonism
has_any_active_disaster
has_any_convertable_pops
has_any_culture_group
has_any_disease_present
has_any_mission_active
has_any_possible_disaster
has_art_in_progress
has_assigned_explorer
has_autocephalous_patriarchates
has_available_marriage_slot
has_avatar
has_been_formed
has_been_influenced_by_parliament_agenda
has_blocked_treaties
has_breach
has_building
has_building_with_at_least_one_level
has_building_with_graphical_tag
has_building_with_graphical_tag_and_at_least_one_level
has_cabinet_action
has_cached_or_cast_vote_for
has_canonization
has_cardinals
has_casus_belli
has_casus_belli_of_type_on
has_casus_belli_on
has_character_modifier
has_child_education
has_child_education_selected
has_claim_on_province
has_colonial_charter
has_colonial_charter_in
has_colonial_charters
has_colonial_claim
has_combat
has_commander
has_completed_religious_focus
has_consort
has_cooldown
has_core
has_countries_with_antagonism
has_countries_with_coalition_grade_antagonism
has_countries_with_near_coalition_grade_antagonism
has_countries_with_timed_antagonism
has_country_modifier
has_culture_group
has_culture_with_tag
has_customer
has_diplomacy_with
has_discovered
has_discovered_area
has_dlc
has_doom
has_dynasty
has_earthquakes
has_elections
has_embraced_institution
has_employment_system
has_enabled_currency
has_estate
has_estate_privilege
has_exploration
has_exploration_construction
has_exports
has_extended_winter
has_fired_unique_event
has_fixed_liturgical_language
has_fort
has_game_rule
has_gifted_gold_to
has_global_variable
has_global_variable_list
has_graphical_culture
has_graphical_religion
has_heir
has_highest_rated_special_status_in_international_organization_of_type
has_historical_rival
has_historical_rivals
has_holy_sites
has_honor
has_imports
has_institution
has_insulted
has_international_organization_modifier
has_invited_religious_figure
has_karma
has_land_ownership_rule
has_latest_road_to
has_law
has_leader
has_levies
has_limited_diplomacy
has_loc_key
has_local_dlc
has_local_variable
has_local_variable_list
has_location
has_location_modifier
has_market_construction
has_markets
has_member
has_mercenaries
has_mercenary_modifier
has_merchant
has_merchant_power
has_migration
has_mission_task
has_multiple_players
has_mutual_scripted_relation
has_mutual_scripted_relation_of_type
has_newsletter_subscription
has_nickname
has_ongoing_parliament_debate
has_opinion
has_or_had_tag
has_overlords_ruler
has_owned_buildings
has_owner
has_parliament
has_participated_in_parliament
has_passable_land
has_patriarchs
has_periphora
has_policy
has_ports
has_positive_opinion
has_possible_institution_spawn
has_possible_nomad_targets
has_potential_royal_marriage
has_presence_in
has_primary_or_accepted_culture
has_primary_or_accepted_or_tolerated_culture
has_prisoners
has_privateers_from
has_province_modifier
has_purity
has_raised_army_levies
has_raised_levies
has_raised_navy_levies
has_rebel
has_reform
has_regent
has_regular_elections
has_regulars
has_religion_modifier
has_religious_aspect
has_religious_factions
has_religious_focuses
has_religious_head
has_religious_influence
has_religious_schools
has_river
has_road_constructions
has_road_of_type_to
has_road_to
has_royal_marriage_with
has_ruler
has_scripted_relation
has_scripted_relation_of_type
has_sects
has_shared_culture_group
has_siege
has_societal_value
has_sound_tolls
has_spawned
has_special_status_available
has_special_status_in_international_organization
has_support_from
has_tag
has_target_casus_belli_on_us
has_temporary_demand
has_temporary_demands
has_tolerated_culture
has_trade_treaty_with
has_trait
has_trait_category
has_truce_with
has_trust
has_unit
has_unit_modifier
has_unlocked_any_unit_of_category
has_variable
has_variable_list
has_volcano
has_voted
has_voted_for
has_voted_for_issue_in_parliament
has_yanantin
heathen_population_fraction
heir_candidates_count
heir_position
heir_score
heir_score_country
heir_score_home
hemisphere
heretic_population_fraction
hidden_trigger
higher_temporary_taxes_needed
hire_price
honor
honor_percentage
horde_unity
horde_unity_percentage
implementation_progress_percentage
in_assault
in_cabinet
in_civil_war
in_combat
in_marriage_union_with
in_retreat
in_siege
in_trade_range_of
in_union_with
in_war_of_casus_belli
in_zone_of_control
inflation
inflation_percentage
integration_level
integration_progress
international_organization_can_add_land
international_organization_can_own_land
international_organization_can_remove_land
international_organization_has_internal_peace
international_organization_has_law
international_organization_has_laws
international_organization_has_leader
international_organization_has_policy
international_organization_leader_count
international_organization_leader_reign
international_organization_leader_reign_in_days
international_organization_lifetime
international_organization_lifetime_in_days
international_organization_locations_owned_percentage
international_organization_num_locations
international_organization_population
intrinsic_disease_resistance
io_within_diplomatic_range
ironman
is_a_defender
is_accepted_in
is_active_parliament
is_adjacent_to_lake
is_admiral
is_admiral_of
is_adolescent
is_adult
is_ai
is_alert_shown
is_alert_triggered
is_alive
is_allowed_for
is_allowed_for_international_organization
is_already_merged
is_an_attacker
is_annexing
is_annexing_any_country
is_area_coastal_sea
is_area_fully_discovered
is_area_passable
is_area_sea
is_army
is_art_destroyed
is_artist
is_artist_of
is_at_max_level
is_at_war_with
is_auto_raise_taxrate_for_all_estates
is_available_for
is_available_for_international_organization
is_being_annexed
is_being_annexed_by
is_being_explored
is_bombard_phase
is_border
is_building_owned_by
is_burgher_positive_deficit
is_camera_in_zoom_level
is_capital
is_carrying_troops
is_child
is_child_of
is_city
is_civil_war_for
is_close_relative
is_coastal
is_colonial_overlord
is_colonial_subject
is_colonial_top_overlord
is_connected_to
is_consort
is_consort_of
is_core_of
is_courtier
is_creating_cb_against
is_creating_cb_of_type
is_crossing
is_currently_being_integrated
is_demanded_in_market
is_demanded_in_market_by_buildings
is_demanded_in_market_by_burgher_trades
is_demanded_in_market_by_constructions
is_demanded_in_market_by_pops
is_demanded_in_market_by_roads
is_demanded_in_market_by_trades
is_demanded_in_market_by_units
is_discovered_by
is_disloyal_subject
is_dominant_country_of
is_during_bankruptcy
is_dynastic_descendant_of
is_dynasty_head
is_east_of
is_elector_in_international_organization
is_eligible_heir
is_eligible_heir_baseline
is_eligible_military_leader
is_embargoed_by
is_embargoing
is_embraced_for
is_enemy_of
is_enemy_of_international_organization
is_exiled
is_explorer
is_explorer_of
is_export
is_export_banned
is_female
is_fighting_war_together_with
is_food
is_friendly_with
is_full_capacity
is_full_expanded_rgo
is_fully_implemented_in
is_gamestate_tutorial_active
is_general
is_general_of
is_great_power
is_hegemon
is_hegemon_type
is_heir
is_heir_of
is_historical_rival_of
is_holy_site_for
is_hostile_with
is_human
is_immortal
is_implementable_in
is_import_banned
is_in_any_same_international_organization
is_in_list
is_in_losing_war
is_in_same_international_organization
is_in_surplus_in_market
is_in_war
is_infant
is_integrating
is_international_organization_unique
is_known_by_country
is_labourer_positive_deficit
is_lacking_goods
is_land
is_latest_road_type_for
is_leader_of_international_organization
is_levy
is_linked_to_foreign_building
is_location_holy_site_for
is_locked
is_locked_for
is_locked_for_international_organization
is_looted
is_loyal
is_major_reform
is_map_mode_active
is_market_center
is_married
is_matrilineal_descendant_of
is_max_level
is_member_of_international_organization
is_member_of_international_organization_of_type
is_mercenary
is_mercenary_hired_by
is_mercenary_leader
is_mercenary_of
is_mercenary_owned_by
is_merged_culture_group
is_merged_culture_group_of
is_mining_rgo
is_movement_locked
is_moving
is_multiplayer_session
is_naval_combat
is_navy
is_neighbor_of
is_neighbor_of_international_organization
is_neighbor_of_location
is_neighbor_of_province_definition
is_no_cb
is_no_cb_war
is_not_profitable
is_on_opposite_sides
is_on_same_side
is_opened
is_overlord
is_overseas_for_owner
is_ownable
is_owned_by_any_international_organization
is_owned_by_international_organization
is_owned_or_owned_by_subjects_of
is_owned_or_owned_by_subjects_or_below_of
is_parent_of
is_passable
is_patrilineal_descendant_of
is_player_playstyle
is_port
is_pregnant
is_primary_in
is_primary_or_accepted_in
is_produced_by_production_method
is_produced_in_market
is_profitable
is_projected_to_run_out_of_food_stockpile
is_province_capital
is_real_country
is_rebel_country
is_regency_extended
is_regent
is_regent_of
is_regiment
is_relevant
is_religion_enabled
is_religious_aspect_enabled
is_religious_figure
is_required_for_formable
is_revolution_target
is_revolutionary
is_rival_of
is_river_crossing
is_ruler
is_ruler_of
is_saint
is_saint_of
is_same_gender
is_sea_landing
is_selectable_issue_for
is_set
is_ship
is_sibling_of
is_situation_active
is_spouse_of
is_starving
is_strait_crossing
is_subject
is_subject_of
is_subject_or_below_of
is_subject_type
is_subsidized
is_supported_by_character
is_supported_by_country
is_target_in_global_variable_list
is_target_in_local_variable_list
is_target_in_variable_list
is_target_of_international_organization_of_type
is_threat_to
is_tolerated_in
is_tooltip_with_name_open
is_trade_cb
is_traded_in_market
is_tutorial_active
is_tutorial_lesson_active
is_tutorial_lesson_chain_completed
is_tutorial_lesson_completed
is_tutorial_lesson_step_completed
is_unified_culture
is_unique_reform
is_unit_locked
is_upgradeable
is_upgraded_level
is_upper_class
is_used_by_production_method
is_valid_colonial_charter
is_valid_for_exploration
is_visible_for
is_visible_for_international_organization
is_war_leader_of
is_widgetid_open
join_organization_ai_desire
join_war_reason
karma
karma_percentage
knows_about_institution
knows_country
language_percentage_in_country
language_power
law_enabled_to_international_organization
law_is_locked_in_international_organization
law_visible_to_international_organization
leader_change_method
leader_change_trigger_type
leader_special_status_power
leader_special_status_power_fraction
leader_type
legitimacy
legitimacy_percentage
liberty_desire
list_size
liturgical_language_utility
loan_amount
loan_interest
local_control
local_cultural_unity
local_political_power_fraction
local_religious_unity
local_variable_list_size
location_art_quality
location_building_level
location_can_be_added_to_international_organization
location_can_be_removed_from_international_organization
location_counter
location_key
location_maritime_merchant_power
location_maritime_presence_power
location_max_population
location_max_winter_level
location_num_holy_sites
location_num_works_of_art
location_peace_cost
location_population_percentage
location_privateer_power
location_progress_for_formable
location_size
location_tax_base
location_unemployed_population_for_building_type
location_within_range
location_works_of_art_star_rating
long_term_trigger_currency_utility
lowest_prosperity
lowest_war_score
manpower
manpower_percentage
market_access
market_food
market_food_deficit
market_food_percentage
market_food_traded
market_max_food
market_monthly_food_balance
market_population
market_possible_goods_trade_surplus
max_control
max_countries_with_special_status
max_garrison_strength
max_manpower
max_possible_candidates
max_religious_aspects
max_rgo_workers
max_sailors
max_sects
mercenary_has_owner
merchant_capacity
merchant_power_in_market
migration_attraction
mil
military_strength
military_tech_level
mission_completed
mission_task_bypassed
mission_task_completed
modifier_utility
modifier_utility_include_locations
monthly_balance
monthly_conversion
monthly_cost
monthly_income_total
monthly_income_trade_and_tax
monthly_manpower
monthly_sailors
monthly_trade_income
months_between_leader_changes
months_left
months_since_last_parliament_called
months_since_peace
months_since_war
morale_percentage
naval_range
navy_maintenance
navy_size
navy_size_percentage
navy_tradition
navy_tradition_percentage
need_reforms
needs_opinion_with
num_adult_capable_characters
num_affected_locations
num_army_constructions
num_artists
num_avatars
num_buildings
num_cardinals
num_characters
num_civil_constructions
num_colonial_charters
num_countries_in_religion
num_countries_with_special_status
num_embraced_institutions
num_explorations
num_foreign_buildings
num_forts
num_known_institutions
num_loans
num_locations
num_locations_owned_or_owned_by_subjects
num_locations_owned_or_owned_by_subjects_or_below
num_navy_constructions
num_of_active_parliament_agendas
num_of_advances_researched
num_of_children
num_of_diplomats
num_of_electors
num_of_locations_owned_by_io
num_of_markets_with_merchants
num_of_non_rural
num_of_non_rural_ports
num_of_ports
num_of_rebel_characters
num_of_rebel_supporters
num_of_religious_aspects
num_of_spouses
num_of_trades
num_of_traits
num_of_traits_of_category
num_open_reform_slots
num_possible_privileges
num_possible_rivals
num_privileges
num_province_definitions_in_area
num_provinces
num_rebels
num_reforms
num_regiments
num_relations_above_limit
num_rivals
num_roads
num_subjects
num_subunits
num_union_countries
num_unions
num_works_of_art
offensive_alliance_strength
only_allowed_overlord_court_language
only_allowed_overlord_primary_culture
only_allowed_overlord_primary_or_kindred_culture
opinion
opinion_difference_between
organization_strength_relative_to_country
overlord_can_build_markets
overlord_can_destroy_markets
overlord_can_enforce_peace_on_subject
own_entire_area
own_entire_province
owns
owns_any_foreign_buildings_in
owns_or_non_sovereign_subject_owns
parliament_issue_chance
parliament_issue_support
parliament_issue_will_pass
parliament_type_enabled_in_international_organization
parliament_type_is_enabled_in
parliament_type_is_locked_in
parliament_type_is_locked_in_international_organization
parliament_type_utility
parliament_type_visible_in
parliament_type_visible_in_international_organization
payment_contribution
payment_maintenance
player_proficiency
player_proficiency_greater
player_proficiency_greater_eq
player_proficiency_less
player_proficiency_less_eq
policy_enabled_to_international_organization
policy_has_ai_propose_value
policy_is_locked_in_international_organization
policy_visible_to_international_organization
pop_character_chance
pop_knows_about_goods
pop_literacy
pop_satisfaction
pop_size
pop_type_percentage_in_country
pop_type_population_in_country
population
population_in_area
population_with_traits
possible_military_leaders
power
power_projection
prestige
prestige_percentage
prev_antagonism_towards_this
prev_opinion_of_this
prev_trust_of_this
price_in_market
prisoner_strength
privateer_power
privateer_utility
production_method_profit
proper_culture_nobles
prosperity
province_army_levy_size
province_average_control
province_average_development
province_average_integration
province_cabinet_action
province_cultural_unity
province_food
province_food_percentage
province_max_food
province_monthly_food_production
province_navy_levy_size
province_possible_institutions
province_prosperity
province_rebel_progress
province_religious_unity
province_satisfaction
province_tax_base
proximity
purity
purity_percentage
random_integer
rank_index
raw_material_amount
raw_material_occurrence
raw_material_output
rebel_category
rebel_estate_type
rebel_last_months_progress
rebel_locations
rebel_name_key
rebel_progress
rebel_size
receives_fleet_basing_rights_from
receives_food_access_from
receives_isolation_exemption_from
receives_military_access_from
receiving_scripted_relation
receiving_scripted_relation_of_type
reform_desire
regular_army_size
relative_military_strength
relative_raw_material_price
relative_strength
release_only
relevant_countries
religion_group_percentage
religion_group_percentage_in_country
religion_group_population
religion_percentage
religion_percentage_in_country
religion_population
religion_population_in_country
religious_figure_type
religious_influence
religious_influence_percentage
religious_unity
religious_view
relocate_market_utility
remaining_debt
remaining_parliament_days
remove_static_modifier_utility
republican_tradition
republican_tradition_percentage
requires_goods
requires_vote
research_progress
resolution_is_active
resolution_opinion
reverse_country_interaction_acceptance
reverse_cultural_view
reverse_religious_view
reverse_school_opinion
rgo_workers
righteousness
righteousness_percentage
rite_power
rite_power_percentage
ruled_country_on_or_after
ruler_reign
ruler_reign_in_days
ruler_term_start_date
sailors
sailors_percentage
satisfaction
school_opinion
scope_type
self_control
self_control_percentage
short_term_trigger_currency_utility
situation_has_ended
situation_is_active
slider_minting_value
societal_value_cabinet_action
societal_value_progress
special_status_can_be_bestowed
special_status_power
special_status_power_fraction
spy_network
stability
stability_percentage
state_religion_clergy
strength_percentage
sub_unit_type
subject_can_be_annexed
subject_can_be_created_by
subject_level
subject_loyalty
subjects_relative_power
subunit_morale
subunit_morale_percentage
subunit_number
subunit_strength
subunit_strength_percentage
supports_rebel
tag
tag_exists
target_satisfaction
this_antagonism_towards_prev
this_opinion_of_prev
this_trust_of_prev
threat_level_to
time_of_year
tithe
topography
total_abilities
total_accepted_culture_population
total_building_levels
total_cardinals
total_control_scaled_population
total_debt
total_development
total_dynastic_power
total_effective_goods_production_buildings
total_enemies
total_goods_traded
total_goods_value_traded
total_heathen_population
total_heretic_population
total_locations_owned
total_members
total_merchant_capacity
total_merchant_power
total_not_tolerated_culture_population
total_payment_contribution
total_population
total_population_in_international_organization
total_population_in_international_organization_percentage
total_primary_culture_population
total_special_status_power
total_special_status_power_fraction
total_tolerated_culture_population
total_true_faith_population
total_unique_special_status_power
trade_buy
trade_capacity_usage_percent
trade_profit
trade_sell
trade_volume
tribal_cohesion
tribal_cohesion_percentage
trust
union_length_days
unique_international_organization_type_exists
unit_has_leader
unit_strength
upkeep_maintenance
used_cultures_capacity
used_diplomatic_capacity
used_merchant_capacity
uses_government_power
valid_estate_for_heir_selection
variable_list_size
vegetation
vote_impact_in_resolution
vote_is_locked
vote_percentage_impact_in_resolution
vote_type
votes_for_resolution
wants_casus_belli_with
wants_military_access_in
wants_opinion_with
wants_to_give_away_any_province
wants_to_subjugate
war_enthusiasm
war_exhaustion
war_exhaustion_percentage
war_length
war_length_in_years
war_score_in_war
war_score_of_country
war_score_versus
war_stalling_length
war_stalling_length_in_years
weighted_calc_true_if
winter_level
winter_power
within_colonial_range_of
within_diplomatic_range
within_naval_range_of
world_art_quality
world_culture_group_percentage
world_culture_group_population
world_culture_percentage
world_culture_population
world_religion_group_percentage
world_religion_group_population
world_religion_percentage
world_religion_population
yanantin
yanantin_percentage
yearly_gold
yearly_manpower
yearly_sailors
yearly_salary
years_active
years_in_international_organization
years_since_disaster_end
years_since_disaster_start
years_since_situation_end
years_since_situation_start
